#
# A fatal error has been detected by the Java Runtime Environment:
#
#  EXCEPTION_ACCESS_VIOLATION (0xc0000005) at pc=0x00007ff80195c64d, pid=6660, tid=33276
#
# JRE version: OpenJDK Runtime Environment Corretto-17.0.8.8.1 (17.0.8.1+8) (build 17.0.8.1+8-LTS)
# Java VM: OpenJDK 64-Bit Server VM Corretto-17.0.8.8.1 (17.0.8.1+8-LTS, mixed mode, sharing, tiered, compressed oops, compressed class ptrs, g1 gc, windows-amd64)
# Problematic frame:
# C  [lwjgl_opengl.dll+0xc64d]
#
# No core dump will be written. Minidumps are not enabled by default on client versions of Windows
#
# If you would like to submit a bug report, please visit:
#   https://github.com/corretto/corretto-17/issues/
# The crash happened outside the Java Virtual Machine in native code.
# See problematic frame for where to report the bug.
#

---------------  S U M M A R Y ------------

Command Line: -javaagent:E:\IntelliJ IDEA 2023.2\lib\idea_rt.jar=51338:E:\IntelliJ IDEA 2023.2\bin -Dfile.encoding=UTF-8 ShadowDance

Host: 12th Gen Intel(R) Core(TM) i7-12700KF, 20 cores, 31G,  Windows 11 , 64 bit Build 22621 (10.0.22621.2215)
Time: Mon Sep 18 06:33:59 2023  Windows 11 , 64 bit Build 22621 (10.0.22621.2215) elapsed time: 0.293036 seconds (0d 0h 0m 0s)

---------------  T H R E A D  ---------------

Current thread (0x000002c8929ad2e0):  JavaThread "main" [_thread_in_native, id=33276, stack(0x000000d5ee300000,0x000000d5ee400000)]

Stack: [0x000000d5ee300000,0x000000d5ee400000],  sp=0x000000d5ee3fee68,  free space=1019k
Native frames: (J=compiled Java code, j=interpreted, Vv=VM code, C=native code)
C  [lwjgl_opengl.dll+0xc64d]

Java frames: (J=compiled Java code, j=interpreted, Vv=VM code)
j  org.lwjgl.opengl.GL11C.nglGenTextures(IJ)V+0
j  org.lwjgl.opengl.GL11C.glGenTextures()I+20
j  org.lwjgl.opengl.GL11.glGenTextures()I+0
j  bagel.Texture.<init>(IILjava/nio/ByteBuffer;)V+21
j  bagel.InternalFont.<init>(Ljava/lang/String;I)V+231
j  bagel.TextureManager.getFont(Ljava/lang/String;I)Lbagel/InternalFont;+41
j  bagel.Font.<init>(Ljava/lang/String;I)V+7
j  ShadowDance.<clinit>()V+8
v  ~StubRoutines::call_stub

siginfo: EXCEPTION_ACCESS_VIOLATION (0xc0000005), reading address 0x00000000000002d8


Register to memory mapping:

RIP=0x00007ff80195c64d lwjgl_opengl.dll
RAX=0x000002c8c05ca3d0 points into unknown readable memory: 0x0000000000000000 | 00 00 00 00 00 00 00 00
RBX={method} {0x000002c90253b258} 'nglGenTextures' '(IJ)V' in 'org/lwjgl/opengl/GL11C'
RCX=0x0000000000000001 is an unknown value
RDX=0x000002c8c05fb7fc points into unknown readable memory: 00 00 00 00
RSP=0x000000d5ee3fee68 is pointing into the stack for thread: 0x000002c8929ad2e0
RBP=0x000000d5ee3feef8 is pointing into the stack for thread: 0x000002c8929ad2e0
RSI=0x000002c90214ceb0 is pointing into metadata
RDI=0x000002c8a19095cd is at code_begin+1325 in an Interpreter codelet
return entry points  [0x000002c8a19090a0, 0x000002c8a1909ba0]  2816 bytes
R8 =0x0000000000000001 is an unknown value
R9 =0x000002c8c05fb7fc points into unknown readable memory: 00 00 00 00
R10=0x0 is NULL
R11=0x0000000622015190 is an oop: java.lang.Class 
{0x0000000622015190} - klass: 'java/lang/Class'
 - ---- fields (total size 116 words):
 - private volatile transient 'classRedefinedCount' 'I' @12  0
 - private volatile transient 'cachedConstructor' 'Ljava/lang/reflect/Constructor;' @40  NULL (0)
 - private transient 'name' 'Ljava/lang/String;' @44  "org.lwjgl.opengl.GL11C"{0x0000000622015540} (c4402aa8)
 - private transient 'module' 'Ljava/lang/Module;' @48  a 'java/lang/Module'{0x00000006228fe7a0} (c451fcf4)
 - private final 'classLoader' 'Ljava/lang/ClassLoader;' @52  a 'jdk/internal/loader/ClassLoaders$AppClassLoader'{0x00000006228fe5e0} (c451fcbc)
 - private transient 'classData' 'Ljava/lang/Object;' @56  NULL (0)
 - private transient 'packageName' 'Ljava/lang/String;' @60  "org.lwjgl.opengl"{0x000000062276a280} (c44ed450)
 - private final 'componentType' 'Ljava/lang/Class;' @64  NULL (0)
 - private volatile transient 'reflectionData' 'Ljava/lang/ref/SoftReference;' @68  NULL (0)
 - private volatile transient 'genericInfo' 'Lsun/reflect/generics/repository/ClassRepository;' @72  NULL (0)
 - private volatile transient 'enumConstants' '[Ljava/lang/Object;' @76  NULL (0)
 - private volatile transient 'enumConstantDirectory' 'Ljava/util/Map;' @80  NULL (0)
 - private volatile transient 'annotationData' 'Ljava/lang/Class$AnnotationData;' @84  NULL (0)
 - private volatile transient 'annotationType' 'Lsun/reflect/annotation/AnnotationType;' @88  NULL (0)
 - transient 'classValueMap' 'Ljava/lang/ClassValue$ClassValueMap;' @92  NULL (0)
 - signature: Lorg/lwjgl/opengl/GL11C;
 - fake entry for mirror: 'org/lwjgl/opengl/GL11C'
 - fake entry for array: NULL
 - fake entry for oop_size: 116
 - fake entry for static_oop_field_count: 0
 - public static final 'GL_NEVER' 'I' @112  512 (200)
 - public static final 'GL_LESS' 'I' @116  513 (201)
 - public static final 'GL_EQUAL' 'I' @120  514 (202)
 - public static final 'GL_LEQUAL' 'I' @124  515 (203)
 - public static final 'GL_GREATER' 'I' @128  516 (204)
 - public static final 'GL_NOTEQUAL' 'I' @132  517 (205)
 - public static final 'GL_GEQUAL' 'I' @136  518 (206)
 - public static final 'GL_ALWAYS' 'I' @140  519 (207)
 - public static final 'GL_DEPTH_BUFFER_BIT' 'I' @144  256 (100)
 - public static final 'GL_STENCIL_BUFFER_BIT' 'I' @148  1024 (400)
 - public static final 'GL_COLOR_BUFFER_BIT' 'I' @152  16384 (4000)
 - public static final 'GL_POINTS' 'I' @156  0
 - public static final 'GL_LINES' 'I' @160  1
 - public static final 'GL_LINE_LOOP' 'I' @164  2
 - public static final 'GL_LINE_STRIP' 'I' @168  3
 - public static final 'GL_TRIANGLES' 'I' @172  4
 - public static final 'GL_TRIANGLE_STRIP' 'I' @176  5
 - public static final 'GL_TRIANGLE_FAN' 'I' @180  6
 - public static final 'GL_QUADS' 'I' @184  7
 - public static final 'GL_ZERO' 'I' @188  0
 - public static final 'GL_ONE' 'I' @192  1
 - public static final 'GL_SRC_COLOR' 'I' @196  768 (300)
 - public static final 'GL_ONE_MINUS_SRC_COLOR' 'I' @200  769 (301)
 - public static final 'GL_SRC_ALPHA' 'I' @204  770 (302)
 - public static final 'GL_ONE_MINUS_SRC_ALPHA' 'I' @208  771 (303)
 - public static final 'GL_DST_ALPHA' 'I' @212  772 (304)
 - public static final 'GL_ONE_MINUS_DST_ALPHA' 'I' @216  773 (305)
 - public static final 'GL_DST_COLOR' 'I' @220  774 (306)
 - public static final 'GL_ONE_MINUS_DST_COLOR' 'I' @224  775 (307)
 - public static final 'GL_SRC_ALPHA_SATURATE' 'I' @228  776 (308)
 - public static final 'GL_TRUE' 'I' @232  1
 - public static final 'GL_FALSE' 'I' @236  0
 - public static final 'GL_BYTE' 'I' @240  5120 (1400)
 - public static final 'GL_UNSIGNED_BYTE' 'I' @244  5121 (1401)
 - public static final 'GL_SHORT' 'I' @248  5122 (1402)
 - public static final 'GL_UNSIGNED_SHORT' 'I' @252  5123 (1403)
 - public static final 'GL_INT' 'I' @256  5124 (1404)
 - public static final 'GL_UNSIGNED_INT' 'I' @260  5125 (1405)
 - public static final 'GL_FLOAT' 'I' @264  5126 (1406)
 - public static final 'GL_DOUBLE' 'I' @268  5130 (140a)
 - public static final 'GL_NONE' 'I' @272  0
 - public static final 'GL_FRONT_LEFT' 'I' @276  1024 (400)
 - public static final 'GL_FRONT_RIGHT' 'I' @280  1025 (401)
 - public static final 'GL_BACK_LEFT' 'I' @284  1026 (402)
 - public static final 'GL_BACK_RIGHT' 'I' @288  1027 (403)
 - public static final 'GL_FRONT' 'I' @292  1028 (404)
 - public static final 'GL_BACK' 'I' @296  1029 (405)
 - public static final 'GL_LEFT' 'I' @300  1030 (406)
 - public static final 'GL_RIGHT' 'I' @304  1031 (407)
 - public static final 'GL_FRONT_AND_BACK' 'I' @308  1032 (408)
 - public static final 'GL_NO_ERROR' 'I' @312  0
 - public static final 'GL_INVALID_ENUM' 'I' @316  1280 (500)
 - public static final 'GL_INVALID_VALUE' 'I' @320  1281 (501)
 - public static final 'GL_INVALID_OPERATION' 'I' @324  1282 (502)
 - public static final 'GL_STACK_OVERFLOW' 'I' @328  1283 (503)
 - public static final 'GL_STACK_UNDERFLOW' 'I' @332  1284 (504)
 - public static final 'GL_OUT_OF_MEMORY' 'I' @336  1285 (505)
 - public static final 'GL_CW' 'I' @340  2304 (900)
 - public static final 'GL_CCW' 'I' @344  2305 (901)
 - public static final 'GL_POINT_SIZE' 'I' @348  2833 (b11)
 - public static final 'GL_POINT_SIZE_RANGE' 'I' @352  2834 (b12)
 - public static final 'GL_POINT_SIZE_GRANULARITY' 'I' @356  2835 (b13)
 - public static final 'GL_LINE_SMOOTH' 'I' @360  2848 (b20)
 - public static final 'GL_LINE_WIDTH' 'I' @364  2849 (b21)
 - public static final 'GL_LINE_WIDTH_RANGE' 'I' @368  2850 (b22)
 - public static final 'GL_LINE_WIDTH_GRANULARITY' 'I' @372  2851 (b23)
 - public static final 'GL_POLYGON_MODE' 'I' @376  2880 (b40)
 - public static final 'GL_POLYGON_SMOOTH' 'I' @380  2881 (b41)
 - public static final 'GL_CULL_FACE' 'I' @384  2884 (b44)
 - public static final 'GL_CULL_FACE_MODE' 'I' @388  2885 (b45)
 - public static final 'GL_FRONT_FACE' 'I' @392  2886 (b46)
 - public static final 'GL_DEPTH_RANGE' 'I' @396  2928 (b70)
 - public static final 'GL_DEPTH_TEST' 'I' @400  2929 (b71)
 - public static final 'GL_DEPTH_WRITEMASK' 'I' @404  2930 (b72)
 - public static final 'GL_DEPTH_CLEAR_VALUE' 'I' @408  2931 (b73)
 - public static final 'GL_DEPTH_FUNC' 'I' @412  2932 (b74)
 - public static final 'GL_STENCIL_TEST' 'I' @416  2960 (b90)
 - public static final 'GL_STENCIL_CLEAR_VALUE' 'I' @420  2961 (b91)
 - public static final 'GL_STENCIL_FUNC' 'I' @424  2962 (b92)
 - public static final 'GL_STENCIL_VALUE_MASK' 'I' @428  2963 (b93)
 - public static final 'GL_STENCIL_FAIL' 'I' @432  2964 (b94)
 - public static final 'GL_STENCIL_PASS_DEPTH_FAIL' 'I' @436  2965 (b95)
 - public static final 'GL_STENCIL_PASS_DEPTH_PASS' 'I' @440  2966 (b96)
 - public static final 'GL_STENCIL_REF' 'I' @444  2967 (b97)
 - public static final 'GL_STENCIL_WRITEMASK' 'I' @448  2968 (b98)
 - public static final 'GL_VIEWPORT' 'I' @452  2978 (ba2)
 - public static final 'GL_DITHER' 'I' @456  3024 (bd0)
 - public static final 'GL_BLEND_DST' 'I' @460  3040 (be0)
 - public static final 'GL_BLEND_SRC' 'I' @464  3041 (be1)
 - public static final 'GL_BLEND' 'I' @468  3042 (be2)
 - public static final 'GL_LOGIC_OP_MODE' 'I' @472  3056 (bf0)
 - public static final 'GL_COLOR_LOGIC_OP' 'I' @476  3058 (bf2)
 - public static final 'GL_DRAW_BUFFER' 'I' @480  3073 (c01)
 - public static final 'GL_READ_BUFFER' 'I' @484  3074 (c02)
 - public static final 'GL_SCISSOR_BOX' 'I' @488  3088 (c10)
 - public static final 'GL_SCISSOR_TEST' 'I' @492  3089 (c11)
 - public static final 'GL_COLOR_CLEAR_VALUE' 'I' @496  3106 (c22)
 - public static final 'GL_COLOR_WRITEMASK' 'I' @500  3107 (c23)
 - public static final 'GL_DOUBLEBUFFER' 'I' @504  3122 (c32)
 - public static final 'GL_STEREO' 'I' @508  3123 (c33)
 - public static final 'GL_LINE_SMOOTH_HINT' 'I' @512  3154 (c52)
 - public static final 'GL_POLYGON_SMOOTH_HINT' 'I' @516  3155 (c53)
 - public static final 'GL_UNPACK_SWAP_BYTES' 'I' @520  3312 (cf0)
 - public static final 'GL_UNPACK_LSB_FIRST' 'I' @524  3313 (cf1)
 - public static final 'GL_UNPACK_ROW_LENGTH' 'I' @528  3314 (cf2)
 - public static final 'GL_UNPACK_SKIP_ROWS' 'I' @532  3315 (cf3)
 - public static final 'GL_UNPACK_SKIP_PIXELS' 'I' @536  3316 (cf4)
 - public static final 'GL_UNPACK_ALIGNMENT' 'I' @540  3317 (cf5)
 - public static final 'GL_PACK_SWAP_BYTES' 'I' @544  3328 (d00)
 - public static final 'GL_PACK_LSB_FIRST' 'I' @548  3329 (d01)
 - public static final 'GL_PACK_ROW_LENGTH' 'I' @552  3330 (d02)
 - public static final 'GL_PACK_SKIP_ROWS' 'I' @556  3331 (d03)
 - public static final 'GL_PACK_SKIP_PIXELS' 'I' @560  3332 (d04)
 - public static final 'GL_PACK_ALIGNMENT' 'I' @564  3333 (d05)
 - public static final 'GL_MAX_TEXTURE_SIZE' 'I' @568  3379 (d33)
 - public static final 'GL_MAX_VIEWPORT_DIMS' 'I' @572  3386 (d3a)
 - public static final 'GL_SUBPIXEL_BITS' 'I' @576  3408 (d50)
 - public static final 'GL_TEXTURE_1D' 'I' @580  3552 (de0)
 - public static final 'GL_TEXTURE_2D' 'I' @584  3553 (de1)
 - public static final 'GL_TEXTURE_WIDTH' 'I' @588  4096 (1000)
 - public static final 'GL_TEXTURE_HEIGHT' 'I' @592  4097 (1001)
 - public static final 'GL_TEXTURE_INTERNAL_FORMAT' 'I' @596  4099 (1003)
 - public static final 'GL_TEXTURE_BORDER_COLOR' 'I' @600  4100 (1004)
 - public static final 'GL_DONT_CARE' 'I' @604  4352 (1100)
 - public static final 'GL_FASTEST' 'I' @608  4353 (1101)
 - public static final 'GL_NICEST' 'I' @612  4354 (1102)
 - public static final 'GL_CLEAR' 'I' @616  5376 (1500)
 - public static final 'GL_AND' 'I' @620  5377 (1501)
 - public static final 'GL_AND_REVERSE' 'I' @624  5378 (1502)
 - public static final 'GL_COPY' 'I' @628  5379 (1503)
 - public static final 'GL_AND_INVERTED' 'I' @632  5380 (1504)
 - public static final 'GL_NOOP' 'I' @636  5381 (1505)
 - public static final 'GL_XOR' 'I' @640  5382 (1506)
 - public static final 'GL_OR' 'I' @644  5383 (1507)
 - public static final 'GL_NOR' 'I' @648  5384 (1508)
 - public static final 'GL_EQUIV' 'I' @652  5385 (1509)
 - public static final 'GL_INVERT' 'I' @656  5386 (150a)
 - public static final 'GL_OR_REVERSE' 'I' @660  5387 (150b)
 - public static final 'GL_COPY_INVERTED' 'I' @664  5388 (150c)
 - public static final 'GL_OR_INVERTED' 'I' @668  5389 (150d)
 - public static final 'GL_NAND' 'I' @672  5390 (150e)
 - public static final 'GL_SET' 'I' @676  5391 (150f)
 - public static final 'GL_TEXTURE' 'I' @680  5890 (1702)
 - public static final 'GL_COLOR' 'I' @684  6144 (1800)
 - public static final 'GL_DEPTH' 'I' @688  6145 (1801)
 - public static final 'GL_STENCIL' 'I' @692  6146 (1802)
 - public static final 'GL_STENCIL_INDEX' 'I' @696  6401 (1901)
 - public static final 'GL_DEPTH_COMPONENT' 'I' @700  6402 (1902)
 - public static final 'GL_RED' 'I' @704  6403 (1903)
 - public static final 'GL_GREEN' 'I' @708  6404 (1904)
 - public static final 'GL_BLUE' 'I' @712  6405 (1905)
 - public static final 'GL_ALPHA' 'I' @716  6406 (1906)
 - public static final 'GL_RGB' 'I' @720  6407 (1907)
 - public static final 'GL_RGBA' 'I' @724  6408 (1908)
 - public static final 'GL_POINT' 'I' @728  6912 (1b00)
 - public static final 'GL_LINE' 'I' @732  6913 (1b01)
 - public static final 'GL_FILL' 'I' @736  6914 (1b02)
 - public static final 'GL_KEEP' 'I' @740  7680 (1e00)
 - public static final 'GL_REPLACE' 'I' @744  7681 (1e01)
 - public static final 'GL_INCR' 'I' @748  7682 (1e02)
 - public static final 'GL_DECR' 'I' @752  7683 (1e03)
 - public static final 'GL_VENDOR' 'I' @756  7936 (1f00)
 - public static final 'GL_RENDERER' 'I' @760  7937 (1f01)
 - public static final 'GL_VERSION' 'I' @764  7938 (1f02)
 - public static final 'GL_EXTENSIONS' 'I' @768  7939 (1f03)
 - public static final 'GL_NEAREST' 'I' @772  9728 (2600)
 - public static final 'GL_LINEAR' 'I' @776  9729 (2601)
 - public static final 'GL_NEAREST_MIPMAP_NEAREST' 'I' @780  9984 (2700)
 - public static final 'GL_LINEAR_MIPMAP_NEAREST' 'I' @784  9985 (2701)
 - public static final 'GL_NEAREST_MIPMAP_LINEAR' 'I' @788  9986 (2702)
 - public static final 'GL_LINEAR_MIPMAP_LINEAR' 'I' @792  9987 (2703)
 - public static final 'GL_TEXTURE_MAG_FILTER' 'I' @796  10240 (2800)
 - public static final 'GL_TEXTURE_MIN_FILTER' 'I' @800  10241 (2801)
 - public static final 'GL_TEXTURE_WRAP_S' 'I' @804  10242 (2802)
 - public static final 'GL_TEXTURE_WRAP_T' 'I' @808  10243 (2803)
 - public static final 'GL_REPEAT' 'I' @812  10497 (2901)
 - public static final 'GL_POLYGON_OFFSET_FACTOR' 'I' @816  32824 (8038)
 - public static final 'GL_POLYGON_OFFSET_UNITS' 'I' @820  10752 (2a00)
 - public static final 'GL_POLYGON_OFFSET_POINT' 'I' @824  10753 (2a01)
 - public static final 'GL_POLYGON_OFFSET_LINE' 'I' @828  10754 (2a02)
 - public static final 'GL_POLYGON_OFFSET_FILL' 'I' @832  32823 (8037)
 - public static final 'GL_R3_G3_B2' 'I' @836  10768 (2a10)
 - public static final 'GL_RGB4' 'I' @840  32847 (804f)
 - public static final 'GL_RGB5' 'I' @844  32848 (8050)
 - public static final 'GL_RGB8' 'I' @848  32849 (8051)
 - public static final 'GL_RGB10' 'I' @852  32850 (8052)
 - public static final 'GL_RGB12' 'I' @856  32851 (8053)
 - public static final 'GL_RGB16' 'I' @860  32852 (8054)
 - public static final 'GL_RGBA2' 'I' @864  32853 (8055)
 - public static final 'GL_RGBA4' 'I' @868  32854 (8056)
 - public static final 'GL_RGB5_A1' 'I' @872  32855 (8057)
 - public static final 'GL_RGBA8' 'I' @876  32856 (8058)
 - public static final 'GL_RGB10_A2' 'I' @880  32857 (8059)
 - public static final 'GL_RGBA12' 'I' @884  32858 (805a)
 - public static final 'GL_RGBA16' 'I' @888  32859 (805b)
 - public static final 'GL_TEXTURE_RED_SIZE' 'I' @892  32860 (805c)
 - public static final 'GL_TEXTURE_GREEN_SIZE' 'I' @896  32861 (805d)
 - public static final 'GL_TEXTURE_BLUE_SIZE' 'I' @900  32862 (805e)
 - public static final 'GL_TEXTURE_ALPHA_SIZE' 'I' @904  32863 (805f)
 - public static final 'GL_PROXY_TEXTURE_1D' 'I' @908  32867 (8063)
 - public static final 'GL_PROXY_TEXTURE_2D' 'I' @912  32868 (8064)
 - public static final 'GL_TEXTURE_BINDING_1D' 'I' @916  32872 (8068)
 - public static final 'GL_TEXTURE_BINDING_2D' 'I' @920  32873 (8069)
 - public static final 'GL_VERTEX_ARRAY' 'I' @924  32884 (8074)
R12=0x0 is NULL
R13={method} {0x000002c90253b258} 'nglGenTextures' '(IJ)V' in 'org/lwjgl/opengl/GL11C'
R14=0x000000d5ee3fef28 is pointing into the stack for thread: 0x000002c8929ad2e0
R15=0x000002c8929ad2e0 is a thread


Registers:
RAX=0x000002c8c05ca3d0, RBX=0x000002c90253b250, RCX=0x0000000000000001, RDX=0x000002c8c05fb7fc
RSP=0x000000d5ee3fee68, RBP=0x000000d5ee3feef8, RSI=0x000002c90214ceb0, RDI=0x000002c8a19095cd
R8 =0x0000000000000001, R9 =0x000002c8c05fb7fc, R10=0x0000000000000000, R11=0x0000000622015190
R12=0x0000000000000000, R13=0x000002c90253b250, R14=0x000000d5ee3fef28, R15=0x000002c8929ad2e0
RIP=0x00007ff80195c64d, EFLAGS=0x0000000000010287

Top of Stack: (sp=0x000000d5ee3fee68)
0x000000d5ee3fee68:   000002c8a190d621 000002c8a19095cd
0x000000d5ee3fee78:   000002c8a190d33c 000002c90253b250
0x000000d5ee3fee88:   000002c90214ceb0 000000d5ee3feea8
0x000000d5ee3fee98:   000000d5ee3fef10 000002c8a19095cd
0x000000d5ee3feea8:   000002c8a190d2f6 000000d5ee3feeb0
0x000000d5ee3feeb8:   000002c90253b250 000000d5ee3fef28
0x000000d5ee3feec8:   000002c9025435b0 0000000000000000
0x000000d5ee3feed8:   0000000622015190 000002c90253b250
0x000000d5ee3feee8:   0000000000000000 000000d5ee3fef18
0x000000d5ee3feef8:   000000d5ee3fef78 000002c8a19094fe
0x000000d5ee3fef08:   0000000622015190 000002c8a190af78
0x000000d5ee3fef18:   000002c8c05fb7fc 0000000000000000
0x000000d5ee3fef28:   0000000000000001 000000d5ee3fef30
0x000000d5ee3fef38:   000002c90253b3c4 000000d5ee3fefa8
0x000000d5ee3fef48:   000002c9025435b0 0000000000000000
0x000000d5ee3fef58:   0000000622015190 000002c90253b430 

Instructions: (pc=0x00007ff80195c64d)
0x00007ff80195c54d:   cc cc cc 48 8b 01 41 0f b6 c8 48 8b 50 18 48 ff
0x00007ff80195c55d:   a2 d0 01 00 00 cc cc cc cc cc cc cc cc cc cc cc
0x00007ff80195c56d:   cc cc cc 48 8b 01 0f 28 cb 0f 28 c2 48 8b 48 18
0x00007ff80195c57d:   48 ff a1 d8 01 00 00 cc cc cc cc cc cc cc cc cc
0x00007ff80195c58d:   cc cc cc 48 8b 01 45 8b d8 44 8b 44 24 28 41 8b
0x00007ff80195c59d:   d1 41 8b cb 4c 8b 50 18 49 ff a2 e8 01 00 00 cc
0x00007ff80195c5ad:   cc cc cc 48 8b 01 41 8b c8 48 8b 50 18 48 ff a2
0x00007ff80195c5bd:   f0 01 00 00 cc cc cc cc cc cc cc cc cc cc cc cc
0x00007ff80195c5cd:   cc cc cc 40 53 48 8b 01 41 8b d8 44 8b 44 24 30
0x00007ff80195c5dd:   41 8b d1 4c 8b 4c 24 38 8b cb 4c 8b 50 18 5b 49
0x00007ff80195c5ed:   ff a2 f8 01 00 00 cc cc cc cc cc cc cc cc cc cc
0x00007ff80195c5fd:   cc cc cc 48 8b 01 48 8b 48 18 48 ff a1 98 02 00
0x00007ff80195c60d:   00 cc cc 48 8b 01 48 8b 48 18 48 ff a1 a0 02 00
0x00007ff80195c61d:   00 cc cc 48 8b 01 41 8b c8 48 8b 50 18 48 ff a2
0x00007ff80195c62d:   c8 02 00 00 cc cc cc cc cc cc cc cc cc cc cc cc
0x00007ff80195c63d:   cc cc cc 48 8b 01 49 8b d1 41 8b c8 4c 8b 50 18
0x00007ff80195c64d:   49 ff a2 d8 02 00 00 cc cc cc cc cc cc cc cc cc
0x00007ff80195c65d:   cc cc cc 48 8b 01 49 8b d1 41 8b c8 4c 8b 50 18
0x00007ff80195c66d:   49 ff a2 e0 02 00 00 cc cc cc cc cc cc cc cc cc
0x00007ff80195c67d:   cc cc cc 48 8b 01 49 8b d1 41 8b c8 4c 8b 50 18
0x00007ff80195c68d:   49 ff a2 f0 02 00 00 cc cc cc cc cc cc cc cc cc
0x00007ff80195c69d:   cc cc cc 48 8b 01 49 8b d1 41 8b c8 4c 8b 50 18
0x00007ff80195c6ad:   49 ff a2 f8 02 00 00 cc cc cc cc cc cc cc cc cc
0x00007ff80195c6bd:   cc cc cc 48 8b 01 49 8b d1 41 8b c8 4c 8b 50 18
0x00007ff80195c6cd:   49 ff a2 00 03 00 00 cc cc cc cc cc cc cc cc cc
0x00007ff80195c6dd:   cc cc cc 48 8b 01 49 8b d1 41 8b c8 4c 8b 50 18
0x00007ff80195c6ed:   49 ff a2 08 03 00 00 cc cc cc cc cc cc cc cc cc
0x00007ff80195c6fd:   cc cc cc 48 8b 01 48 8b 48 18 48 8b 81 10 03 00
0x00007ff80195c70d:   00 48 ff e0 cc cc cc cc cc cc cc cc cc cc cc cc
0x00007ff80195c71d:   cc cc cc 48 8b 01 49 8b d1 41 8b c8 4c 8b 50 18
0x00007ff80195c72d:   49 ff a2 68 03 00 00 cc cc cc cc cc cc cc cc cc
0x00007ff80195c73d:   cc cc cc 48 8b 01 48 8b 48 18 48 8b 81 78 03 00 


Stack slot to memory mapping:
stack at sp + 0 slots: 0x000002c8a190d621 is at code_begin+993 in an Interpreter codelet
method entry point (kind = native)  [0x000002c8a190d240, 0x000002c8a190dbc0]  2432 bytes
stack at sp + 1 slots: 0x000002c8a19095cd is at code_begin+1325 in an Interpreter codelet
return entry points  [0x000002c8a19090a0, 0x000002c8a1909ba0]  2816 bytes
stack at sp + 2 slots: 0x000002c8a190d33c is at code_begin+252 in an Interpreter codelet
method entry point (kind = native)  [0x000002c8a190d240, 0x000002c8a190dbc0]  2432 bytes
stack at sp + 3 slots: {method} {0x000002c90253b258} 'nglGenTextures' '(IJ)V' in 'org/lwjgl/opengl/GL11C'
stack at sp + 4 slots: 0x000002c90214ceb0 is pointing into metadata
stack at sp + 5 slots: 0x000000d5ee3feea8 is pointing into the stack for thread: 0x000002c8929ad2e0
stack at sp + 6 slots: 0x000000d5ee3fef10 is pointing into the stack for thread: 0x000002c8929ad2e0
stack at sp + 7 slots: 0x000002c8a19095cd is at code_begin+1325 in an Interpreter codelet
return entry points  [0x000002c8a19090a0, 0x000002c8a1909ba0]  2816 bytes


---------------  P R O C E S S  ---------------

Threads class SMR info:
_java_thread_list=0x000002c8c0638090, length=16, elements={
0x000002c8929ad2e0, 0x000002c8bf1a28b0, 0x000002c8bf1a3730, 0x000002c8bf1bca60,
0x000002c8bf1be630, 0x000002c8bf1c1000, 0x000002c8bf1c19c0, 0x000002c8bf1c2760,
0x000002c8bf1c5830, 0x000002c8bf1c8240, 0x000002c8c024f2f0, 0x000002c8c0252e20,
0x000002c8c02533f0, 0x000002c8c0253a80, 0x000002c8c043bad0, 0x000002c8c043ced0
}

Java Threads: ( => current thread )
=>0x000002c8929ad2e0 JavaThread "main" [_thread_in_native, id=33276, stack(0x000000d5ee300000,0x000000d5ee400000)]
  0x000002c8bf1a28b0 JavaThread "Reference Handler" daemon [_thread_blocked, id=8904, stack(0x000000d5eea00000,0x000000d5eeb00000)]
  0x000002c8bf1a3730 JavaThread "Finalizer" daemon [_thread_blocked, id=38004, stack(0x000000d5eeb00000,0x000000d5eec00000)]
  0x000002c8bf1bca60 JavaThread "Signal Dispatcher" daemon [_thread_blocked, id=32004, stack(0x000000d5eec00000,0x000000d5eed00000)]
  0x000002c8bf1be630 JavaThread "Attach Listener" daemon [_thread_blocked, id=17924, stack(0x000000d5eed00000,0x000000d5eee00000)]
  0x000002c8bf1c1000 JavaThread "Service Thread" daemon [_thread_blocked, id=35244, stack(0x000000d5eee00000,0x000000d5eef00000)]
  0x000002c8bf1c19c0 JavaThread "Monitor Deflation Thread" daemon [_thread_blocked, id=10220, stack(0x000000d5eef00000,0x000000d5ef000000)]
  0x000002c8bf1c2760 JavaThread "C2 CompilerThread0" daemon [_thread_blocked, id=38724, stack(0x000000d5ef000000,0x000000d5ef100000)]
  0x000002c8bf1c5830 JavaThread "C1 CompilerThread0" daemon [_thread_blocked, id=36544, stack(0x000000d5ef100000,0x000000d5ef200000)]
  0x000002c8bf1c8240 JavaThread "Sweeper thread" daemon [_thread_blocked, id=35620, stack(0x000000d5ef200000,0x000000d5ef300000)]
  0x000002c8c024f2f0 JavaThread "Common-Cleaner" daemon [_thread_blocked, id=27756, stack(0x000000d5ef300000,0x000000d5ef400000)]
  0x000002c8c0252e20 JavaThread "C1 CompilerThread1" daemon [_thread_blocked, id=38704, stack(0x000000d5ef400000,0x000000d5ef500000)]
  0x000002c8c02533f0 JavaThread "C1 CompilerThread2" daemon [_thread_blocked, id=38576, stack(0x000000d5ef500000,0x000000d5ef600000)]
  0x000002c8c0253a80 JavaThread "C1 CompilerThread3" daemon [_thread_blocked, id=35560, stack(0x000000d5ef600000,0x000000d5ef700000)]
  0x000002c8c043bad0 JavaThread "Monitor Ctrl-Break" daemon [_thread_in_native, id=29304, stack(0x000000d5ef800000,0x000000d5ef900000)]
  0x000002c8c043ced0 JavaThread "Notification Thread" daemon [_thread_blocked, id=32228, stack(0x000000d5ef900000,0x000000d5efa00000)]

Other Threads:
  0x000002c8bf19dca0 VMThread "VM Thread" [stack: 0x000000d5ee900000,0x000000d5eea00000] [id=34116]
  0x000002c8c0440c20 WatcherThread [stack: 0x000000d5efa00000,0x000000d5efb00000] [id=8716]
  0x000002c892a5ba80 GCTaskThread "GC Thread#0" [stack: 0x000000d5ee400000,0x000000d5ee500000] [id=16752]
  0x000002c892a6c860 ConcurrentGCThread "G1 Main Marker" [stack: 0x000000d5ee500000,0x000000d5ee600000] [id=10036]
  0x000002c892a6dab0 ConcurrentGCThread "G1 Conc#0" [stack: 0x000000d5ee600000,0x000000d5ee700000] [id=9768]
  0x000002c8bf0d4970 ConcurrentGCThread "G1 Refine#0" [stack: 0x000000d5ee700000,0x000000d5ee800000] [id=36776]
  0x000002c8bf0d53a0 ConcurrentGCThread "G1 Service" [stack: 0x000000d5ee800000,0x000000d5ee900000] [id=37724]

Threads with active compile tasks:

VM state: not at safepoint (normal execution)

VM Mutex/Monitor currently owned by a thread: None

Heap address: 0x0000000602c00000, size: 8148 MB, Compressed Oops mode: Zero based, Oop shift amount: 3

CDS archive(s) mapped at: [0x000002c8c1000000-0x000002c8c1bd0000-0x000002c8c1bd0000), size 12386304, SharedBaseAddress: 0x000002c8c1000000, ArchiveRelocationMode: 1.
Compressed class space mapped at: 0x000002c8c2000000-0x000002c902000000, reserved size: 1073741824
Narrow klass base: 0x000002c8c1000000, Narrow klass shift: 0, Narrow klass range: 0x100000000

GC Precious Log:
 CPUs: 20 total, 20 available
 Memory: 32581M
 Large Page Support: Disabled
 NUMA Support: Disabled
 Compressed Oops: Enabled (Zero based)
 Heap Region Size: 4M
 Heap Min Capacity: 8M
 Heap Initial Capacity: 512M
 Heap Max Capacity: 8148M
 Pre-touch: Disabled
 Parallel Workers: 15
 Concurrent Workers: 4
 Concurrent Refinement Workers: 15
 Periodic GC: Disabled

Heap:
 garbage-first heap   total 524288K, used 8192K [0x0000000602c00000, 0x0000000800000000)
  region size 4096K, 3 young (12288K), 0 survivors (0K)
 Metaspace       used 2908K, committed 3072K, reserved 1114112K
  class space    used 194K, committed 256K, reserved 1048576K

Heap Regions: E=young(eden), S=young(survivor), O=old, HS=humongous(starts), HC=humongous(continues), CS=collection set, F=free, OA=open archive, CA=closed archive, TAMS=top-at-mark-start (previous, next)
|   0|0x0000000602c00000, 0x0000000602c00000, 0x0000000603000000|  0%| F|  |TAMS 0x0000000602c00000, 0x0000000602c00000| Untracked 
|   1|0x0000000603000000, 0x0000000603000000, 0x0000000603400000|  0%| F|  |TAMS 0x0000000603000000, 0x0000000603000000| Untracked 
|   2|0x0000000603400000, 0x0000000603400000, 0x0000000603800000|  0%| F|  |TAMS 0x0000000603400000, 0x0000000603400000| Untracked 
|   3|0x0000000603800000, 0x0000000603800000, 0x0000000603c00000|  0%| F|  |TAMS 0x0000000603800000, 0x0000000603800000| Untracked 
|   4|0x0000000603c00000, 0x0000000603c00000, 0x0000000604000000|  0%| F|  |TAMS 0x0000000603c00000, 0x0000000603c00000| Untracked 
|   5|0x0000000604000000, 0x0000000604000000, 0x0000000604400000|  0%| F|  |TAMS 0x0000000604000000, 0x0000000604000000| Untracked 
|   6|0x0000000604400000, 0x0000000604400000, 0x0000000604800000|  0%| F|  |TAMS 0x0000000604400000, 0x0000000604400000| Untracked 
|   7|0x0000000604800000, 0x0000000604800000, 0x0000000604c00000|  0%| F|  |TAMS 0x0000000604800000, 0x0000000604800000| Untracked 
|   8|0x0000000604c00000, 0x0000000604c00000, 0x0000000605000000|  0%| F|  |TAMS 0x0000000604c00000, 0x0000000604c00000| Untracked 
|   9|0x0000000605000000, 0x0000000605000000, 0x0000000605400000|  0%| F|  |TAMS 0x0000000605000000, 0x0000000605000000| Untracked 
|  10|0x0000000605400000, 0x0000000605400000, 0x0000000605800000|  0%| F|  |TAMS 0x0000000605400000, 0x0000000605400000| Untracked 
|  11|0x0000000605800000, 0x0000000605800000, 0x0000000605c00000|  0%| F|  |TAMS 0x0000000605800000, 0x0000000605800000| Untracked 
|  12|0x0000000605c00000, 0x0000000605c00000, 0x0000000606000000|  0%| F|  |TAMS 0x0000000605c00000, 0x0000000605c00000| Untracked 
|  13|0x0000000606000000, 0x0000000606000000, 0x0000000606400000|  0%| F|  |TAMS 0x0000000606000000, 0x0000000606000000| Untracked 
|  14|0x0000000606400000, 0x0000000606400000, 0x0000000606800000|  0%| F|  |TAMS 0x0000000606400000, 0x0000000606400000| Untracked 
|  15|0x0000000606800000, 0x0000000606800000, 0x0000000606c00000|  0%| F|  |TAMS 0x0000000606800000, 0x0000000606800000| Untracked 
|  16|0x0000000606c00000, 0x0000000606c00000, 0x0000000607000000|  0%| F|  |TAMS 0x0000000606c00000, 0x0000000606c00000| Untracked 
|  17|0x0000000607000000, 0x0000000607000000, 0x0000000607400000|  0%| F|  |TAMS 0x0000000607000000, 0x0000000607000000| Untracked 
|  18|0x0000000607400000, 0x0000000607400000, 0x0000000607800000|  0%| F|  |TAMS 0x0000000607400000, 0x0000000607400000| Untracked 
|  19|0x0000000607800000, 0x0000000607800000, 0x0000000607c00000|  0%| F|  |TAMS 0x0000000607800000, 0x0000000607800000| Untracked 
|  20|0x0000000607c00000, 0x0000000607c00000, 0x0000000608000000|  0%| F|  |TAMS 0x0000000607c00000, 0x0000000607c00000| Untracked 
|  21|0x0000000608000000, 0x0000000608000000, 0x0000000608400000|  0%| F|  |TAMS 0x0000000608000000, 0x0000000608000000| Untracked 
|  22|0x0000000608400000, 0x0000000608400000, 0x0000000608800000|  0%| F|  |TAMS 0x0000000608400000, 0x0000000608400000| Untracked 
|  23|0x0000000608800000, 0x0000000608800000, 0x0000000608c00000|  0%| F|  |TAMS 0x0000000608800000, 0x0000000608800000| Untracked 
|  24|0x0000000608c00000, 0x0000000608c00000, 0x0000000609000000|  0%| F|  |TAMS 0x0000000608c00000, 0x0000000608c00000| Untracked 
|  25|0x0000000609000000, 0x0000000609000000, 0x0000000609400000|  0%| F|  |TAMS 0x0000000609000000, 0x0000000609000000| Untracked 
|  26|0x0000000609400000, 0x0000000609400000, 0x0000000609800000|  0%| F|  |TAMS 0x0000000609400000, 0x0000000609400000| Untracked 
|  27|0x0000000609800000, 0x0000000609800000, 0x0000000609c00000|  0%| F|  |TAMS 0x0000000609800000, 0x0000000609800000| Untracked 
|  28|0x0000000609c00000, 0x0000000609c00000, 0x000000060a000000|  0%| F|  |TAMS 0x0000000609c00000, 0x0000000609c00000| Untracked 
|  29|0x000000060a000000, 0x000000060a000000, 0x000000060a400000|  0%| F|  |TAMS 0x000000060a000000, 0x000000060a000000| Untracked 
|  30|0x000000060a400000, 0x000000060a400000, 0x000000060a800000|  0%| F|  |TAMS 0x000000060a400000, 0x000000060a400000| Untracked 
|  31|0x000000060a800000, 0x000000060a800000, 0x000000060ac00000|  0%| F|  |TAMS 0x000000060a800000, 0x000000060a800000| Untracked 
|  32|0x000000060ac00000, 0x000000060ac00000, 0x000000060b000000|  0%| F|  |TAMS 0x000000060ac00000, 0x000000060ac00000| Untracked 
|  33|0x000000060b000000, 0x000000060b000000, 0x000000060b400000|  0%| F|  |TAMS 0x000000060b000000, 0x000000060b000000| Untracked 
|  34|0x000000060b400000, 0x000000060b400000, 0x000000060b800000|  0%| F|  |TAMS 0x000000060b400000, 0x000000060b400000| Untracked 
|  35|0x000000060b800000, 0x000000060b800000, 0x000000060bc00000|  0%| F|  |TAMS 0x000000060b800000, 0x000000060b800000| Untracked 
|  36|0x000000060bc00000, 0x000000060bc00000, 0x000000060c000000|  0%| F|  |TAMS 0x000000060bc00000, 0x000000060bc00000| Untracked 
|  37|0x000000060c000000, 0x000000060c000000, 0x000000060c400000|  0%| F|  |TAMS 0x000000060c000000, 0x000000060c000000| Untracked 
|  38|0x000000060c400000, 0x000000060c400000, 0x000000060c800000|  0%| F|  |TAMS 0x000000060c400000, 0x000000060c400000| Untracked 
|  39|0x000000060c800000, 0x000000060c800000, 0x000000060cc00000|  0%| F|  |TAMS 0x000000060c800000, 0x000000060c800000| Untracked 
|  40|0x000000060cc00000, 0x000000060cc00000, 0x000000060d000000|  0%| F|  |TAMS 0x000000060cc00000, 0x000000060cc00000| Untracked 
|  41|0x000000060d000000, 0x000000060d000000, 0x000000060d400000|  0%| F|  |TAMS 0x000000060d000000, 0x000000060d000000| Untracked 
|  42|0x000000060d400000, 0x000000060d400000, 0x000000060d800000|  0%| F|  |TAMS 0x000000060d400000, 0x000000060d400000| Untracked 
|  43|0x000000060d800000, 0x000000060d800000, 0x000000060dc00000|  0%| F|  |TAMS 0x000000060d800000, 0x000000060d800000| Untracked 
|  44|0x000000060dc00000, 0x000000060dc00000, 0x000000060e000000|  0%| F|  |TAMS 0x000000060dc00000, 0x000000060dc00000| Untracked 
|  45|0x000000060e000000, 0x000000060e000000, 0x000000060e400000|  0%| F|  |TAMS 0x000000060e000000, 0x000000060e000000| Untracked 
|  46|0x000000060e400000, 0x000000060e400000, 0x000000060e800000|  0%| F|  |TAMS 0x000000060e400000, 0x000000060e400000| Untracked 
|  47|0x000000060e800000, 0x000000060e800000, 0x000000060ec00000|  0%| F|  |TAMS 0x000000060e800000, 0x000000060e800000| Untracked 
|  48|0x000000060ec00000, 0x000000060ec00000, 0x000000060f000000|  0%| F|  |TAMS 0x000000060ec00000, 0x000000060ec00000| Untracked 
|  49|0x000000060f000000, 0x000000060f000000, 0x000000060f400000|  0%| F|  |TAMS 0x000000060f000000, 0x000000060f000000| Untracked 
|  50|0x000000060f400000, 0x000000060f400000, 0x000000060f800000|  0%| F|  |TAMS 0x000000060f400000, 0x000000060f400000| Untracked 
|  51|0x000000060f800000, 0x000000060f800000, 0x000000060fc00000|  0%| F|  |TAMS 0x000000060f800000, 0x000000060f800000| Untracked 
|  52|0x000000060fc00000, 0x000000060fc00000, 0x0000000610000000|  0%| F|  |TAMS 0x000000060fc00000, 0x000000060fc00000| Untracked 
|  53|0x0000000610000000, 0x0000000610000000, 0x0000000610400000|  0%| F|  |TAMS 0x0000000610000000, 0x0000000610000000| Untracked 
|  54|0x0000000610400000, 0x0000000610400000, 0x0000000610800000|  0%| F|  |TAMS 0x0000000610400000, 0x0000000610400000| Untracked 
|  55|0x0000000610800000, 0x0000000610800000, 0x0000000610c00000|  0%| F|  |TAMS 0x0000000610800000, 0x0000000610800000| Untracked 
|  56|0x0000000610c00000, 0x0000000610c00000, 0x0000000611000000|  0%| F|  |TAMS 0x0000000610c00000, 0x0000000610c00000| Untracked 
|  57|0x0000000611000000, 0x0000000611000000, 0x0000000611400000|  0%| F|  |TAMS 0x0000000611000000, 0x0000000611000000| Untracked 
|  58|0x0000000611400000, 0x0000000611400000, 0x0000000611800000|  0%| F|  |TAMS 0x0000000611400000, 0x0000000611400000| Untracked 
|  59|0x0000000611800000, 0x0000000611800000, 0x0000000611c00000|  0%| F|  |TAMS 0x0000000611800000, 0x0000000611800000| Untracked 
|  60|0x0000000611c00000, 0x0000000611c00000, 0x0000000612000000|  0%| F|  |TAMS 0x0000000611c00000, 0x0000000611c00000| Untracked 
|  61|0x0000000612000000, 0x0000000612000000, 0x0000000612400000|  0%| F|  |TAMS 0x0000000612000000, 0x0000000612000000| Untracked 
|  62|0x0000000612400000, 0x0000000612400000, 0x0000000612800000|  0%| F|  |TAMS 0x0000000612400000, 0x0000000612400000| Untracked 
|  63|0x0000000612800000, 0x0000000612800000, 0x0000000612c00000|  0%| F|  |TAMS 0x0000000612800000, 0x0000000612800000| Untracked 
|  64|0x0000000612c00000, 0x0000000612c00000, 0x0000000613000000|  0%| F|  |TAMS 0x0000000612c00000, 0x0000000612c00000| Untracked 
|  65|0x0000000613000000, 0x0000000613000000, 0x0000000613400000|  0%| F|  |TAMS 0x0000000613000000, 0x0000000613000000| Untracked 
|  66|0x0000000613400000, 0x0000000613400000, 0x0000000613800000|  0%| F|  |TAMS 0x0000000613400000, 0x0000000613400000| Untracked 
|  67|0x0000000613800000, 0x0000000613800000, 0x0000000613c00000|  0%| F|  |TAMS 0x0000000613800000, 0x0000000613800000| Untracked 
|  68|0x0000000613c00000, 0x0000000613c00000, 0x0000000614000000|  0%| F|  |TAMS 0x0000000613c00000, 0x0000000613c00000| Untracked 
|  69|0x0000000614000000, 0x0000000614000000, 0x0000000614400000|  0%| F|  |TAMS 0x0000000614000000, 0x0000000614000000| Untracked 
|  70|0x0000000614400000, 0x0000000614400000, 0x0000000614800000|  0%| F|  |TAMS 0x0000000614400000, 0x0000000614400000| Untracked 
|  71|0x0000000614800000, 0x0000000614800000, 0x0000000614c00000|  0%| F|  |TAMS 0x0000000614800000, 0x0000000614800000| Untracked 
|  72|0x0000000614c00000, 0x0000000614c00000, 0x0000000615000000|  0%| F|  |TAMS 0x0000000614c00000, 0x0000000614c00000| Untracked 
|  73|0x0000000615000000, 0x0000000615000000, 0x0000000615400000|  0%| F|  |TAMS 0x0000000615000000, 0x0000000615000000| Untracked 
|  74|0x0000000615400000, 0x0000000615400000, 0x0000000615800000|  0%| F|  |TAMS 0x0000000615400000, 0x0000000615400000| Untracked 
|  75|0x0000000615800000, 0x0000000615800000, 0x0000000615c00000|  0%| F|  |TAMS 0x0000000615800000, 0x0000000615800000| Untracked 
|  76|0x0000000615c00000, 0x0000000615c00000, 0x0000000616000000|  0%| F|  |TAMS 0x0000000615c00000, 0x0000000615c00000| Untracked 
|  77|0x0000000616000000, 0x0000000616000000, 0x0000000616400000|  0%| F|  |TAMS 0x0000000616000000, 0x0000000616000000| Untracked 
|  78|0x0000000616400000, 0x0000000616400000, 0x0000000616800000|  0%| F|  |TAMS 0x0000000616400000, 0x0000000616400000| Untracked 
|  79|0x0000000616800000, 0x0000000616800000, 0x0000000616c00000|  0%| F|  |TAMS 0x0000000616800000, 0x0000000616800000| Untracked 
|  80|0x0000000616c00000, 0x0000000616c00000, 0x0000000617000000|  0%| F|  |TAMS 0x0000000616c00000, 0x0000000616c00000| Untracked 
|  81|0x0000000617000000, 0x0000000617000000, 0x0000000617400000|  0%| F|  |TAMS 0x0000000617000000, 0x0000000617000000| Untracked 
|  82|0x0000000617400000, 0x0000000617400000, 0x0000000617800000|  0%| F|  |TAMS 0x0000000617400000, 0x0000000617400000| Untracked 
|  83|0x0000000617800000, 0x0000000617800000, 0x0000000617c00000|  0%| F|  |TAMS 0x0000000617800000, 0x0000000617800000| Untracked 
|  84|0x0000000617c00000, 0x0000000617c00000, 0x0000000618000000|  0%| F|  |TAMS 0x0000000617c00000, 0x0000000617c00000| Untracked 
|  85|0x0000000618000000, 0x0000000618000000, 0x0000000618400000|  0%| F|  |TAMS 0x0000000618000000, 0x0000000618000000| Untracked 
|  86|0x0000000618400000, 0x0000000618400000, 0x0000000618800000|  0%| F|  |TAMS 0x0000000618400000, 0x0000000618400000| Untracked 
|  87|0x0000000618800000, 0x0000000618800000, 0x0000000618c00000|  0%| F|  |TAMS 0x0000000618800000, 0x0000000618800000| Untracked 
|  88|0x0000000618c00000, 0x0000000618c00000, 0x0000000619000000|  0%| F|  |TAMS 0x0000000618c00000, 0x0000000618c00000| Untracked 
|  89|0x0000000619000000, 0x0000000619000000, 0x0000000619400000|  0%| F|  |TAMS 0x0000000619000000, 0x0000000619000000| Untracked 
|  90|0x0000000619400000, 0x0000000619400000, 0x0000000619800000|  0%| F|  |TAMS 0x0000000619400000, 0x0000000619400000| Untracked 
|  91|0x0000000619800000, 0x0000000619800000, 0x0000000619c00000|  0%| F|  |TAMS 0x0000000619800000, 0x0000000619800000| Untracked 
|  92|0x0000000619c00000, 0x0000000619c00000, 0x000000061a000000|  0%| F|  |TAMS 0x0000000619c00000, 0x0000000619c00000| Untracked 
|  93|0x000000061a000000, 0x000000061a000000, 0x000000061a400000|  0%| F|  |TAMS 0x000000061a000000, 0x000000061a000000| Untracked 
|  94|0x000000061a400000, 0x000000061a400000, 0x000000061a800000|  0%| F|  |TAMS 0x000000061a400000, 0x000000061a400000| Untracked 
|  95|0x000000061a800000, 0x000000061a800000, 0x000000061ac00000|  0%| F|  |TAMS 0x000000061a800000, 0x000000061a800000| Untracked 
|  96|0x000000061ac00000, 0x000000061ac00000, 0x000000061b000000|  0%| F|  |TAMS 0x000000061ac00000, 0x000000061ac00000| Untracked 
|  97|0x000000061b000000, 0x000000061b000000, 0x000000061b400000|  0%| F|  |TAMS 0x000000061b000000, 0x000000061b000000| Untracked 
|  98|0x000000061b400000, 0x000000061b400000, 0x000000061b800000|  0%| F|  |TAMS 0x000000061b400000, 0x000000061b400000| Untracked 
|  99|0x000000061b800000, 0x000000061b800000, 0x000000061bc00000|  0%| F|  |TAMS 0x000000061b800000, 0x000000061b800000| Untracked 
| 100|0x000000061bc00000, 0x000000061bc00000, 0x000000061c000000|  0%| F|  |TAMS 0x000000061bc00000, 0x000000061bc00000| Untracked 
| 101|0x000000061c000000, 0x000000061c000000, 0x000000061c400000|  0%| F|  |TAMS 0x000000061c000000, 0x000000061c000000| Untracked 
| 102|0x000000061c400000, 0x000000061c400000, 0x000000061c800000|  0%| F|  |TAMS 0x000000061c400000, 0x000000061c400000| Untracked 
| 103|0x000000061c800000, 0x000000061c800000, 0x000000061cc00000|  0%| F|  |TAMS 0x000000061c800000, 0x000000061c800000| Untracked 
| 104|0x000000061cc00000, 0x000000061cc00000, 0x000000061d000000|  0%| F|  |TAMS 0x000000061cc00000, 0x000000061cc00000| Untracked 
| 105|0x000000061d000000, 0x000000061d000000, 0x000000061d400000|  0%| F|  |TAMS 0x000000061d000000, 0x000000061d000000| Untracked 
| 106|0x000000061d400000, 0x000000061d400000, 0x000000061d800000|  0%| F|  |TAMS 0x000000061d400000, 0x000000061d400000| Untracked 
| 107|0x000000061d800000, 0x000000061d800000, 0x000000061dc00000|  0%| F|  |TAMS 0x000000061d800000, 0x000000061d800000| Untracked 
| 108|0x000000061dc00000, 0x000000061dc00000, 0x000000061e000000|  0%| F|  |TAMS 0x000000061dc00000, 0x000000061dc00000| Untracked 
| 109|0x000000061e000000, 0x000000061e000000, 0x000000061e400000|  0%| F|  |TAMS 0x000000061e000000, 0x000000061e000000| Untracked 
| 110|0x000000061e400000, 0x000000061e400000, 0x000000061e800000|  0%| F|  |TAMS 0x000000061e400000, 0x000000061e400000| Untracked 
| 111|0x000000061e800000, 0x000000061e800000, 0x000000061ec00000|  0%| F|  |TAMS 0x000000061e800000, 0x000000061e800000| Untracked 
| 112|0x000000061ec00000, 0x000000061ec00000, 0x000000061f000000|  0%| F|  |TAMS 0x000000061ec00000, 0x000000061ec00000| Untracked 
| 113|0x000000061f000000, 0x000000061f000000, 0x000000061f400000|  0%| F|  |TAMS 0x000000061f000000, 0x000000061f000000| Untracked 
| 114|0x000000061f400000, 0x000000061f400000, 0x000000061f800000|  0%| F|  |TAMS 0x000000061f400000, 0x000000061f400000| Untracked 
| 115|0x000000061f800000, 0x000000061f800000, 0x000000061fc00000|  0%| F|  |TAMS 0x000000061f800000, 0x000000061f800000| Untracked 
| 116|0x000000061fc00000, 0x000000061fc00000, 0x0000000620000000|  0%| F|  |TAMS 0x000000061fc00000, 0x000000061fc00000| Untracked 
| 117|0x0000000620000000, 0x0000000620000000, 0x0000000620400000|  0%| F|  |TAMS 0x0000000620000000, 0x0000000620000000| Untracked 
| 118|0x0000000620400000, 0x0000000620400000, 0x0000000620800000|  0%| F|  |TAMS 0x0000000620400000, 0x0000000620400000| Untracked 
| 119|0x0000000620800000, 0x0000000620800000, 0x0000000620c00000|  0%| F|  |TAMS 0x0000000620800000, 0x0000000620800000| Untracked 
| 120|0x0000000620c00000, 0x0000000620c00000, 0x0000000621000000|  0%| F|  |TAMS 0x0000000620c00000, 0x0000000620c00000| Untracked 
| 121|0x0000000621000000, 0x0000000621000000, 0x0000000621400000|  0%| F|  |TAMS 0x0000000621000000, 0x0000000621000000| Untracked 
| 122|0x0000000621400000, 0x0000000621400000, 0x0000000621800000|  0%| F|  |TAMS 0x0000000621400000, 0x0000000621400000| Untracked 
| 123|0x0000000621800000, 0x0000000621800000, 0x0000000621c00000|  0%| F|  |TAMS 0x0000000621800000, 0x0000000621800000| Untracked 
| 124|0x0000000621c00000, 0x0000000621c00000, 0x0000000622000000|  0%| F|  |TAMS 0x0000000621c00000, 0x0000000621c00000| Untracked 
| 125|0x0000000622000000, 0x0000000622086630, 0x0000000622400000| 13%| E|  |TAMS 0x0000000622000000, 0x0000000622000000| Complete 
| 126|0x0000000622400000, 0x0000000622800000, 0x0000000622800000|100%| E|CS|TAMS 0x0000000622400000, 0x0000000622400000| Complete 
| 127|0x0000000622800000, 0x0000000622c00000, 0x0000000622c00000|100%| E|CS|TAMS 0x0000000622800000, 0x0000000622800000| Complete 

Card table byte_map: [0x000002c8aaf40000,0x000002c8abf30000] _byte_map_base: 0x000002c8a7f2a000

Marking Bits (Prev, Next): (CMBitMap*) 0x000002c892a5c0a0, (CMBitMap*) 0x000002c892a5c0e0
 Prev Bits: [0x000002c8acf20000, 0x000002c8b4e70000)
 Next Bits: [0x000002c8b4e70000, 0x000002c8bcdc0000)

Polling page: 0x000002c892170000

Metaspace:

Usage:
  Non-class:      2.65 MB used.
      Class:    194.48 KB used.
       Both:      2.84 MB used.

Virtual space:
  Non-class space:       64.00 MB reserved,       2.75 MB (  4%) committed,  1 nodes.
      Class space:        1.00 GB reserved,     256.00 KB ( <1%) committed,  1 nodes.
             Both:        1.06 GB reserved,       3.00 MB ( <1%) committed. 

Chunk freelists:
   Non-Class:  10.70 MB
       Class:  15.66 MB
        Both:  26.36 MB

MaxMetaspaceSize: unlimited
CompressedClassSpaceSize: 1.00 GB
Initial GC threshold: 21.00 MB
Current GC threshold: 21.00 MB
CDS: on
MetaspaceReclaimPolicy: balanced
 - commit_granule_bytes: 65536.
 - commit_granule_words: 8192.
 - virtual_space_node_default_size: 8388608.
 - enlarge_chunks_in_place: 1.
 - new_chunks_are_fully_committed: 0.
 - uncommit_free_chunks: 1.
 - use_allocation_guard: 0.
 - handle_deallocations: 1.


Internal statistics:

num_allocs_failed_limit: 0.
num_arena_births: 64.
num_arena_deaths: 0.
num_vsnodes_births: 2.
num_vsnodes_deaths: 0.
num_space_committed: 48.
num_space_uncommitted: 0.
num_chunks_returned_to_freelist: 0.
num_chunks_taken_from_freelist: 138.
num_chunk_merges: 0.
num_chunk_splits: 87.
num_chunks_enlarged: 56.
num_inconsistent_stats: 0.

CodeHeap 'non-profiled nmethods': size=119168Kb used=163Kb max_used=163Kb free=119004Kb
 bounds [0x000002c8a2050000, 0x000002c8a22c0000, 0x000002c8a94b0000]
CodeHeap 'profiled nmethods': size=119104Kb used=887Kb max_used=887Kb free=118217Kb
 bounds [0x000002c89a4b0000, 0x000002c89a720000, 0x000002c8a1900000]
CodeHeap 'non-nmethods': size=7488Kb used=3261Kb max_used=3275Kb free=4226Kb
 bounds [0x000002c8a1900000, 0x000002c8a1c40000, 0x000002c8a2050000]
 total_blobs=1569 nmethods=573 adapters=906
 compilation: enabled
              stopped_count=0, restarted_count=0
 full_count=0

Compilation events (20 events):
Event: 0.252 Thread 0x000002c8bf1c5830 nmethod 563 0x000002c89a580590 code [0x000002c89a5807e0, 0x000002c89a5812d8]
Event: 0.252 Thread 0x000002c8c02533f0 nmethod 562 0x000002c89a581690 code [0x000002c89a581960, 0x000002c89a582798]
Event: 0.252 Thread 0x000002c8bf1c5830  564       3       java.lang.ref.PhantomReference::<init> (7 bytes)
Event: 0.253 Thread 0x000002c8bf1c5830 nmethod 564 0x000002c89a582c90 code [0x000002c89a582e40, 0x000002c89a583138]
Event: 0.253 Thread 0x000002c8bf1c5830  566       3       jdk.internal.misc.Unsafe::copyMemory (33 bytes)
Event: 0.253 Thread 0x000002c8c02533f0  567       3       jdk.internal.misc.Unsafe::copyMemoryChecks (21 bytes)
Event: 0.253 Thread 0x000002c8c0252e20 nmethod 565 0x000002c89a583210 code [0x000002c89a5834c0, 0x000002c89a584238]
Event: 0.253 Thread 0x000002c8c02533f0 nmethod 567 0x000002c89a584790 code [0x000002c89a584a40, 0x000002c89a5857a8]
Event: 0.253 Thread 0x000002c8bf1c5830 nmethod 566 0x000002c89a585d10 code [0x000002c89a585fc0, 0x000002c89a586d18]
Event: 0.254 Thread 0x000002c8c0253a80 nmethod 561 0x000002c89a587310 code [0x000002c89a5879a0, 0x000002c89a58b348]
Event: 0.287 Thread 0x000002c8c0253a80  569       1       java.lang.NamedPackage::module (5 bytes)
Event: 0.287 Thread 0x000002c8c0253a80 nmethod 569 0x000002c8a2078110 code [0x000002c8a20782a0, 0x000002c8a2078378]
Event: 0.287 Thread 0x000002c8c0252e20  571       3       sun.misc.Unsafe::putLong (11 bytes)
Event: 0.287 Thread 0x000002c8c02533f0  572       3       org.lwjgl.system.MemoryUtil::memPutAddress (29 bytes)
Event: 0.288 Thread 0x000002c8bf1c2760  573       4       java.lang.Integer::toUnsignedLong (7 bytes)
Event: 0.288 Thread 0x000002c8c0252e20 nmethod 571 0x000002c89a58d410 code [0x000002c89a58d5a0, 0x000002c89a58d6b8]
Event: 0.288 Thread 0x000002c8c02533f0 nmethod 572 0x000002c89a58d790 code [0x000002c89a58d940, 0x000002c89a58db38]
Event: 0.288 Thread 0x000002c8bf1c2760 nmethod 573 0x000002c8a2078810 code [0x000002c8a2078980, 0x000002c8a20789d8]
Event: 0.288 Thread 0x000002c8bf1c2760  574       4       sun.misc.Unsafe::putLong (11 bytes)
Event: 0.288 Thread 0x000002c8bf1c2760 nmethod 574 0x000002c8a2078b10 code [0x000002c8a2078c80, 0x000002c8a2078d18]

GC Heap History (0 events):
No events

Dll operation events (12 events):
Event: 0.005 Loaded shared library C:\Users\Jam\.jdks\corretto-17.0.8.1\bin\java.dll
Event: 0.017 Loaded shared library C:\Users\Jam\.jdks\corretto-17.0.8.1\bin\jsvml.dll
Event: 0.046 Loaded shared library C:\Users\Jam\.jdks\corretto-17.0.8.1\bin\zip.dll
Event: 0.048 Loaded shared library C:\Users\Jam\.jdks\corretto-17.0.8.1\bin\instrument.dll
Event: 0.051 Loaded shared library C:\Users\Jam\.jdks\corretto-17.0.8.1\bin\net.dll
Event: 0.052 Loaded shared library C:\Users\Jam\.jdks\corretto-17.0.8.1\bin\nio.dll
Event: 0.053 Loaded shared library C:\Users\Jam\.jdks\corretto-17.0.8.1\bin\zip.dll
Event: 0.063 Loaded shared library E:\IntelliJ IDEA 2023.2\bin\breakgen64.dll
Event: 0.081 Loaded shared library C:\Users\Jam\.jdks\corretto-17.0.8.1\bin\jimage.dll
Event: 0.091 Loaded shared library C:\Users\Jam\AppData\Local\Temp\lwjglJam\3.3.1-build-7\lwjgl.dll
Event: 0.229 Loaded shared library C:\Users\Jam\AppData\Local\Temp\lwjglJam\3.3.1-build-7\lwjgl_stb.dll
Event: 0.251 Loaded shared library C:\Users\Jam\AppData\Local\Temp\lwjglJam\3.3.1-build-7\lwjgl_opengl.dll

Deoptimization events (18 events):
Event: 0.223 Thread 0x000002c8929ad2e0 DEOPT PACKING pc=0x000002c89a4da8e7 sp=0x000000d5ee3fc5c0
Event: 0.223 Thread 0x000002c8929ad2e0 DEOPT UNPACKING pc=0x000002c8a1957143 sp=0x000000d5ee3fb9e0 mode 0
Event: 0.243 Thread 0x000002c8929ad2e0 DEOPT PACKING pc=0x000002c89a5673d7 sp=0x000000d5ee3fefd0
Event: 0.243 Thread 0x000002c8929ad2e0 DEOPT UNPACKING pc=0x000002c8a1957143 sp=0x000000d5ee3fe558 mode 0
Event: 0.243 Thread 0x000002c8929ad2e0 Uncommon trap: trap_request=0xffffff45 fr.pc=0x000002c8a2076a74 relative=0x0000000000000254
Event: 0.243 Thread 0x000002c8929ad2e0 Uncommon trap: reason=unstable_if action=reinterpret pc=0x000002c8a2076a74 method=java.nio.Buffer.hasRemaining()Z @ 8 c2
Event: 0.243 Thread 0x000002c8929ad2e0 DEOPT PACKING pc=0x000002c8a2076a74 sp=0x000000d5ee3ff0a0
Event: 0.243 Thread 0x000002c8929ad2e0 DEOPT UNPACKING pc=0x000002c8a19569a3 sp=0x000000d5ee3feff8 mode 2
Event: 0.243 Thread 0x000002c8929ad2e0 Uncommon trap: trap_request=0xffffff45 fr.pc=0x000002c8a20761e4 relative=0x0000000000000064
Event: 0.243 Thread 0x000002c8929ad2e0 Uncommon trap: reason=unstable_if action=reinterpret pc=0x000002c8a20761e4 method=java.nio.Buffer.hasRemaining()Z @ 8 c2
Event: 0.243 Thread 0x000002c8929ad2e0 DEOPT PACKING pc=0x000002c8a20761e4 sp=0x000000d5ee3fe240
Event: 0.243 Thread 0x000002c8929ad2e0 DEOPT UNPACKING pc=0x000002c8a19569a3 sp=0x000000d5ee3fe1d8 mode 2
Event: 0.244 Thread 0x000002c8929ad2e0 DEOPT PACKING pc=0x000002c89a4b7ad1 sp=0x000000d5ee3fdef0
Event: 0.244 Thread 0x000002c8929ad2e0 DEOPT UNPACKING pc=0x000002c8a1957143 sp=0x000000d5ee3fd368 mode 0
Event: 0.289 Thread 0x000002c8929ad2e0 Uncommon trap: trap_request=0xffffff54 fr.pc=0x000002c8a2078ce0 relative=0x0000000000000060
Event: 0.289 Thread 0x000002c8929ad2e0 Uncommon trap: reason=speculate_null_assert action=make_not_entrant pc=0x000002c8a2078ce0 method=sun.misc.Unsafe.putLong(Ljava/lang/Object;JJ)V @ 7 c2
Event: 0.289 Thread 0x000002c8929ad2e0 DEOPT PACKING pc=0x000002c8a2078ce0 sp=0x000000d5ee3fedc0
Event: 0.289 Thread 0x000002c8929ad2e0 DEOPT UNPACKING pc=0x000002c8a19569a3 sp=0x000000d5ee3fed38 mode 2

Classes unloaded (0 events):
No events

Classes redefined (0 events):
No events

Internal exceptions (20 events):
Event: 0.073 Thread 0x000002c8929ad2e0 Exception <a 'java/lang/NoSuchMethodError'{0x00000006224edae8}: 'void java.lang.invoke.DirectMethodHandle$Holder.invokeSpecial(java.lang.Object, java.lang.Object, java.lang.Object)'> (0x00000006224edae8) 
thrown [s\src\hotspot\share\interpreter\linkResolver.cpp, line 759]
Event: 0.075 Thread 0x000002c8929ad2e0 Exception <a 'java/lang/NoSuchMethodError'{0x0000000622500ae0}: 'java.lang.Object java.lang.invoke.DirectMethodHandle$Holder.invokeStatic(java.lang.Object, java.lang.Object, int)'> (0x0000000622500ae0) 
thrown [s\src\hotspot\share\interpreter\linkResolver.cpp, line 759]
Event: 0.075 Thread 0x000002c8929ad2e0 Exception <a 'java/lang/NoSuchMethodError'{0x000000062250c850}: 'void java.lang.invoke.DelegatingMethodHandle$Holder.delegate(java.lang.Object, java.lang.Object, int, java.lang.Object)'> (0x000000062250c850) 
thrown [s\src\hotspot\share\interpreter\linkResolver.cpp, line 759]
Event: 0.076 Thread 0x000002c8929ad2e0 Exception <a 'java/lang/NoSuchMethodError'{0x0000000622510888}: 'int java.lang.invoke.DirectMethodHandle$Holder.invokeSpecial(java.lang.Object, java.lang.Object, java.lang.Object)'> (0x0000000622510888) 
thrown [s\src\hotspot\share\interpreter\linkResolver.cpp, line 759]
Event: 0.090 Thread 0x000002c8929ad2e0 Exception <a 'sun/nio/fs/WindowsException'{0x00000006225711c8}> (0x00000006225711c8) 
thrown [s\src\hotspot\share\prims\jni.cpp, line 516]
Event: 0.090 Thread 0x000002c8929ad2e0 Exception <a 'sun/nio/fs/WindowsException'{0x00000006225716f8}> (0x00000006225716f8) 
thrown [s\src\hotspot\share\prims\jni.cpp, line 516]
Event: 0.094 Thread 0x000002c8929ad2e0 Exception <a 'sun/nio/fs/WindowsException'{0x0000000622601170}> (0x0000000622601170) 
thrown [s\src\hotspot\share\prims\jni.cpp, line 516]
Event: 0.094 Thread 0x000002c8929ad2e0 Exception <a 'sun/nio/fs/WindowsException'{0x00000006226014c0}> (0x00000006226014c0) 
thrown [s\src\hotspot\share\prims\jni.cpp, line 516]
Event: 0.099 Thread 0x000002c8929ad2e0 Exception <a 'java/lang/NoSuchMethodError'{0x000000062264a248}: 'int java.lang.invoke.DirectMethodHandle$Holder.invokeStaticInit(java.lang.Object, java.lang.Object, int, long)'> (0x000000062264a248) 
thrown [s\src\hotspot\share\interpreter\linkResolver.cpp, line 759]
Event: 0.100 Thread 0x000002c8929ad2e0 Exception <a 'java/lang/NoSuchMethodError'{0x000000062264fb10}: 'java.lang.Object java.lang.invoke.DirectMethodHandle$Holder.newInvokeSpecial(java.lang.Object, java.lang.Object, int)'> (0x000000062264fb10) 
thrown [s\src\hotspot\share\interpreter\linkResolver.cpp, line 759]
Event: 0.101 Thread 0x000002c8929ad2e0 Exception <a 'java/lang/NoSuchMethodError'{0x000000062265e968}: 'int java.lang.invoke.DirectMethodHandle$Holder.invokeStaticInit(java.lang.Object, java.lang.Object, long, long)'> (0x000000062265e968) 
thrown [s\src\hotspot\share\interpreter\linkResolver.cpp, line 759]
Event: 0.101 Thread 0x000002c8929ad2e0 Exception <a 'java/lang/NoSuchMethodError'{0x0000000622664a78}: 'java.lang.Object java.lang.invoke.DirectMethodHandle$Holder.newInvokeSpecial(java.lang.Object, java.lang.Object, long)'> (0x0000000622664a78) 
thrown [s\src\hotspot\share\interpreter\linkResolver.cpp, line 759]
Event: 0.101 Thread 0x000002c8929ad2e0 Exception <a 'java/lang/NoSuchMethodError'{0x0000000622668d00}: 'java.lang.Object java.lang.invoke.Invokers$Holder.linkToTargetMethod(java.lang.Object, long, java.lang.Object)'> (0x0000000622668d00) 
thrown [s\src\hotspot\share\interpreter\linkResolver.cpp, line 759]
Event: 0.102 Thread 0x000002c8929ad2e0 Exception <a 'java/lang/NoSuchMethodError'{0x0000000622670418}: 'int java.lang.invoke.DirectMethodHandle$Holder.invokeStaticInit(java.lang.Object, java.lang.Object, java.lang.Object, long)'> (0x0000000622670418) 
thrown [s\src\hotspot\share\interpreter\linkResolver.cpp, line 759]
Event: 0.228 Thread 0x000002c8929ad2e0 Exception <a 'sun/nio/fs/WindowsException'{0x0000000622714fc8}> (0x0000000622714fc8) 
thrown [s\src\hotspot\share\prims\jni.cpp, line 516]
Event: 0.228 Thread 0x000002c8929ad2e0 Exception <a 'sun/nio/fs/WindowsException'{0x0000000622715328}> (0x0000000622715328) 
thrown [s\src\hotspot\share\prims\jni.cpp, line 516]
Event: 0.251 Thread 0x000002c8929ad2e0 Exception <a 'sun/nio/fs/WindowsException'{0x00000006227df600}> (0x00000006227df600) 
thrown [s\src\hotspot\share\prims\jni.cpp, line 516]
Event: 0.251 Thread 0x000002c8929ad2e0 Exception <a 'sun/nio/fs/WindowsException'{0x00000006227df990}> (0x00000006227df990) 
thrown [s\src\hotspot\share\prims\jni.cpp, line 516]
Event: 0.253 Thread 0x000002c8929ad2e0 Exception <a 'sun/nio/fs/WindowsException'{0x00000006227e62a8}> (0x00000006227e62a8) 
thrown [s\src\hotspot\share\prims\jni.cpp, line 516]
Event: 0.253 Thread 0x000002c8929ad2e0 Exception <a 'sun/nio/fs/WindowsException'{0x00000006227e6570}> (0x00000006227e6570) 
thrown [s\src\hotspot\share\prims\jni.cpp, line 516]

VM Operations (2 events):
Event: 0.064 Executing VM operation: HandshakeAllThreads
Event: 0.064 Executing VM operation: HandshakeAllThreads done

Events (20 events):
Event: 0.098 loading class jdk/internal/reflect/UnsafeQualifiedStaticFieldAccessorImpl
Event: 0.098 loading class jdk/internal/reflect/UnsafeQualifiedStaticFieldAccessorImpl done
Event: 0.098 loading class jdk/internal/reflect/UnsafeQualifiedStaticObjectFieldAccessorImpl done
Event: 0.099 loading class java/util/function/LongPredicate
Event: 0.099 loading class java/util/function/LongPredicate done
Event: 0.100 loading class jdk/internal/access/foreign/MemorySegmentProxy
Event: 0.100 loading class jdk/internal/access/foreign/MemorySegmentProxy done
Event: 0.102 loading class java/nio/InvalidMarkException
Event: 0.102 loading class java/nio/InvalidMarkException done
Event: 0.102 loading class java/nio/BufferUnderflowException
Event: 0.102 loading class java/nio/BufferUnderflowException done
Event: 0.104 loading class java/lang/IndexOutOfBoundsException
Event: 0.104 loading class java/lang/IndexOutOfBoundsException done
Event: 0.221 Thread 0x000002c8c02bb790 Thread exited: 0x000002c8c02bb790
Event: 0.223 loading class java/nio/channels/spi/AbstractInterruptibleChannel$1
Event: 0.223 loading class sun/nio/ch/Interruptible
Event: 0.223 loading class sun/nio/ch/Interruptible done
Event: 0.223 loading class java/nio/channels/spi/AbstractInterruptibleChannel$1 done
Event: 0.235 loading class jdk/internal/misc/ScopedMemoryAccess$Scope
Event: 0.235 loading class jdk/internal/misc/ScopedMemoryAccess$Scope done


Dynamic libraries:
0x00007ff6cfd60000 - 0x00007ff6cfd6d000 	C:\Users\Jam\.jdks\corretto-17.0.8.1\bin\java.exe
0x00007ff8759f0000 - 0x00007ff875c04000 	C:\Windows\SYSTEM32\ntdll.dll
0x00007ff873d20000 - 0x00007ff873de4000 	C:\Windows\System32\KERNEL32.DLL
0x00007ff872f70000 - 0x00007ff873314000 	C:\Windows\System32\KERNELBASE.dll
0x00007ff872dd0000 - 0x00007ff872ee1000 	C:\Windows\System32\ucrtbase.dll
0x00007ff85af20000 - 0x00007ff85af37000 	C:\Users\Jam\.jdks\corretto-17.0.8.1\bin\jli.dll
0x00007ff85aea0000 - 0x00007ff85aeb5000 	C:\Users\Jam\.jdks\corretto-17.0.8.1\bin\VCRUNTIME140.dll
0x00007ff873940000 - 0x00007ff873aee000 	C:\Windows\System32\USER32.dll
0x00007ff872da0000 - 0x00007ff872dc6000 	C:\Windows\System32\win32u.dll
0x00007ff8631f0000 - 0x00007ff863483000 	C:\Windows\WinSxS\amd64_microsoft.windows.common-controls_6595b64144ccf1df_6.0.22621.2215_none_270d72677387dfc3\COMCTL32.dll
0x00007ff873ef0000 - 0x00007ff873f19000 	C:\Windows\System32\GDI32.dll
0x00007ff875300000 - 0x00007ff8753a7000 	C:\Windows\System32\msvcrt.dll
0x00007ff873550000 - 0x00007ff873668000 	C:\Windows\System32\gdi32full.dll
0x00007ff873670000 - 0x00007ff87370a000 	C:\Windows\System32\msvcp_win.dll
0x00007ff873df0000 - 0x00007ff873e21000 	C:\Windows\System32\IMM32.DLL
0x00007ff85a1e0000 - 0x00007ff85a27b000 	C:\Users\Jam\.jdks\corretto-17.0.8.1\bin\msvcp140.dll
0x00007fffcd660000 - 0x00007fffce27d000 	C:\Users\Jam\.jdks\corretto-17.0.8.1\bin\server\jvm.dll
0x00007ff875250000 - 0x00007ff875300000 	C:\Windows\System32\ADVAPI32.dll
0x00007ff873780000 - 0x00007ff873826000 	C:\Windows\System32\sechost.dll
0x00007ff874d80000 - 0x00007ff874e97000 	C:\Windows\System32\RPCRT4.dll
0x00007ff86e150000 - 0x00007ff86e159000 	C:\Windows\SYSTEM32\WSOCK32.dll
0x00007ff871c10000 - 0x00007ff871c5d000 	C:\Windows\SYSTEM32\POWRPROF.dll
0x00007ff867450000 - 0x00007ff867484000 	C:\Windows\SYSTEM32\WINMM.dll
0x00007ff8738c0000 - 0x00007ff873931000 	C:\Windows\System32\WS2_32.dll
0x00007ff869020000 - 0x00007ff86902a000 	C:\Windows\SYSTEM32\VERSION.dll
0x00007ff871bf0000 - 0x00007ff871c03000 	C:\Windows\SYSTEM32\UMPDC.dll
0x00007ff871e10000 - 0x00007ff871e28000 	C:\Windows\SYSTEM32\kernel.appcore.dll
0x00007ff85af10000 - 0x00007ff85af1a000 	C:\Users\Jam\.jdks\corretto-17.0.8.1\bin\jimage.dll
0x00007ff863b20000 - 0x00007ff863d4e000 	C:\Windows\SYSTEM32\DBGHELP.DLL
0x00007ff873f30000 - 0x00007ff8742ba000 	C:\Windows\System32\combase.dll
0x00007ff8753b0000 - 0x00007ff875487000 	C:\Windows\System32\OLEAUT32.dll
0x00007ff865500000 - 0x00007ff865532000 	C:\Windows\SYSTEM32\dbgcore.DLL
0x00007ff872ef0000 - 0x00007ff872f6a000 	C:\Windows\System32\bcryptPrimitives.dll
0x00007ff85ae60000 - 0x00007ff85ae6e000 	C:\Users\Jam\.jdks\corretto-17.0.8.1\bin\instrument.dll
0x00007ff85ae70000 - 0x00007ff85ae95000 	C:\Users\Jam\.jdks\corretto-17.0.8.1\bin\java.dll
0x00007ffffcca0000 - 0x00007ffffcd76000 	C:\Users\Jam\.jdks\corretto-17.0.8.1\bin\jsvml.dll
0x00007ff8742c0000 - 0x00007ff874ae3000 	C:\Windows\System32\SHELL32.dll
0x00007ff870cf0000 - 0x00007ff8715da000 	C:\Windows\SYSTEM32\windows.storage.dll
0x00007ff870bb0000 - 0x00007ff870cee000 	C:\Windows\SYSTEM32\wintypes.dll
0x00007ff875150000 - 0x00007ff875243000 	C:\Windows\System32\SHCORE.dll
0x00007ff874fa0000 - 0x00007ff874ffe000 	C:\Windows\System32\shlwapi.dll
0x00007ff872cd0000 - 0x00007ff872cf6000 	C:\Windows\SYSTEM32\profapi.dll
0x00007ff85a1c0000 - 0x00007ff85a1d8000 	C:\Users\Jam\.jdks\corretto-17.0.8.1\bin\zip.dll
0x00007ff85ae40000 - 0x00007ff85ae59000 	C:\Users\Jam\.jdks\corretto-17.0.8.1\bin\net.dll
0x00007ff86b9e0000 - 0x00007ff86bb17000 	C:\Windows\SYSTEM32\WINHTTP.dll
0x00007ff872310000 - 0x00007ff872379000 	C:\Windows\system32\mswsock.dll
0x00007ff85a7b0000 - 0x00007ff85a7c5000 	C:\Users\Jam\.jdks\corretto-17.0.8.1\bin\nio.dll
0x00007ff83adb0000 - 0x00007ff83adca000 	E:\IntelliJ IDEA 2023.2\bin\breakgen64.dll
0x00007ff8256d0000 - 0x00007ff825745000 	C:\Users\Jam\AppData\Local\Temp\lwjglJam\3.3.1-build-7\lwjgl.dll
0x00007ff824640000 - 0x00007ff8246a1000 	C:\Users\Jam\AppData\Local\Temp\lwjglJam\3.3.1-build-7\glfw.dll
0x00007ff82bb10000 - 0x00007ff82bb56000 	C:\Windows\SYSTEM32\dinput8.dll
0x00007ff823db0000 - 0x00007ff823dc1000 	C:\Windows\SYSTEM32\xinput1_4.dll
0x00007ff872a90000 - 0x00007ff872ade000 	C:\Windows\SYSTEM32\cfgmgr32.dll
0x00007ff872a60000 - 0x00007ff872a8c000 	C:\Windows\SYSTEM32\DEVOBJ.dll
0x00007ff8704b0000 - 0x00007ff8704db000 	C:\Windows\SYSTEM32\dwmapi.dll
0x00007ff861710000 - 0x00007ff86191a000 	C:\Windows\SYSTEM32\inputhost.dll
0x00007ff86fd60000 - 0x00007ff86fe93000 	C:\Windows\SYSTEM32\CoreMessaging.dll
0x00007ff870270000 - 0x00007ff87031b000 	C:\Windows\system32\uxtheme.dll
0x00007ff82b4d0000 - 0x00007ff82b608000 	C:\ProgramData\A-Volute\A-Volute.28054DF1F58B4\Modules\ScheduledModules\x64\AudioDevProps2.dll
0x00007ff874af0000 - 0x00007ff874c8e000 	C:\Windows\System32\ole32.dll
0x00007ff872610000 - 0x00007ff87261c000 	C:\Windows\SYSTEM32\CRYPTBASE.DLL
0x00007ff83d430000 - 0x00007ff83d4de000 	C:\ProgramData\A-Volute\A-Volute.28054DF1F58B4\Modules\ScheduledModules\x64\NahimicOSD.dll
0x00007ff83d680000 - 0x00007ff83d6a0000 	C:\ProgramData\A-Volute\A-Volute.28054DF1F58B4\Modules\ScheduledModules\x64\ProductInfo.dll
0x00007ff83d540000 - 0x00007ff83d678000 	C:\ProgramData\A-Volute\A-Volute.SonicStudio3\Modules\ScheduledModules\x64\AudioDevProps2.dll
0x00007ff875000000 - 0x00007ff875149000 	C:\Windows\System32\MSCTF.dll
0x00007fffffc80000 - 0x00007fffffd01000 	C:\Users\Jam\AppData\Local\Temp\lwjglJam\3.3.1-build-7\lwjgl_stb.dll
0x00007ff801950000 - 0x00007ff8019ad000 	C:\Users\Jam\AppData\Local\Temp\lwjglJam\3.3.1-build-7\lwjgl_opengl.dll
0x00007ff834af0000 - 0x00007ff834bf0000 	C:\Windows\SYSTEM32\opengl32.dll
0x00007ff8503a0000 - 0x00007ff8503cd000 	C:\Windows\SYSTEM32\GLU32.dll
0x00007ff870520000 - 0x00007ff870558000 	C:\Windows\SYSTEM32\dxcore.dll

dbghelp: loaded successfully - version: 4.0.5 - missing functions: none
symbol engine: initialized successfully - sym options: 0x614 - pdb path: .;C:\Users\Jam\.jdks\corretto-17.0.8.1\bin;C:\Windows\SYSTEM32;C:\Windows\WinSxS\amd64_microsoft.windows.common-controls_6595b64144ccf1df_6.0.22621.2215_none_270d72677387dfc3;C:\Users\Jam\.jdks\corretto-17.0.8.1\bin\server;E:\IntelliJ IDEA 2023.2\bin;C:\Users\Jam\AppData\Local\Temp\lwjglJam\3.3.1-build-7;C:\ProgramData\A-Volute\A-Volute.28054DF1F58B4\Modules\ScheduledModules\x64;C:\ProgramData\A-Volute\A-Volute.SonicStudio3\Modules\ScheduledModules\x64

VM Arguments:
jvm_args: -javaagent:E:\IntelliJ IDEA 2023.2\lib\idea_rt.jar=51338:E:\IntelliJ IDEA 2023.2\bin -Dfile.encoding=UTF-8 
java_command: ShadowDance
java_class_path (initial): G:\SWEN_project1\hongjianz1-project-1\target\classes;C:\Users\Jam\.m2\repository\org\lwjgl\lwjgl\3.3.1\lwjgl-3.3.1.jar;C:\Users\Jam\.m2\repository\org\lwjgl\lwjgl-assimp\3.3.1\lwjgl-assimp-3.3.1.jar;C:\Users\Jam\.m2\repository\org\lwjgl\lwjgl-glfw\3.3.1\lwjgl-glfw-3.3.1.jar;C:\Users\Jam\.m2\repository\org\lwjgl\lwjgl-openal\3.3.1\lwjgl-openal-3.3.1.jar;C:\Users\Jam\.m2\repository\org\lwjgl\lwjgl-opengl\3.3.1\lwjgl-opengl-3.3.1.jar;C:\Users\Jam\.m2\repository\org\lwjgl\lwjgl-stb\3.3.1\lwjgl-stb-3.3.1.jar;C:\Users\Jam\.m2\repository\org\lwjgl\lwjgl\3.3.1\lwjgl-3.3.1-natives-windows.jar;C:\Users\Jam\.m2\repository\org\lwjgl\lwjgl-assimp\3.3.1\lwjgl-assimp-3.3.1-natives-windows.jar;C:\Users\Jam\.m2\repository\org\lwjgl\lwjgl-glfw\3.3.1\lwjgl-glfw-3.3.1-natives-windows.jar;C:\Users\Jam\.m2\repository\org\lwjgl\lwjgl-openal\3.3.1\lwjgl-openal-3.3.1-natives-windows.jar;C:\Users\Jam\.m2\repository\org\lwjgl\lwjgl-opengl\3.3.1\lwjgl-opengl-3.3.1-natives-windows.jar;C:\Users\Jam\.m2\repository\org\lwjgl\lwjgl-stb\3.3.1\lwjgl-stb-3.3.1-natives-windows.jar;C:\Users\Jam\.m2\repository\io\github\eleanor-em\bagel\1.9.3\bagel-1.9.3.jar
Launcher Type: SUN_STANDARD

[Global flags]
     intx CICompilerCount                          = 12                                        {product} {ergonomic}
     uint ConcGCThreads                            = 4                                         {product} {ergonomic}
     uint G1ConcRefinementThreads                  = 15                                        {product} {ergonomic}
   size_t G1HeapRegionSize                         = 4194304                                   {product} {ergonomic}
    uintx GCDrainStackTargetSize                   = 64                                        {product} {ergonomic}
   size_t InitialHeapSize                          = 536870912                                 {product} {ergonomic}
   size_t MarkStackSize                            = 4194304                                   {product} {ergonomic}
   size_t MaxHeapSize                              = 8543797248                                {product} {ergonomic}
   size_t MaxNewSize                               = 5125439488                                {product} {ergonomic}
   size_t MinHeapDeltaBytes                        = 4194304                                   {product} {ergonomic}
   size_t MinHeapSize                              = 8388608                                   {product} {ergonomic}
    uintx NonNMethodCodeHeapSize                   = 7602480                                {pd product} {ergonomic}
    uintx NonProfiledCodeHeapSize                  = 122027880                              {pd product} {ergonomic}
    uintx ProfiledCodeHeapSize                     = 122027880                              {pd product} {ergonomic}
    uintx ReservedCodeCacheSize                    = 251658240                              {pd product} {ergonomic}
     bool SegmentedCodeCache                       = true                                      {product} {ergonomic}
   size_t SoftMaxHeapSize                          = 8543797248                             {manageable} {ergonomic}
     bool UseCompressedClassPointers               = true                           {product lp64_product} {ergonomic}
     bool UseCompressedOops                        = true                           {product lp64_product} {ergonomic}
     bool UseG1GC                                  = true                                      {product} {ergonomic}
     bool UseLargePagesIndividualAllocation        = false                                  {pd product} {ergonomic}

Logging:
Log output configuration:
 #0: stdout all=warning uptime,level,tags
 #1: stderr all=off uptime,level,tags

Environment Variables:
PATH=C:\Program Files\Common Files\Oracle\Java\javapath;C:\Windows\system32;C:\Windows;C:\Windows\System32\Wbem;C:\Windows\System32\WindowsPowerShell\v1.0\;C:\Windows\System32\OpenSSH\;C:\Program Files\NVIDIA Corporation\NVIDIA NvDLISR;C:\Program Files (x86)\NVIDIA Corporation\PhysX\Common;E:\Git\cmd;C:\Users\Jam\AppData\Local\Microsoft\WindowsApps;;E:\Microsoft VS Code\bin;E:\IntelliJ IDEA 2023.2\bin;
USERNAME=Jam
OS=Windows_NT
PROCESSOR_IDENTIFIER=Intel64 Family 6 Model 151 Stepping 2, GenuineIntel
TMP=C:\Users\Jam\AppData\Local\Temp
TEMP=C:\Users\Jam\AppData\Local\Temp



---------------  S Y S T E M  ---------------

OS:
 Windows 11 , 64 bit Build 22621 (10.0.22621.2215)
OS uptime: 0 days 18:21 hours
Hyper-V role detected

CPU: total 20 (initial active 20) (10 cores per cpu, 2 threads per core) family 6 model 151 stepping 2 microcode 0x26, cx8, cmov, fxsr, ht, mmx, 3dnowpref, sse, sse2, sse3, ssse3, sse4.1, sse4.2, popcnt, lzcnt, tsc, tscinvbit, avx, avx2, aes, erms, clmul, bmi1, bmi2, adx, sha, fma, vzeroupper, clflush, clflushopt, clwb, hv
Processor Information for all 20 processors :
  Max Mhz: 3600, Current Mhz: 3600, Mhz Limit: 3600

Memory: 4k page, system-wide physical 32581M (14276M free)
TotalPageFile size 52037M (AvailPageFile size 16861M)
current process WorkingSet (physical memory assigned to process): 59M, peak: 60M
current process commit charge ("private bytes"): 636M, peak: 637M

vm_info: OpenJDK 64-Bit Server VM (17.0.8.1+8-LTS) for windows-amd64 JRE (17.0.8.1+8-LTS), built on Aug 19 2023 03:47:39 by "Administrator" with MS VC++ 15.9 (VS2017)

END.
