#
# A fatal error has been detected by the Java Runtime Environment:
#
#  EXCEPTION_ACCESS_VIOLATION (0xc0000005) at pc=0x00007ff85af2682c, pid=35028, tid=32880
#
# JRE version: Java(TM) SE Runtime Environment (20.0.2+9) (build 20.0.2+9-78)
# Java VM: Java HotSpot(TM) 64-Bit Server VM (20.0.2+9-78, mixed mode, sharing, tiered, compressed oops, compressed class ptrs, g1 gc, windows-amd64)
# Problematic frame:
# C  [jdwp.dll+0x2682c]
#
# No core dump will be written. Minidumps are not enabled by default on client versions of Windows
#
# If you would like to submit a bug report, please visit:
#   https://bugreport.java.com/bugreport/crash.jsp
# The crash happened outside the Java Virtual Machine in native code.
# See problematic frame for where to report the bug.
#

---------------  S U M M A R Y ------------

Command Line: -agentlib:jdwp=transport=dt_socket,address=127.0.0.1:49550,suspend=y,server=n -javaagent:C:\Users\Jam\AppData\Local\JetBrains\IntelliJIdea2023.2\captureAgent\debugger-agent.jar -Dfile.encoding=UTF-8 -Dsun.stdout.encoding=UTF-8 -Dsun.stderr.encoding=UTF-8 ShadowDance

Host: 12th Gen Intel(R) Core(TM) i7-12700KF, 20 cores, 31G,  Windows 11 , 64 bit Build 22621 (10.0.22621.2215)
Time: Mon Sep 18 06:19:17 2023  Windows 11 , 64 bit Build 22621 (10.0.22621.2215) elapsed time: 0.428549 seconds (0d 0h 0m 0s)

---------------  T H R E A D  ---------------

Current thread (0x0000020afadcb200):  JavaThread "main" [_thread_in_native, id=32880, stack(0x000000d624800000,0x000000d624900000)]

Stack: [0x000000d624800000,0x000000d624900000],  sp=0x000000d6248fe5a8,  free space=1017k
Native frames: (J=compiled Java code, j=interpreted, Vv=VM code, C=native code)
C  [jdwp.dll+0x2682c]

Java frames: (J=compiled Java code, j=interpreted, Vv=VM code)
j  org.lwjgl.glfw.GLFW.glfwInit()Z+0
j  bagel.AbstractGame.<clinit>()V+19
v  ~StubRoutines::call_stub 0x0000020a8f46100d

siginfo: EXCEPTION_ACCESS_VIOLATION (0xc0000005), reading address 0xffffffffffffffff


Registers:
RAX=0x0000020ae6541790, RBX=0x0000020ae204f6c0, RCX=0x0000020afadcb4e0, RDX=0x0000020ae204f6c0
RSP=0x000000d6248fe5a8, RBP=0x0000000000000002, RSI=0x000000d6248fe650, RDI=0x0000020afadcb4e0
R8 =0x0000000000010002, R9 =0x0000000000000000, R10=0x00007ff85ae10000, R11=0x000000d6248fe578
R12=0x0000000000000007, R13=0x0000020afadb5e50, R14=0x00007ff85af30300, R15=0x0000000000000000
RIP=0x00007ff85af2682c, EFLAGS=0x0000000000010206


Register to memory mapping:

RIP=0x00007ff85af2682c jdwp.dll
RAX=0x0000020ae6541790 points into unknown readable memory: 0x0000000000000000 | 00 00 00 00 00 00 00 00
RBX=0x0000020ae204f6c0 points into unknown readable memory: 0x0000000622809a80 | 80 9a 80 22 06 00 00 00
RCX=0x0000020afadcb4e0 points into unknown readable memory: 0x0000020ae6541790 | 90 17 54 e6 0a 02 00 00
RDX=0x0000020ae204f6c0 points into unknown readable memory: 0x0000000622809a80 | 80 9a 80 22 06 00 00 00
RSP=0x000000d6248fe5a8 is pointing into the stack for thread: 0x0000020afadcb200
RBP=0x0000000000000002 is an unknown value
RSI=0x000000d6248fe650 is pointing into the stack for thread: 0x0000020afadcb200
RDI=0x0000020afadcb4e0 points into unknown readable memory: 0x0000020ae6541790 | 90 17 54 e6 0a 02 00 00
R8 =0x0000000000010002 is an unknown value
R9 =0x0 is NULL
R10=0x00007ff85ae10000 VCRUNTIME140.dll
R11=0x000000d6248fe578 is pointing into the stack for thread: 0x0000020afadcb200
R12=0x0000000000000007 is an unknown value
R13=0x0000020afadb5e50 points into unknown readable memory: 0x00007ff82f28efe0 | e0 ef 28 2f f8 7f 00 00
R14=0x00007ff85af30300 jdwp.dll
R15=0x0 is NULL


Top of Stack: (sp=0x000000d6248fe5a8)
0x000000d6248fe5a8:   00007ff85af1611f 0000020ae204f6c0
0x000000d6248fe5b8:   000000d6248fe650 0000000000000000
0x000000d6248fe5c8:   0000000000000000 00007ff82f2830b0
0x000000d6248fe5d8:   0000000000008070 0000020af8a9e138
0x000000d6248fe5e8:   00007ff85af30348 0000020ae204f6c0
0x000000d6248fe5f8:   00007ff85af1279f 0000020ae204f6c0
0x000000d6248fe608:   0000000000000002 0000020afadcb4e0
0x000000d6248fe618:   0000020ae204f6c8 000000d6248fe7b0
0x000000d6248fe628:   00007ff82ecdda2d 0000020aa20153cc
0x000000d6248fe638:   000000d6248fe7b0 000000d6248fe7b0
0x000000d6248fe648:   00007ff82edd1aef 0000000000000007
0x000000d6248fe658:   0000020ae204f6c0 0000000000000000
0x000000d6248fe668:   0000020ae204f6c8 0000000000000000
0x000000d6248fe678:   0000000000000000 0000000000000000
0x000000d6248fe688:   0000000000000000 0000000000000000
0x000000d6248fe698:   0000000000000000 0000000000000000
0x000000d6248fe6a8:   0000020ae204f6c0 0000020aa2015328
0x000000d6248fe6b8:   00007ff82ecb94e5 0000020ae204f6c8
0x000000d6248fe6c8:   0000020ae217d5d0 0000020afadcb200
0x000000d6248fe6d8:   00007ff82ecdec55 0000020af8a9e0f8
0x000000d6248fe6e8:   00007ff82eb08f26 0000000000000000
0x000000d6248fe6f8:   0000020afadc7240 0000020afadcb200
0x000000d6248fe708:   0000020aa1610170 0000020afadb71d0
0x000000d6248fe718:   0000020afadcb750 0000020afadcb760
0x000000d6248fe728:   0000020afadcbb38 00000000000003d8
0x000000d6248fe738:   0000020afadcb200 0000020afadcb200
0x000000d6248fe748:   0000020afadb7450 0000020af8a8e4d0
0x000000d6248fe758:   0000020af8a8e500 0000020af8a8e5b8
0x000000d6248fe768:   00000000000000d8 000000d6248fe780
0x000000d6248fe778:   000000d6248fe8b0 0000020afadcb200
0x000000d6248fe788:   0000020afadb7450 0000020af8a8e4d0
0x000000d6248fe798:   0000020af8a8e500 0000020af8a8e5b8 

Instructions: (pc=0x00007ff85af2682c)
0x00007ff85af2672c:   05 ff 09 01 00 48 8b 03 48 8b d7 4d 8b 40 30 48
0x00007ff85af2673c:   8b cb 48 8b 5c 24 30 48 83 c4 20 5f 48 ff a0 00
0x00007ff85af2674c:   01 00 00 cc 48 89 5c 24 08 57 48 83 ec 20 48 8b
0x00007ff85af2675c:   f9 e8 f2 ea ff ff 4c 8b 05 c7 09 01 00 48 8b d8
0x00007ff85af2676c:   41 f6 80 10 02 00 00 02 74 33 41 b8 1f 06 00 00
0x00007ff85af2677c:   48 8d 15 e5 c3 00 00 48 8d 0d 7a 5c 00 00 e8 71
0x00007ff85af2678c:   49 ff ff 48 8d 15 62 9a 00 00 48 8d 0d 7b 5c 00
0x00007ff85af2679c:   00 e8 06 4a ff ff 4c 8b 05 87 09 01 00 48 8b 03
0x00007ff85af267ac:   48 8b d7 4d 8b 40 38 48 8b cb 48 8b 5c 24 30 48
0x00007ff85af267bc:   83 c4 20 5f 48 ff a0 00 01 00 00 cc 48 89 5c 24
0x00007ff85af267cc:   08 57 48 83 ec 20 48 8b f9 e8 7a ea ff ff 48 8b
0x00007ff85af267dc:   15 4f 09 01 00 48 8b d8 f6 82 10 02 00 00 02 74
0x00007ff85af267ec:   2c 41 b8 11 06 00 00 48 8d 15 6e c3 00 00 48 8d
0x00007ff85af267fc:   0d 03 5c 00 00 e8 fa 48 ff ff 48 8d 15 e3 6c 00
0x00007ff85af2680c:   00 48 8d 0d 04 5c 00 00 e8 8f 49 ff ff 48 8b 03
0x00007ff85af2681c:   48 8b d7 48 8b cb 48 8b 5c 24 30 48 83 c4 20 5f
0x00007ff85af2682c:   48 ff a0 50 07 00 00 cc 48 89 5c 24 08 48 89 74
0x00007ff85af2683c:   24 10 48 89 7c 24 18 41 56 48 83 ec 20 4c 63 f2
0x00007ff85af2684c:   49 8b d8 48 8b d1 41 8b f9 48 8b cb 4d 8d 46 ff
0x00007ff85af2685c:   ff 15 0e 5a 00 00 85 c0 75 3c 41 0f be 44 1e ff
0x00007ff85af2686c:   3b c7 75 32 49 03 de eb 10 0f be c8 ff 15 e2 59
0x00007ff85af2687c:   00 00 85 c0 74 09 48 ff c3 8a 03 84 c0 75 ea 80
0x00007ff85af2688c:   3b 3b 74 12 8b d7 48 8b cb e8 78 4a 00 00 48 85
0x00007ff85af2689c:   c0 0f 94 c0 eb 02 32 c0 48 8b 5c 24 30 48 8b 74
0x00007ff85af268ac:   24 38 48 8b 7c 24 40 48 83 c4 20 41 5e c3 cc cc
0x00007ff85af268bc:   0f b6 d1 83 fa 1e 0f 87 83 00 00 00 74 7b 83 fa
0x00007ff85af268cc:   07 77 41 74 39 83 ea 01 74 2e 83 ea 01 74 23 83
0x00007ff85af268dc:   ea 01 74 18 83 ea 01 74 0d 83 fa 02 0f 85 8a 00
0x00007ff85af268ec:   00 00 8d 42 03 c3 b8 04 00 00 00 c3 b8 03 00 00
0x00007ff85af268fc:   00 c3 b8 02 00 00 00 c3 b8 01 00 00 00 c3 b8 06
0x00007ff85af2690c:   00 00 00 c3 b8 08 00 00 00 2b d0 74 26 83 ea 01
0x00007ff85af2691c:   0f 84 88 00 00 00 83 ea 01 74 12 b8 0a 00 00 00 


Stack slot to memory mapping:
stack at sp + 0 slots: 0x00007ff85af1611f jdwp.dll
stack at sp + 1 slots: 0x0000020ae204f6c0 points into unknown readable memory: 0x0000000622809a80 | 80 9a 80 22 06 00 00 00
stack at sp + 2 slots: 0x000000d6248fe650 is pointing into the stack for thread: 0x0000020afadcb200
stack at sp + 3 slots: 0x0 is NULL
stack at sp + 4 slots: 0x0 is NULL
stack at sp + 5 slots: 0x00007ff82f2830b0 jvm.dll
stack at sp + 6 slots: 0x0000000000008070 is an unknown value
stack at sp + 7 slots: 0x0000020af8a9e138 points into unknown readable memory: 0x8000000400000001 | 01 00 00 00 04 00 00 80


---------------  P R O C E S S  ---------------

Threads class SMR info:
_java_thread_list=0x0000020ae22780d0, length=17, elements={
0x0000020afadcb200, 0x0000020ae206bf70, 0x0000020ae206ca10, 0x0000020ae206f880,
0x0000020ae2071960, 0x0000020ae2079200, 0x0000020ae20738c0, 0x0000020ae2082100,
0x0000020ae2086f90, 0x0000020ae215bbe0, 0x0000020ae215c530, 0x0000020ae21a1c60,
0x0000020ae21a33e0, 0x0000020ae2240ff0, 0x0000020ae2241970, 0x0000020ae2241ed0,
0x0000020ae225d510
}

Java Threads: ( => current thread )
=>0x0000020afadcb200 JavaThread "main" [_thread_in_native, id=32880, stack(0x000000d624800000,0x000000d624900000)]
  0x0000020ae206bf70 JavaThread "Reference Handler" daemon [_thread_blocked, id=34024, stack(0x000000d624f00000,0x000000d625000000)]
  0x0000020ae206ca10 JavaThread "Finalizer" daemon [_thread_blocked, id=4516, stack(0x000000d625000000,0x000000d625100000)]
  0x0000020ae206f880 JavaThread "Signal Dispatcher" daemon [_thread_blocked, id=9856, stack(0x000000d625100000,0x000000d625200000)]
  0x0000020ae2071960 JavaThread "Attach Listener" daemon [_thread_blocked, id=38032, stack(0x000000d625200000,0x000000d625300000)]
  0x0000020ae2079200 JavaThread "Service Thread" daemon [_thread_blocked, id=38268, stack(0x000000d625300000,0x000000d625400000)]
  0x0000020ae20738c0 JavaThread "Monitor Deflation Thread" daemon [_thread_blocked, id=27336, stack(0x000000d625400000,0x000000d625500000)]
  0x0000020ae2082100 JavaThread "C2 CompilerThread0" daemon [_thread_blocked, id=36604, stack(0x000000d625500000,0x000000d625600000)]
  0x0000020ae2086f90 JavaThread "C1 CompilerThread0" daemon [_thread_blocked, id=35196, stack(0x000000d625600000,0x000000d625700000)]
  0x0000020ae215bbe0 JavaThread "Common-Cleaner" daemon [_thread_blocked, id=34976, stack(0x000000d625700000,0x000000d625800000)]
  0x0000020ae215c530 JavaThread "C1 CompilerThread1" daemon [_thread_blocked, id=32560, stack(0x000000d625800000,0x000000d625900000)]
  0x0000020ae21a1c60 JavaThread "C1 CompilerThread2" daemon [_thread_blocked, id=31980, stack(0x000000d625900000,0x000000d625a00000)]
  0x0000020ae21a33e0 JavaThread "C1 CompilerThread3" daemon [_thread_blocked, id=8444, stack(0x000000d625a00000,0x000000d625b00000)]
  0x0000020ae2240ff0 JavaThread "JDWP Transport Listener: dt_socket" daemon [_thread_blocked, id=35876, stack(0x000000d625b00000,0x000000d625c00000)]
  0x0000020ae2241970 JavaThread "JDWP Event Helper Thread" daemon [_thread_blocked, id=15404, stack(0x000000d625c00000,0x000000d625d00000)]
  0x0000020ae2241ed0 JavaThread "JDWP Command Reader" daemon [_thread_in_native, id=1252, stack(0x000000d625d00000,0x000000d625e00000)]
  0x0000020ae225d510 JavaThread "Notification Thread" daemon [_thread_blocked, id=29284, stack(0x000000d625e00000,0x000000d625f00000)]

Other Threads:
  0x0000020ae204cae0 VMThread "VM Thread" [stack: 0x000000d624e00000,0x000000d624f00000] [id=33752]
  0x0000020ae228fd60 WatcherThread "VM Periodic Task Thread" [stack: 0x000000d625f00000,0x000000d626000000] [id=26888]
  0x0000020afae7d700 WorkerThread "GC Thread#0" [stack: 0x000000d624900000,0x000000d624a00000] [id=23228]
  0x0000020afae8e550 ConcurrentGCThread "G1 Main Marker" [stack: 0x000000d624a00000,0x000000d624b00000] [id=27256]
  0x0000020afea20080 WorkerThread "G1 Conc#0" [stack: 0x000000d624b00000,0x000000d624c00000] [id=22516]
  0x0000020afead8950 ConcurrentGCThread "G1 Refine#0" [stack: 0x000000d624c00000,0x000000d624d00000] [id=37472]
  0x0000020afeadb210 ConcurrentGCThread "G1 Service" [stack: 0x000000d624d00000,0x000000d624e00000] [id=22772]

Threads with active compile tasks:

VM state: not at safepoint (normal execution)

VM Mutex/Monitor currently owned by a thread: None

Heap address: 0x0000000602c00000, size: 8148 MB, Compressed Oops mode: Zero based, Oop shift amount: 3

CDS archive(s) mapped at: [0x0000020aa1000000-0x0000020aa1c60000-0x0000020aa1c60000), size 12976128, SharedBaseAddress: 0x0000020aa1000000, ArchiveRelocationMode: 1.
Compressed class space mapped at: 0x0000020aa2000000-0x0000020ae2000000, reserved size: 1073741824
Narrow klass base: 0x0000020aa1000000, Narrow klass shift: 0, Narrow klass range: 0x100000000

GC Precious Log:
 CardTable entry size: 512
 Card Set container configuration: InlinePtr #cards 4 size 8 Array Of Cards #cards 32 size 80 Howl #buckets 8 coarsen threshold 7372 Howl Bitmap #cards 1024 size 144 coarsen threshold 921 Card regions per heap region 1 cards per card region 8192
 CPUs: 20 total, 20 available
 Memory: 32581M
 Large Page Support: Disabled
 NUMA Support: Disabled
 Compressed Oops: Enabled (Zero based)
 Heap Region Size: 4M
 Heap Min Capacity: 8M
 Heap Initial Capacity: 512M
 Heap Max Capacity: 8148M
 Pre-touch: Disabled
 Parallel Workers: 15
 Concurrent Workers: 4
 Concurrent Refinement Workers: 15
 Periodic GC: Disabled

Heap:
 garbage-first heap   total 524288K, used 8192K [0x0000000602c00000, 0x0000000800000000)
  region size 4096K, 3 young (12288K), 0 survivors (0K)
 Metaspace       used 1926K, committed 2112K, reserved 1114112K
  class space    used 151K, committed 256K, reserved 1048576K

Heap Regions: E=young(eden), S=young(survivor), O=old, HS=humongous(starts), HC=humongous(continues), CS=collection set, F=free, OA=open archive, CA=closed archive, TAMS=top-at-mark-start, PB=parsable bottom
|   0|0x0000000602c00000, 0x0000000602c00000, 0x0000000603000000|  0%| F|  |TAMS 0x0000000602c00000| PB 0x0000000602c00000| Untracked 
|   1|0x0000000603000000, 0x0000000603000000, 0x0000000603400000|  0%| F|  |TAMS 0x0000000603000000| PB 0x0000000603000000| Untracked 
|   2|0x0000000603400000, 0x0000000603400000, 0x0000000603800000|  0%| F|  |TAMS 0x0000000603400000| PB 0x0000000603400000| Untracked 
|   3|0x0000000603800000, 0x0000000603800000, 0x0000000603c00000|  0%| F|  |TAMS 0x0000000603800000| PB 0x0000000603800000| Untracked 
|   4|0x0000000603c00000, 0x0000000603c00000, 0x0000000604000000|  0%| F|  |TAMS 0x0000000603c00000| PB 0x0000000603c00000| Untracked 
|   5|0x0000000604000000, 0x0000000604000000, 0x0000000604400000|  0%| F|  |TAMS 0x0000000604000000| PB 0x0000000604000000| Untracked 
|   6|0x0000000604400000, 0x0000000604400000, 0x0000000604800000|  0%| F|  |TAMS 0x0000000604400000| PB 0x0000000604400000| Untracked 
|   7|0x0000000604800000, 0x0000000604800000, 0x0000000604c00000|  0%| F|  |TAMS 0x0000000604800000| PB 0x0000000604800000| Untracked 
|   8|0x0000000604c00000, 0x0000000604c00000, 0x0000000605000000|  0%| F|  |TAMS 0x0000000604c00000| PB 0x0000000604c00000| Untracked 
|   9|0x0000000605000000, 0x0000000605000000, 0x0000000605400000|  0%| F|  |TAMS 0x0000000605000000| PB 0x0000000605000000| Untracked 
|  10|0x0000000605400000, 0x0000000605400000, 0x0000000605800000|  0%| F|  |TAMS 0x0000000605400000| PB 0x0000000605400000| Untracked 
|  11|0x0000000605800000, 0x0000000605800000, 0x0000000605c00000|  0%| F|  |TAMS 0x0000000605800000| PB 0x0000000605800000| Untracked 
|  12|0x0000000605c00000, 0x0000000605c00000, 0x0000000606000000|  0%| F|  |TAMS 0x0000000605c00000| PB 0x0000000605c00000| Untracked 
|  13|0x0000000606000000, 0x0000000606000000, 0x0000000606400000|  0%| F|  |TAMS 0x0000000606000000| PB 0x0000000606000000| Untracked 
|  14|0x0000000606400000, 0x0000000606400000, 0x0000000606800000|  0%| F|  |TAMS 0x0000000606400000| PB 0x0000000606400000| Untracked 
|  15|0x0000000606800000, 0x0000000606800000, 0x0000000606c00000|  0%| F|  |TAMS 0x0000000606800000| PB 0x0000000606800000| Untracked 
|  16|0x0000000606c00000, 0x0000000606c00000, 0x0000000607000000|  0%| F|  |TAMS 0x0000000606c00000| PB 0x0000000606c00000| Untracked 
|  17|0x0000000607000000, 0x0000000607000000, 0x0000000607400000|  0%| F|  |TAMS 0x0000000607000000| PB 0x0000000607000000| Untracked 
|  18|0x0000000607400000, 0x0000000607400000, 0x0000000607800000|  0%| F|  |TAMS 0x0000000607400000| PB 0x0000000607400000| Untracked 
|  19|0x0000000607800000, 0x0000000607800000, 0x0000000607c00000|  0%| F|  |TAMS 0x0000000607800000| PB 0x0000000607800000| Untracked 
|  20|0x0000000607c00000, 0x0000000607c00000, 0x0000000608000000|  0%| F|  |TAMS 0x0000000607c00000| PB 0x0000000607c00000| Untracked 
|  21|0x0000000608000000, 0x0000000608000000, 0x0000000608400000|  0%| F|  |TAMS 0x0000000608000000| PB 0x0000000608000000| Untracked 
|  22|0x0000000608400000, 0x0000000608400000, 0x0000000608800000|  0%| F|  |TAMS 0x0000000608400000| PB 0x0000000608400000| Untracked 
|  23|0x0000000608800000, 0x0000000608800000, 0x0000000608c00000|  0%| F|  |TAMS 0x0000000608800000| PB 0x0000000608800000| Untracked 
|  24|0x0000000608c00000, 0x0000000608c00000, 0x0000000609000000|  0%| F|  |TAMS 0x0000000608c00000| PB 0x0000000608c00000| Untracked 
|  25|0x0000000609000000, 0x0000000609000000, 0x0000000609400000|  0%| F|  |TAMS 0x0000000609000000| PB 0x0000000609000000| Untracked 
|  26|0x0000000609400000, 0x0000000609400000, 0x0000000609800000|  0%| F|  |TAMS 0x0000000609400000| PB 0x0000000609400000| Untracked 
|  27|0x0000000609800000, 0x0000000609800000, 0x0000000609c00000|  0%| F|  |TAMS 0x0000000609800000| PB 0x0000000609800000| Untracked 
|  28|0x0000000609c00000, 0x0000000609c00000, 0x000000060a000000|  0%| F|  |TAMS 0x0000000609c00000| PB 0x0000000609c00000| Untracked 
|  29|0x000000060a000000, 0x000000060a000000, 0x000000060a400000|  0%| F|  |TAMS 0x000000060a000000| PB 0x000000060a000000| Untracked 
|  30|0x000000060a400000, 0x000000060a400000, 0x000000060a800000|  0%| F|  |TAMS 0x000000060a400000| PB 0x000000060a400000| Untracked 
|  31|0x000000060a800000, 0x000000060a800000, 0x000000060ac00000|  0%| F|  |TAMS 0x000000060a800000| PB 0x000000060a800000| Untracked 
|  32|0x000000060ac00000, 0x000000060ac00000, 0x000000060b000000|  0%| F|  |TAMS 0x000000060ac00000| PB 0x000000060ac00000| Untracked 
|  33|0x000000060b000000, 0x000000060b000000, 0x000000060b400000|  0%| F|  |TAMS 0x000000060b000000| PB 0x000000060b000000| Untracked 
|  34|0x000000060b400000, 0x000000060b400000, 0x000000060b800000|  0%| F|  |TAMS 0x000000060b400000| PB 0x000000060b400000| Untracked 
|  35|0x000000060b800000, 0x000000060b800000, 0x000000060bc00000|  0%| F|  |TAMS 0x000000060b800000| PB 0x000000060b800000| Untracked 
|  36|0x000000060bc00000, 0x000000060bc00000, 0x000000060c000000|  0%| F|  |TAMS 0x000000060bc00000| PB 0x000000060bc00000| Untracked 
|  37|0x000000060c000000, 0x000000060c000000, 0x000000060c400000|  0%| F|  |TAMS 0x000000060c000000| PB 0x000000060c000000| Untracked 
|  38|0x000000060c400000, 0x000000060c400000, 0x000000060c800000|  0%| F|  |TAMS 0x000000060c400000| PB 0x000000060c400000| Untracked 
|  39|0x000000060c800000, 0x000000060c800000, 0x000000060cc00000|  0%| F|  |TAMS 0x000000060c800000| PB 0x000000060c800000| Untracked 
|  40|0x000000060cc00000, 0x000000060cc00000, 0x000000060d000000|  0%| F|  |TAMS 0x000000060cc00000| PB 0x000000060cc00000| Untracked 
|  41|0x000000060d000000, 0x000000060d000000, 0x000000060d400000|  0%| F|  |TAMS 0x000000060d000000| PB 0x000000060d000000| Untracked 
|  42|0x000000060d400000, 0x000000060d400000, 0x000000060d800000|  0%| F|  |TAMS 0x000000060d400000| PB 0x000000060d400000| Untracked 
|  43|0x000000060d800000, 0x000000060d800000, 0x000000060dc00000|  0%| F|  |TAMS 0x000000060d800000| PB 0x000000060d800000| Untracked 
|  44|0x000000060dc00000, 0x000000060dc00000, 0x000000060e000000|  0%| F|  |TAMS 0x000000060dc00000| PB 0x000000060dc00000| Untracked 
|  45|0x000000060e000000, 0x000000060e000000, 0x000000060e400000|  0%| F|  |TAMS 0x000000060e000000| PB 0x000000060e000000| Untracked 
|  46|0x000000060e400000, 0x000000060e400000, 0x000000060e800000|  0%| F|  |TAMS 0x000000060e400000| PB 0x000000060e400000| Untracked 
|  47|0x000000060e800000, 0x000000060e800000, 0x000000060ec00000|  0%| F|  |TAMS 0x000000060e800000| PB 0x000000060e800000| Untracked 
|  48|0x000000060ec00000, 0x000000060ec00000, 0x000000060f000000|  0%| F|  |TAMS 0x000000060ec00000| PB 0x000000060ec00000| Untracked 
|  49|0x000000060f000000, 0x000000060f000000, 0x000000060f400000|  0%| F|  |TAMS 0x000000060f000000| PB 0x000000060f000000| Untracked 
|  50|0x000000060f400000, 0x000000060f400000, 0x000000060f800000|  0%| F|  |TAMS 0x000000060f400000| PB 0x000000060f400000| Untracked 
|  51|0x000000060f800000, 0x000000060f800000, 0x000000060fc00000|  0%| F|  |TAMS 0x000000060f800000| PB 0x000000060f800000| Untracked 
|  52|0x000000060fc00000, 0x000000060fc00000, 0x0000000610000000|  0%| F|  |TAMS 0x000000060fc00000| PB 0x000000060fc00000| Untracked 
|  53|0x0000000610000000, 0x0000000610000000, 0x0000000610400000|  0%| F|  |TAMS 0x0000000610000000| PB 0x0000000610000000| Untracked 
|  54|0x0000000610400000, 0x0000000610400000, 0x0000000610800000|  0%| F|  |TAMS 0x0000000610400000| PB 0x0000000610400000| Untracked 
|  55|0x0000000610800000, 0x0000000610800000, 0x0000000610c00000|  0%| F|  |TAMS 0x0000000610800000| PB 0x0000000610800000| Untracked 
|  56|0x0000000610c00000, 0x0000000610c00000, 0x0000000611000000|  0%| F|  |TAMS 0x0000000610c00000| PB 0x0000000610c00000| Untracked 
|  57|0x0000000611000000, 0x0000000611000000, 0x0000000611400000|  0%| F|  |TAMS 0x0000000611000000| PB 0x0000000611000000| Untracked 
|  58|0x0000000611400000, 0x0000000611400000, 0x0000000611800000|  0%| F|  |TAMS 0x0000000611400000| PB 0x0000000611400000| Untracked 
|  59|0x0000000611800000, 0x0000000611800000, 0x0000000611c00000|  0%| F|  |TAMS 0x0000000611800000| PB 0x0000000611800000| Untracked 
|  60|0x0000000611c00000, 0x0000000611c00000, 0x0000000612000000|  0%| F|  |TAMS 0x0000000611c00000| PB 0x0000000611c00000| Untracked 
|  61|0x0000000612000000, 0x0000000612000000, 0x0000000612400000|  0%| F|  |TAMS 0x0000000612000000| PB 0x0000000612000000| Untracked 
|  62|0x0000000612400000, 0x0000000612400000, 0x0000000612800000|  0%| F|  |TAMS 0x0000000612400000| PB 0x0000000612400000| Untracked 
|  63|0x0000000612800000, 0x0000000612800000, 0x0000000612c00000|  0%| F|  |TAMS 0x0000000612800000| PB 0x0000000612800000| Untracked 
|  64|0x0000000612c00000, 0x0000000612c00000, 0x0000000613000000|  0%| F|  |TAMS 0x0000000612c00000| PB 0x0000000612c00000| Untracked 
|  65|0x0000000613000000, 0x0000000613000000, 0x0000000613400000|  0%| F|  |TAMS 0x0000000613000000| PB 0x0000000613000000| Untracked 
|  66|0x0000000613400000, 0x0000000613400000, 0x0000000613800000|  0%| F|  |TAMS 0x0000000613400000| PB 0x0000000613400000| Untracked 
|  67|0x0000000613800000, 0x0000000613800000, 0x0000000613c00000|  0%| F|  |TAMS 0x0000000613800000| PB 0x0000000613800000| Untracked 
|  68|0x0000000613c00000, 0x0000000613c00000, 0x0000000614000000|  0%| F|  |TAMS 0x0000000613c00000| PB 0x0000000613c00000| Untracked 
|  69|0x0000000614000000, 0x0000000614000000, 0x0000000614400000|  0%| F|  |TAMS 0x0000000614000000| PB 0x0000000614000000| Untracked 
|  70|0x0000000614400000, 0x0000000614400000, 0x0000000614800000|  0%| F|  |TAMS 0x0000000614400000| PB 0x0000000614400000| Untracked 
|  71|0x0000000614800000, 0x0000000614800000, 0x0000000614c00000|  0%| F|  |TAMS 0x0000000614800000| PB 0x0000000614800000| Untracked 
|  72|0x0000000614c00000, 0x0000000614c00000, 0x0000000615000000|  0%| F|  |TAMS 0x0000000614c00000| PB 0x0000000614c00000| Untracked 
|  73|0x0000000615000000, 0x0000000615000000, 0x0000000615400000|  0%| F|  |TAMS 0x0000000615000000| PB 0x0000000615000000| Untracked 
|  74|0x0000000615400000, 0x0000000615400000, 0x0000000615800000|  0%| F|  |TAMS 0x0000000615400000| PB 0x0000000615400000| Untracked 
|  75|0x0000000615800000, 0x0000000615800000, 0x0000000615c00000|  0%| F|  |TAMS 0x0000000615800000| PB 0x0000000615800000| Untracked 
|  76|0x0000000615c00000, 0x0000000615c00000, 0x0000000616000000|  0%| F|  |TAMS 0x0000000615c00000| PB 0x0000000615c00000| Untracked 
|  77|0x0000000616000000, 0x0000000616000000, 0x0000000616400000|  0%| F|  |TAMS 0x0000000616000000| PB 0x0000000616000000| Untracked 
|  78|0x0000000616400000, 0x0000000616400000, 0x0000000616800000|  0%| F|  |TAMS 0x0000000616400000| PB 0x0000000616400000| Untracked 
|  79|0x0000000616800000, 0x0000000616800000, 0x0000000616c00000|  0%| F|  |TAMS 0x0000000616800000| PB 0x0000000616800000| Untracked 
|  80|0x0000000616c00000, 0x0000000616c00000, 0x0000000617000000|  0%| F|  |TAMS 0x0000000616c00000| PB 0x0000000616c00000| Untracked 
|  81|0x0000000617000000, 0x0000000617000000, 0x0000000617400000|  0%| F|  |TAMS 0x0000000617000000| PB 0x0000000617000000| Untracked 
|  82|0x0000000617400000, 0x0000000617400000, 0x0000000617800000|  0%| F|  |TAMS 0x0000000617400000| PB 0x0000000617400000| Untracked 
|  83|0x0000000617800000, 0x0000000617800000, 0x0000000617c00000|  0%| F|  |TAMS 0x0000000617800000| PB 0x0000000617800000| Untracked 
|  84|0x0000000617c00000, 0x0000000617c00000, 0x0000000618000000|  0%| F|  |TAMS 0x0000000617c00000| PB 0x0000000617c00000| Untracked 
|  85|0x0000000618000000, 0x0000000618000000, 0x0000000618400000|  0%| F|  |TAMS 0x0000000618000000| PB 0x0000000618000000| Untracked 
|  86|0x0000000618400000, 0x0000000618400000, 0x0000000618800000|  0%| F|  |TAMS 0x0000000618400000| PB 0x0000000618400000| Untracked 
|  87|0x0000000618800000, 0x0000000618800000, 0x0000000618c00000|  0%| F|  |TAMS 0x0000000618800000| PB 0x0000000618800000| Untracked 
|  88|0x0000000618c00000, 0x0000000618c00000, 0x0000000619000000|  0%| F|  |TAMS 0x0000000618c00000| PB 0x0000000618c00000| Untracked 
|  89|0x0000000619000000, 0x0000000619000000, 0x0000000619400000|  0%| F|  |TAMS 0x0000000619000000| PB 0x0000000619000000| Untracked 
|  90|0x0000000619400000, 0x0000000619400000, 0x0000000619800000|  0%| F|  |TAMS 0x0000000619400000| PB 0x0000000619400000| Untracked 
|  91|0x0000000619800000, 0x0000000619800000, 0x0000000619c00000|  0%| F|  |TAMS 0x0000000619800000| PB 0x0000000619800000| Untracked 
|  92|0x0000000619c00000, 0x0000000619c00000, 0x000000061a000000|  0%| F|  |TAMS 0x0000000619c00000| PB 0x0000000619c00000| Untracked 
|  93|0x000000061a000000, 0x000000061a000000, 0x000000061a400000|  0%| F|  |TAMS 0x000000061a000000| PB 0x000000061a000000| Untracked 
|  94|0x000000061a400000, 0x000000061a400000, 0x000000061a800000|  0%| F|  |TAMS 0x000000061a400000| PB 0x000000061a400000| Untracked 
|  95|0x000000061a800000, 0x000000061a800000, 0x000000061ac00000|  0%| F|  |TAMS 0x000000061a800000| PB 0x000000061a800000| Untracked 
|  96|0x000000061ac00000, 0x000000061ac00000, 0x000000061b000000|  0%| F|  |TAMS 0x000000061ac00000| PB 0x000000061ac00000| Untracked 
|  97|0x000000061b000000, 0x000000061b000000, 0x000000061b400000|  0%| F|  |TAMS 0x000000061b000000| PB 0x000000061b000000| Untracked 
|  98|0x000000061b400000, 0x000000061b400000, 0x000000061b800000|  0%| F|  |TAMS 0x000000061b400000| PB 0x000000061b400000| Untracked 
|  99|0x000000061b800000, 0x000000061b800000, 0x000000061bc00000|  0%| F|  |TAMS 0x000000061b800000| PB 0x000000061b800000| Untracked 
| 100|0x000000061bc00000, 0x000000061bc00000, 0x000000061c000000|  0%| F|  |TAMS 0x000000061bc00000| PB 0x000000061bc00000| Untracked 
| 101|0x000000061c000000, 0x000000061c000000, 0x000000061c400000|  0%| F|  |TAMS 0x000000061c000000| PB 0x000000061c000000| Untracked 
| 102|0x000000061c400000, 0x000000061c400000, 0x000000061c800000|  0%| F|  |TAMS 0x000000061c400000| PB 0x000000061c400000| Untracked 
| 103|0x000000061c800000, 0x000000061c800000, 0x000000061cc00000|  0%| F|  |TAMS 0x000000061c800000| PB 0x000000061c800000| Untracked 
| 104|0x000000061cc00000, 0x000000061cc00000, 0x000000061d000000|  0%| F|  |TAMS 0x000000061cc00000| PB 0x000000061cc00000| Untracked 
| 105|0x000000061d000000, 0x000000061d000000, 0x000000061d400000|  0%| F|  |TAMS 0x000000061d000000| PB 0x000000061d000000| Untracked 
| 106|0x000000061d400000, 0x000000061d400000, 0x000000061d800000|  0%| F|  |TAMS 0x000000061d400000| PB 0x000000061d400000| Untracked 
| 107|0x000000061d800000, 0x000000061d800000, 0x000000061dc00000|  0%| F|  |TAMS 0x000000061d800000| PB 0x000000061d800000| Untracked 
| 108|0x000000061dc00000, 0x000000061dc00000, 0x000000061e000000|  0%| F|  |TAMS 0x000000061dc00000| PB 0x000000061dc00000| Untracked 
| 109|0x000000061e000000, 0x000000061e000000, 0x000000061e400000|  0%| F|  |TAMS 0x000000061e000000| PB 0x000000061e000000| Untracked 
| 110|0x000000061e400000, 0x000000061e400000, 0x000000061e800000|  0%| F|  |TAMS 0x000000061e400000| PB 0x000000061e400000| Untracked 
| 111|0x000000061e800000, 0x000000061e800000, 0x000000061ec00000|  0%| F|  |TAMS 0x000000061e800000| PB 0x000000061e800000| Untracked 
| 112|0x000000061ec00000, 0x000000061ec00000, 0x000000061f000000|  0%| F|  |TAMS 0x000000061ec00000| PB 0x000000061ec00000| Untracked 
| 113|0x000000061f000000, 0x000000061f000000, 0x000000061f400000|  0%| F|  |TAMS 0x000000061f000000| PB 0x000000061f000000| Untracked 
| 114|0x000000061f400000, 0x000000061f400000, 0x000000061f800000|  0%| F|  |TAMS 0x000000061f400000| PB 0x000000061f400000| Untracked 
| 115|0x000000061f800000, 0x000000061f800000, 0x000000061fc00000|  0%| F|  |TAMS 0x000000061f800000| PB 0x000000061f800000| Untracked 
| 116|0x000000061fc00000, 0x000000061fc00000, 0x0000000620000000|  0%| F|  |TAMS 0x000000061fc00000| PB 0x000000061fc00000| Untracked 
| 117|0x0000000620000000, 0x0000000620000000, 0x0000000620400000|  0%| F|  |TAMS 0x0000000620000000| PB 0x0000000620000000| Untracked 
| 118|0x0000000620400000, 0x0000000620400000, 0x0000000620800000|  0%| F|  |TAMS 0x0000000620400000| PB 0x0000000620400000| Untracked 
| 119|0x0000000620800000, 0x0000000620800000, 0x0000000620c00000|  0%| F|  |TAMS 0x0000000620800000| PB 0x0000000620800000| Untracked 
| 120|0x0000000620c00000, 0x0000000620c00000, 0x0000000621000000|  0%| F|  |TAMS 0x0000000620c00000| PB 0x0000000620c00000| Untracked 
| 121|0x0000000621000000, 0x0000000621000000, 0x0000000621400000|  0%| F|  |TAMS 0x0000000621000000| PB 0x0000000621000000| Untracked 
| 122|0x0000000621400000, 0x0000000621400000, 0x0000000621800000|  0%| F|  |TAMS 0x0000000621400000| PB 0x0000000621400000| Untracked 
| 123|0x0000000621800000, 0x0000000621800000, 0x0000000621c00000|  0%| F|  |TAMS 0x0000000621800000| PB 0x0000000621800000| Untracked 
| 124|0x0000000621c00000, 0x0000000621c00000, 0x0000000622000000|  0%| F|  |TAMS 0x0000000621c00000| PB 0x0000000621c00000| Untracked 
| 125|0x0000000622000000, 0x00000006220fc3a0, 0x0000000622400000| 24%| E|  |TAMS 0x0000000622000000| PB 0x0000000622000000| Complete 
| 126|0x0000000622400000, 0x0000000622800000, 0x0000000622800000|100%| E|CS|TAMS 0x0000000622400000| PB 0x0000000622400000| Complete 
| 127|0x0000000622800000, 0x0000000622c00000, 0x0000000622c00000|100%| E|CS|TAMS 0x0000000622800000| PB 0x0000000622800000| Complete 

Card table byte_map: [0x0000020afc930000,0x0000020afd920000] _byte_map_base: 0x0000020af991a000

Marking Bits: (CMBitMap*) 0x0000020afae7dc40
 Bits: [0x0000020a97010000, 0x0000020a9ef60000)

Polling page: 0x0000020af8dc0000

Metaspace:

Usage:
  Non-class:      1.73 MB used.
      Class:    151.84 KB used.
       Both:      1.88 MB used.

Virtual space:
  Non-class space:       64.00 MB reserved,       1.81 MB (  3%) committed,  1 nodes.
      Class space:        1.00 GB reserved,     256.00 KB ( <1%) committed,  1 nodes.
             Both:        1.06 GB reserved,       2.06 MB ( <1%) committed. 

Chunk freelists:
   Non-Class:  3.45 MB
       Class:  3.67 MB
        Both:  7.12 MB

MaxMetaspaceSize: unlimited
CompressedClassSpaceSize: 1.00 GB
Initial GC threshold: 21.00 MB
Current GC threshold: 21.00 MB
CDS: on
MetaspaceReclaimPolicy: balanced
 - commit_granule_bytes: 65536.
 - commit_granule_words: 8192.
 - virtual_space_node_default_size: 8388608.
 - enlarge_chunks_in_place: 1.
 - new_chunks_are_fully_committed: 0.
 - uncommit_free_chunks: 1.
 - use_allocation_guard: 0.


Internal statistics:

num_allocs_failed_limit: 0.
num_arena_births: 74.
num_arena_deaths: 0.
num_vsnodes_births: 2.
num_vsnodes_deaths: 0.
num_space_committed: 33.
num_space_uncommitted: 0.
num_chunks_returned_to_freelist: 0.
num_chunks_taken_from_freelist: 106.
num_chunk_merges: 0.
num_chunk_splits: 72.
num_chunks_enlarged: 45.
num_inconsistent_stats: 0.

CodeHeap 'non-profiled nmethods': size=119168Kb used=146Kb max_used=146Kb free=119021Kb
 bounds [0x0000020a8fbb0000, 0x0000020a8fe20000, 0x0000020a97010000]
CodeHeap 'profiled nmethods': size=119104Kb used=614Kb max_used=614Kb free=118489Kb
 bounds [0x0000020a88010000, 0x0000020a88280000, 0x0000020a8f460000]
CodeHeap 'non-nmethods': size=7488Kb used=3148Kb max_used=3162Kb free=4339Kb
 bounds [0x0000020a8f460000, 0x0000020a8f780000, 0x0000020a8fbb0000]
 total_blobs=919 nmethods=475 adapters=352
 compilation: enabled
              stopped_count=0, restarted_count=0
 full_count=0

Compilation events (20 events):
Event: 0.421 Thread 0x0000020ae215c530 nmethod 466 0x0000020a880a7410 code [0x0000020a880a75e0, 0x0000020a880a7a38]
Event: 0.421 Thread 0x0000020ae215c530  468       1       java.net.URL::getRef (5 bytes)
Event: 0.421 Thread 0x0000020ae215c530 nmethod 468 0x0000020a8fbd3a90 code [0x0000020a8fbd3c00, 0x0000020a8fbd3cd0]
Event: 0.421 Thread 0x0000020ae2082100 nmethod 445 0x0000020a8fbd3d90 code [0x0000020a8fbd3f20, 0x0000020a8fbd43d0]
Event: 0.423 Thread 0x0000020ae215c530  469       3       java.nio.ByteBuffer::limit (8 bytes)
Event: 0.423 Thread 0x0000020ae215c530 nmethod 469 0x0000020a880a7c90 code [0x0000020a880a7e20, 0x0000020a880a7f70]
Event: 0.423 Thread 0x0000020ae2082100  470       4       java.util.concurrent.ConcurrentHashMap::tabAt (22 bytes)
Event: 0.423 Thread 0x0000020ae21a1c60  471       3       java.lang.StringBuilder::append (8 bytes)
Event: 0.423 Thread 0x0000020ae215c530  472       3       java.lang.AbstractStringBuilder::append (55 bytes)
Event: 0.423 Thread 0x0000020ae21a1c60 nmethod 471 0x0000020a880a8010 code [0x0000020a880a81a0, 0x0000020a880a82f0]
Event: 0.424 Thread 0x0000020ae215c530 nmethod 472 0x0000020a880a8390 code [0x0000020a880a8560, 0x0000020a880a88a0]
Event: 0.424 Thread 0x0000020ae2082100 nmethod 470 0x0000020a8fbd4690 code [0x0000020a8fbd4800, 0x0000020a8fbd4878]
Event: 0.425 Thread 0x0000020ae215c530  473       3       jdk.internal.jimage.ImageStringsReader::hashCode (33 bytes)
Event: 0.425 Thread 0x0000020ae2086f90  474       3       java.util.Optional::empty (6 bytes)
Event: 0.425 Thread 0x0000020ae215c530 nmethod 473 0x0000020a880a8a10 code [0x0000020a880a8ba0, 0x0000020a880a8d10]
Event: 0.425 Thread 0x0000020ae2086f90 nmethod 474 0x0000020a880a8e10 code [0x0000020a880a8fa0, 0x0000020a880a9098]
Event: 0.425 Thread 0x0000020ae2086f90  476       3       java.util.ArrayList::elementData (7 bytes)
Event: 0.425 Thread 0x0000020ae215c530  475       3       java.util.ArrayList::get (15 bytes)
Event: 0.425 Thread 0x0000020ae2086f90 nmethod 476 0x0000020a880a9110 code [0x0000020a880a92a0, 0x0000020a880a93e0]
Event: 0.425 Thread 0x0000020ae215c530 nmethod 475 0x0000020a880a9490 code [0x0000020a880a9640, 0x0000020a880a98a0]

GC Heap History (0 events):
No events

Dll operation events (9 events):
Event: 0.007 Loaded shared library C:\Program Files\Java\bin\java.dll
Event: 0.007 Loaded shared library C:\Program Files\Java\bin\zip.dll
Event: 0.018 Loaded shared library C:\Program Files\Java\bin\jsvml.dll
Event: 0.324 Loaded shared library C:\Program Files\Java\bin\instrument.dll
Event: 0.342 Loaded shared library C:\Program Files\Java\bin\net.dll
Event: 0.343 Loaded shared library C:\Program Files\Java\bin\nio.dll
Event: 0.350 Loaded shared library C:\Program Files\Java\bin\zip.dll
Event: 0.383 Loaded shared library C:\Program Files\Java\bin\jimage.dll
Event: 0.401 Loaded shared library C:\Users\Jam\AppData\Local\Temp\lwjglJam\3.3.1-build-7\lwjgl.dll

Deoptimization events (0 events):
No events

Classes loaded (20 events):
Event: 0.421 Loading class java/nio/BufferUnderflowException
Event: 0.421 Loading class java/nio/BufferUnderflowException done
Event: 0.421 Loading class org/lwjgl/system/MemoryStack
Event: 0.421 Loading class org/lwjgl/system/MemoryStack done
Event: 0.422 Loading class java/lang/IndexOutOfBoundsException
Event: 0.422 Loading class java/lang/IndexOutOfBoundsException done
Event: 0.422 Loading class org/lwjgl/system/MemoryStack$DebugMemoryStack
Event: 0.422 Loading class org/lwjgl/system/MemoryStack$DebugMemoryStack done
Event: 0.423 Loading class org/lwjgl/system/MemoryStack
Event: 0.423 Loading class org/lwjgl/system/MemoryStack done
Event: 0.423 Loading class org/lwjgl/system/MemoryStack
Event: 0.423 Loading class org/lwjgl/system/MemoryStack done
Event: 0.423 Loading class org/lwjgl/BufferUtils
Event: 0.423 Loading class org/lwjgl/BufferUtils done
Event: 0.423 Loading class org/lwjgl/system/windows/WinBase
Event: 0.423 Loading class org/lwjgl/system/windows/WinBase done
Event: 0.424 Loading class org/lwjgl/system/ThreadLocalUtil
Event: 0.424 Loading class org/lwjgl/system/ThreadLocalUtil done
Event: 0.425 Loading class org/lwjgl/glfw/GLFW$Functions
Event: 0.425 Loading class org/lwjgl/glfw/GLFW$Functions done

Classes unloaded (0 events):
No events

Classes redefined (0 events):
No events

Internal exceptions (19 events):
Event: 0.324 Thread 0x0000020afadcb200 Exception <a 'java/lang/NoSuchMethodError'{0x0000000622bc5120}: 'void java.lang.invoke.DirectMethodHandle$Holder.invokeStatic(java.lang.Object, java.lang.Object, java.lang.Object)'> (0x0000000622bc5120) 
thrown [s\open\src\hotspot\share\interpreter\linkResolver.cpp, line 773]
Event: 0.328 Thread 0x0000020afadcb200 Exception <a 'java/lang/NoSuchMethodError'{0x0000000622405df0}: 'java.lang.Object java.lang.invoke.Invokers$Holder.invokeExact_MT(java.lang.Object, java.lang.Object, java.lang.Object, java.lang.Object, java.lang.Object)'> (0x0000000622405df0) 
thrown [s\open\src\hotspot\share\interpreter\linkResolver.cpp, line 773]
Event: 0.371 Thread 0x0000020afadcb200 Exception <a 'java/lang/NoSuchMethodError'{0x00000006226ca3d0}: 'void java.lang.invoke.DirectMethodHandle$Holder.invokeStatic(java.lang.Object, java.lang.Object)'> (0x00000006226ca3d0) 
thrown [s\open\src\hotspot\share\interpreter\linkResolver.cpp, line 773]
Event: 0.371 Thread 0x0000020afadcb200 Exception <a 'java/lang/NoSuchMethodError'{0x00000006226d49a8}: 'void java.lang.System.load(java.lang.String, java.lang.Class)'> (0x00000006226d49a8) 
thrown [s\open\src\hotspot\share\interpreter\linkResolver.cpp, line 773]
Event: 0.371 Thread 0x0000020afadcb200 Exception <a 'java/lang/NoSuchMethodError'{0x00000006226d5378}: 'void java.lang.invoke.DirectMethodHandle$Holder.invokeSpecial(java.lang.Object, java.lang.Object, java.lang.Object)'> (0x00000006226d5378) 
thrown [s\open\src\hotspot\share\interpreter\linkResolver.cpp, line 773]
Event: 0.373 Thread 0x0000020afadcb200 Exception <a 'java/lang/NoSuchMethodError'{0x00000006226e9110}: 'java.lang.Object java.lang.invoke.DirectMethodHandle$Holder.invokeStatic(java.lang.Object, java.lang.Object, int)'> (0x00000006226e9110) 
thrown [s\open\src\hotspot\share\interpreter\linkResolver.cpp, line 773]
Event: 0.374 Thread 0x0000020afadcb200 Exception <a 'java/lang/NoSuchMethodError'{0x00000006226f4678}: 'void java.lang.invoke.DelegatingMethodHandle$Holder.delegate(java.lang.Object, java.lang.Object, int, java.lang.Object)'> (0x00000006226f4678) 
thrown [s\open\src\hotspot\share\interpreter\linkResolver.cpp, line 773]
Event: 0.374 Thread 0x0000020afadcb200 Exception <a 'java/lang/NoSuchMethodError'{0x00000006226f8308}: 'int java.lang.invoke.DirectMethodHandle$Holder.invokeSpecial(java.lang.Object, java.lang.Object, java.lang.Object)'> (0x00000006226f8308) 
thrown [s\open\src\hotspot\share\interpreter\linkResolver.cpp, line 773]
Event: 0.377 Thread 0x0000020afadcb200 Exception <a 'java/lang/NoSuchMethodError'{0x00000006227147f0}: 'void java.lang.System.loadLibrary(java.lang.String, java.lang.Class)'> (0x00000006227147f0) 
thrown [s\open\src\hotspot\share\interpreter\linkResolver.cpp, line 773]
Event: 0.399 Thread 0x0000020afadcb200 Exception <a 'sun/nio/fs/WindowsException'{0x00000006227d6e28}> (0x00000006227d6e28) 
thrown [s\open\src\hotspot\share\prims\jni.cpp, line 519]
Event: 0.399 Thread 0x0000020afadcb200 Exception <a 'sun/nio/fs/WindowsException'{0x00000006227d8410}> (0x00000006227d8410) 
thrown [s\open\src\hotspot\share\prims\jni.cpp, line 519]
Event: 0.408 Thread 0x0000020afadcb200 Exception <a 'sun/nio/fs/WindowsException'{0x0000000622004a80}> (0x0000000622004a80) 
thrown [s\open\src\hotspot\share\prims\jni.cpp, line 519]
Event: 0.408 Thread 0x0000020afadcb200 Exception <a 'sun/nio/fs/WindowsException'{0x0000000622004dd0}> (0x0000000622004dd0) 
thrown [s\open\src\hotspot\share\prims\jni.cpp, line 519]
Event: 0.417 Thread 0x0000020afadcb200 Exception <a 'java/lang/NoSuchMethodError'{0x0000000622070ea0}: 'int java.lang.invoke.DirectMethodHandle$Holder.invokeStaticInit(java.lang.Object, java.lang.Object, int, long)'> (0x0000000622070ea0) 
thrown [s\open\src\hotspot\share\interpreter\linkResolver.cpp, line 773]
Event: 0.417 Thread 0x0000020afadcb200 Exception <a 'java/lang/NoSuchMethodError'{0x00000006220764d8}: 'java.lang.Object java.lang.invoke.DirectMethodHandle$Holder.newInvokeSpecial(java.lang.Object, java.lang.Object, int)'> (0x00000006220764d8) 
thrown [s\open\src\hotspot\share\interpreter\linkResolver.cpp, line 773]
Event: 0.419 Thread 0x0000020afadcb200 Exception <a 'java/lang/NoSuchMethodError'{0x000000062208a060}: 'int java.lang.invoke.DirectMethodHandle$Holder.invokeStaticInit(java.lang.Object, java.lang.Object, long, long)'> (0x000000062208a060) 
thrown [s\open\src\hotspot\share\interpreter\linkResolver.cpp, line 773]
Event: 0.419 Thread 0x0000020afadcb200 Exception <a 'java/lang/NoSuchMethodError'{0x000000062208fea8}: 'java.lang.Object java.lang.invoke.DirectMethodHandle$Holder.newInvokeSpecial(java.lang.Object, java.lang.Object, long)'> (0x000000062208fea8) 
thrown [s\open\src\hotspot\share\interpreter\linkResolver.cpp, line 773]
Event: 0.419 Thread 0x0000020afadcb200 Exception <a 'java/lang/NoSuchMethodError'{0x0000000622093c60}: 'java.lang.Object java.lang.invoke.Invokers$Holder.linkToTargetMethod(java.lang.Object, long, java.lang.Object)'> (0x0000000622093c60) 
thrown [s\open\src\hotspot\share\interpreter\linkResolver.cpp, line 773]
Event: 0.420 Thread 0x0000020afadcb200 Exception <a 'java/lang/NoSuchMethodError'{0x000000062209ac98}: 'int java.lang.invoke.DirectMethodHandle$Holder.invokeStaticInit(java.lang.Object, java.lang.Object, java.lang.Object, long)'> (0x000000062209ac98) 
thrown [s\open\src\hotspot\share\interpreter\linkResolver.cpp, line 773]

VM Operations (4 events):
Event: 0.321 Executing VM operation: ChangeBreakpoints
Event: 0.321 Executing VM operation: ChangeBreakpoints done
Event: 0.321 Executing VM operation: ChangeBreakpoints
Event: 0.322 Executing VM operation: ChangeBreakpoints done

Events (17 events):
Event: 0.018 Thread 0x0000020afadcb200 Thread added: 0x0000020afadcb200
Event: 0.025 Thread 0x0000020ae206bf70 Thread added: 0x0000020ae206bf70
Event: 0.025 Thread 0x0000020ae206ca10 Thread added: 0x0000020ae206ca10
Event: 0.025 Thread 0x0000020ae206f880 Thread added: 0x0000020ae206f880
Event: 0.025 Thread 0x0000020ae2071960 Thread added: 0x0000020ae2071960
Event: 0.025 Thread 0x0000020ae2079200 Thread added: 0x0000020ae2079200
Event: 0.025 Thread 0x0000020ae20738c0 Thread added: 0x0000020ae20738c0
Event: 0.025 Thread 0x0000020ae2082100 Thread added: 0x0000020ae2082100
Event: 0.025 Thread 0x0000020ae2086f90 Thread added: 0x0000020ae2086f90
Event: 0.036 Thread 0x0000020ae215bbe0 Thread added: 0x0000020ae215bbe0
Event: 0.039 Thread 0x0000020ae215c530 Thread added: 0x0000020ae215c530
Event: 0.039 Thread 0x0000020ae21a1c60 Thread added: 0x0000020ae21a1c60
Event: 0.040 Thread 0x0000020ae21a33e0 Thread added: 0x0000020ae21a33e0
Event: 0.047 Thread 0x0000020ae2240ff0 Thread added: 0x0000020ae2240ff0
Event: 0.047 Thread 0x0000020ae2241970 Thread added: 0x0000020ae2241970
Event: 0.047 Thread 0x0000020ae2241ed0 Thread added: 0x0000020ae2241ed0
Event: 0.331 Thread 0x0000020ae225d510 Thread added: 0x0000020ae225d510


Dynamic libraries:
0x00007ff6dffd0000 - 0x00007ff6dffe0000 	C:\Program Files\Java\bin\java.exe
0x00007ff8759f0000 - 0x00007ff875c04000 	C:\Windows\SYSTEM32\ntdll.dll
0x00007ff873d20000 - 0x00007ff873de4000 	C:\Windows\System32\KERNEL32.DLL
0x00007ff872f70000 - 0x00007ff873314000 	C:\Windows\System32\KERNELBASE.dll
0x00007ff872dd0000 - 0x00007ff872ee1000 	C:\Windows\System32\ucrtbase.dll
0x00007ff85af50000 - 0x00007ff85af69000 	C:\Program Files\Java\bin\jli.dll
0x00007ff85ae10000 - 0x00007ff85ae2b000 	C:\Program Files\Java\bin\VCRUNTIME140.dll
0x00007ff875250000 - 0x00007ff875300000 	C:\Windows\System32\ADVAPI32.dll
0x00007ff875300000 - 0x00007ff8753a7000 	C:\Windows\System32\msvcrt.dll
0x00007ff873780000 - 0x00007ff873826000 	C:\Windows\System32\sechost.dll
0x00007ff874d80000 - 0x00007ff874e97000 	C:\Windows\System32\RPCRT4.dll
0x00007ff873940000 - 0x00007ff873aee000 	C:\Windows\System32\USER32.dll
0x00007ff872da0000 - 0x00007ff872dc6000 	C:\Windows\System32\win32u.dll
0x00007ff873ef0000 - 0x00007ff873f19000 	C:\Windows\System32\GDI32.dll
0x00007ff8631f0000 - 0x00007ff863483000 	C:\Windows\WinSxS\amd64_microsoft.windows.common-controls_6595b64144ccf1df_6.0.22621.2215_none_270d72677387dfc3\COMCTL32.dll
0x00007ff873550000 - 0x00007ff873668000 	C:\Windows\System32\gdi32full.dll
0x00007ff873670000 - 0x00007ff87370a000 	C:\Windows\System32\msvcp_win.dll
0x00007ff869020000 - 0x00007ff86902a000 	C:\Windows\SYSTEM32\VERSION.dll
0x00007ff873df0000 - 0x00007ff873e21000 	C:\Windows\System32\IMM32.DLL
0x00007ff85a8e0000 - 0x00007ff85a8ec000 	C:\Program Files\Java\bin\vcruntime140_1.dll
0x00007ff82f950000 - 0x00007ff82f9de000 	C:\Program Files\Java\bin\msvcp140.dll
0x00007ff82e740000 - 0x00007ff82f3d8000 	C:\Program Files\Java\bin\server\jvm.dll
0x00007ff86e150000 - 0x00007ff86e159000 	C:\Windows\SYSTEM32\WSOCK32.dll
0x00007ff8738c0000 - 0x00007ff873931000 	C:\Windows\System32\WS2_32.dll
0x00007ff867450000 - 0x00007ff867484000 	C:\Windows\SYSTEM32\WINMM.dll
0x00007ff871e10000 - 0x00007ff871e28000 	C:\Windows\SYSTEM32\kernel.appcore.dll
0x00007ff85a8d0000 - 0x00007ff85a8da000 	C:\Program Files\Java\bin\jimage.dll
0x00007ff863b20000 - 0x00007ff863d4e000 	C:\Windows\SYSTEM32\DBGHELP.DLL
0x00007ff873f30000 - 0x00007ff8742ba000 	C:\Windows\System32\combase.dll
0x00007ff8753b0000 - 0x00007ff875487000 	C:\Windows\System32\OLEAUT32.dll
0x00007ff865500000 - 0x00007ff865532000 	C:\Windows\SYSTEM32\dbgcore.DLL
0x00007ff872ef0000 - 0x00007ff872f6a000 	C:\Windows\System32\bcryptPrimitives.dll
0x00007ff85af00000 - 0x00007ff85af3c000 	C:\Program Files\Java\bin\jdwp.dll
0x00007ff85aeb0000 - 0x00007ff85aebe000 	C:\Program Files\Java\bin\instrument.dll
0x00007ff850370000 - 0x00007ff850396000 	C:\Program Files\Java\bin\java.dll
0x00007ff84cc30000 - 0x00007ff84cc48000 	C:\Program Files\Java\bin\zip.dll
0x00007ff82e660000 - 0x00007ff82e737000 	C:\Program Files\Java\bin\jsvml.dll
0x00007ff8742c0000 - 0x00007ff874ae3000 	C:\Windows\System32\SHELL32.dll
0x00007ff870cf0000 - 0x00007ff8715da000 	C:\Windows\SYSTEM32\windows.storage.dll
0x00007ff870bb0000 - 0x00007ff870cee000 	C:\Windows\SYSTEM32\wintypes.dll
0x00007ff875150000 - 0x00007ff875243000 	C:\Windows\System32\SHCORE.dll
0x00007ff874fa0000 - 0x00007ff874ffe000 	C:\Windows\System32\shlwapi.dll
0x00007ff872cd0000 - 0x00007ff872cf6000 	C:\Windows\SYSTEM32\profapi.dll
0x00007ff85aea0000 - 0x00007ff85aeac000 	C:\Program Files\Java\bin\dt_socket.dll
0x00007ff8718b0000 - 0x00007ff8718dd000 	C:\Windows\SYSTEM32\IPHLPAPI.DLL
0x00007ff872310000 - 0x00007ff872379000 	C:\Windows\system32\mswsock.dll
0x00007ff8535c0000 - 0x00007ff8535d3000 	C:\Program Files\Java\bin\net.dll
0x00007ff86b9e0000 - 0x00007ff86bb17000 	C:\Windows\SYSTEM32\WINHTTP.dll
0x00007ff850350000 - 0x00007ff850366000 	C:\Program Files\Java\bin\nio.dll
0x00007ff85a810000 - 0x00007ff85a885000 	C:\Users\Jam\AppData\Local\Temp\lwjglJam\3.3.1-build-7\lwjgl.dll
0x00007ff85a210000 - 0x00007ff85a271000 	C:\Users\Jam\AppData\Local\Temp\lwjglJam\3.3.1-build-7\glfw.dll

dbghelp: loaded successfully - version: 4.0.5 - missing functions: none
symbol engine: initialized successfully - sym options: 0x614 - pdb path: .;C:\Program Files\Java\bin;C:\Windows\SYSTEM32;C:\Windows\WinSxS\amd64_microsoft.windows.common-controls_6595b64144ccf1df_6.0.22621.2215_none_270d72677387dfc3;C:\Program Files\Java\bin\server;C:\Users\Jam\AppData\Local\Temp\lwjglJam\3.3.1-build-7

VM Arguments:
jvm_args: -agentlib:jdwp=transport=dt_socket,address=127.0.0.1:49550,suspend=y,server=n -javaagent:C:\Users\Jam\AppData\Local\JetBrains\IntelliJIdea2023.2\captureAgent\debugger-agent.jar -Dfile.encoding=UTF-8 -Dsun.stdout.encoding=UTF-8 -Dsun.stderr.encoding=UTF-8 
java_command: ShadowDance
java_class_path (initial): G:\SWEN_project1\hongjianz1-project-1\target\classes;C:\Users\Jam\.m2\repository\org\lwjgl\lwjgl\3.3.1\lwjgl-3.3.1.jar;C:\Users\Jam\.m2\repository\org\lwjgl\lwjgl-assimp\3.3.1\lwjgl-assimp-3.3.1.jar;C:\Users\Jam\.m2\repository\org\lwjgl\lwjgl-glfw\3.3.1\lwjgl-glfw-3.3.1.jar;C:\Users\Jam\.m2\repository\org\lwjgl\lwjgl-openal\3.3.1\lwjgl-openal-3.3.1.jar;C:\Users\Jam\.m2\repository\org\lwjgl\lwjgl-opengl\3.3.1\lwjgl-opengl-3.3.1.jar;C:\Users\Jam\.m2\repository\org\lwjgl\lwjgl-stb\3.3.1\lwjgl-stb-3.3.1.jar;C:\Users\Jam\.m2\repository\org\lwjgl\lwjgl\3.3.1\lwjgl-3.3.1-natives-windows.jar;C:\Users\Jam\.m2\repository\org\lwjgl\lwjgl-assimp\3.3.1\lwjgl-assimp-3.3.1-natives-windows.jar;C:\Users\Jam\.m2\repository\org\lwjgl\lwjgl-glfw\3.3.1\lwjgl-glfw-3.3.1-natives-windows.jar;C:\Users\Jam\.m2\repository\org\lwjgl\lwjgl-openal\3.3.1\lwjgl-openal-3.3.1-natives-windows.jar;C:\Users\Jam\.m2\repository\org\lwjgl\lwjgl-opengl\3.3.1\lwjgl-opengl-3.3.1-natives-windows.jar;C:\Users\Jam\.m2\repository\org\lwjgl\lwjgl-stb\3.3.1\lwjgl-stb-3.3.1-natives-windows.jar;C:\Users\Jam\.m2\repository\io\github\eleanor-em\bagel\1.9.3\bagel-1.9.3.jar;E:\IntelliJ IDEA 2023.2\lib\idea_rt.jar
Launcher Type: SUN_STANDARD

[Global flags]
     intx CICompilerCount                          = 12                                        {product} {ergonomic}
     uint ConcGCThreads                            = 4                                         {product} {ergonomic}
     uint G1ConcRefinementThreads                  = 15                                        {product} {ergonomic}
   size_t G1HeapRegionSize                         = 4194304                                   {product} {ergonomic}
    uintx GCDrainStackTargetSize                   = 64                                        {product} {ergonomic}
   size_t InitialHeapSize                          = 536870912                                 {product} {ergonomic}
   size_t MarkStackSize                            = 4194304                                   {product} {ergonomic}
   size_t MaxHeapSize                              = 8543797248                                {product} {ergonomic}
   size_t MaxNewSize                               = 5125439488                                {product} {ergonomic}
   size_t MinHeapDeltaBytes                        = 4194304                                   {product} {ergonomic}
   size_t MinHeapSize                              = 8388608                                   {product} {ergonomic}
    uintx NonNMethodCodeHeapSize                   = 7602480                                {pd product} {ergonomic}
    uintx NonProfiledCodeHeapSize                  = 122027880                              {pd product} {ergonomic}
    uintx ProfiledCodeHeapSize                     = 122027880                              {pd product} {ergonomic}
    uintx ReservedCodeCacheSize                    = 251658240                              {pd product} {ergonomic}
     bool SegmentedCodeCache                       = true                                      {product} {ergonomic}
   size_t SoftMaxHeapSize                          = 8543797248                             {manageable} {ergonomic}
     bool UseCompressedClassPointers               = true                           {product lp64_product} {ergonomic}
     bool UseCompressedOops                        = true                           {product lp64_product} {ergonomic}
     bool UseG1GC                                  = true                                      {product} {ergonomic}
     bool UseLargePagesIndividualAllocation        = false                                  {pd product} {ergonomic}

Logging:
Log output configuration:
 #0: stdout all=warning uptime,level,tags foldmultilines=false
 #1: stderr all=off uptime,level,tags foldmultilines=false

Environment Variables:
PATH=C:\Program Files\Common Files\Oracle\Java\javapath;C:\Windows\system32;C:\Windows;C:\Windows\System32\Wbem;C:\Windows\System32\WindowsPowerShell\v1.0\;C:\Windows\System32\OpenSSH\;C:\Program Files\NVIDIA Corporation\NVIDIA NvDLISR;C:\Program Files (x86)\NVIDIA Corporation\PhysX\Common;E:\Git\cmd;C:\Users\Jam\AppData\Local\Microsoft\WindowsApps;;E:\Microsoft VS Code\bin;E:\IntelliJ IDEA 2023.2\bin;
USERNAME=Jam
OS=Windows_NT
PROCESSOR_IDENTIFIER=Intel64 Family 6 Model 151 Stepping 2, GenuineIntel
TMP=C:\Users\Jam\AppData\Local\Temp
TEMP=C:\Users\Jam\AppData\Local\Temp




---------------  S Y S T E M  ---------------

OS:
 Windows 11 , 64 bit Build 22621 (10.0.22621.2215)
OS uptime: 0 days 18:07 hours
Hyper-V role detected

CPU: total 20 (initial active 20) (10 cores per cpu, 2 threads per core) family 6 model 151 stepping 2 microcode 0x26, cx8, cmov, fxsr, ht, mmx, 3dnowpref, sse, sse2, sse3, ssse3, sse4.1, sse4.2, popcnt, lzcnt, tsc, tscinvbit, avx, avx2, aes, erms, clmul, bmi1, bmi2, adx, sha, fma, vzeroupper, clflush, clflushopt, clwb, hv, serialize, rdtscp, rdpid, fsrm, f16c, cet_ibt, cet_ss

Memory: 4k page, system-wide physical 32581M (16690M free)
TotalPageFile size 52037M (AvailPageFile size 19834M)
current process WorkingSet (physical memory assigned to process): 50M, peak: 50M
current process commit charge ("private bytes"): 623M, peak: 623M

vm_info: Java HotSpot(TM) 64-Bit Server VM (20.0.2+9-78) for windows-amd64 JRE (20.0.2+9-78), built on 2023-06-14T10:08:48Z by "mach5one" with MS VC++ 17.1 (VS2022)

END.
