#
# A fatal error has been detected by the Java Runtime Environment:
#
#  EXCEPTION_ACCESS_VIOLATION (0xc0000005) at pc=0x00007ff85a19c64d, pid=38792, tid=37512
#
# JRE version: Java(TM) SE Runtime Environment (20.0.2+9) (build 20.0.2+9-78)
# Java VM: Java HotSpot(TM) 64-Bit Server VM (20.0.2+9-78, mixed mode, sharing, tiered, compressed oops, compressed class ptrs, g1 gc, windows-amd64)
# Problematic frame:
# C  [lwjgl_opengl.dll+0xc64d]
#
# No core dump will be written. Minidumps are not enabled by default on client versions of Windows
#
# If you would like to submit a bug report, please visit:
#   https://bugreport.java.com/bugreport/crash.jsp
# The crash happened outside the Java Virtual Machine in native code.
# See problematic frame for where to report the bug.
#

---------------  S U M M A R Y ------------

Command Line: -javaagent:E:\IntelliJ IDEA 2023.2\lib\idea_rt.jar=49602:E:\IntelliJ IDEA 2023.2\bin -Dfile.encoding=UTF-8 -Dsun.stdout.encoding=UTF-8 -Dsun.stderr.encoding=UTF-8 ShadowDance

Host: 12th Gen Intel(R) Core(TM) i7-12700KF, 20 cores, 31G,  Windows 11 , 64 bit Build 22621 (10.0.22621.2215)
Time: Mon Sep 18 06:19:50 2023  Windows 11 , 64 bit Build 22621 (10.0.22621.2215) elapsed time: 0.263516 seconds (0d 0h 0m 0s)

---------------  T H R E A D  ---------------

Current thread (0x000002a9790a93b0):  JavaThread "main" [_thread_in_native, id=37512, stack(0x000000b3b7a00000,0x000000b3b7b00000)]

Stack: [0x000000b3b7a00000,0x000000b3b7b00000],  sp=0x000000b3b7aff068,  free space=1020k
Native frames: (J=compiled Java code, j=interpreted, Vv=VM code, C=native code)
C  [lwjgl_opengl.dll+0xc64d]

Java frames: (J=compiled Java code, j=interpreted, Vv=VM code)
j  org.lwjgl.opengl.GL11C.nglGenTextures(IJ)V+0
j  org.lwjgl.opengl.GL11C.glGenTextures()I+20
j  org.lwjgl.opengl.GL11.glGenTextures()I+0
j  bagel.Texture.<init>(IILjava/nio/ByteBuffer;)V+21
j  bagel.InternalFont.<init>(Ljava/lang/String;I)V+231
j  bagel.TextureManager.getFont(Ljava/lang/String;I)Lbagel/InternalFont;+41
j  bagel.Font.<init>(Ljava/lang/String;I)V+7
j  ShadowDance.<clinit>()V+8
v  ~StubRoutines::call_stub 0x000002a90f46100d

siginfo: EXCEPTION_ACCESS_VIOLATION (0xc0000005), reading address 0x00000000000002d8


Registers:
RAX=0x000002a9644be700, RBX=0x000002a960947cb8, RCX=0x0000000000000001, RDX=0x000002a9644d686c
RSP=0x000000b3b7aff068, RBP=0x000000b3b7aff0f8, RSI=0x000002a960557808, RDI=0x000002a90f47df59
R8 =0x0000000000000001, R9 =0x000002a9644d686c, R10=0x0000000000000000, R11=0x0000000622082178
R12=0x0000000000000000, R13=0x000002a960947cb8, R14=0x000000b3b7aff128, R15=0x000002a9790a93b0
RIP=0x00007ff85a19c64d, EFLAGS=0x0000000000010206


Register to memory mapping:

RIP=0x00007ff85a19c64d lwjgl_opengl.dll
RAX=0x000002a9644be700 points into unknown readable memory: 0x0000000000000000 | 00 00 00 00 00 00 00 00
RBX={method} {0x000002a960947cc0} 'nglGenTextures' '(IJ)V' in 'org/lwjgl/opengl/GL11C'
RCX=0x0000000000000001 is an unknown value
RDX=0x000002a9644d686c points into unknown readable memory: 00 00 00 00
RSP=0x000000b3b7aff068 is pointing into the stack for thread: 0x000002a9790a93b0
RBP=0x000000b3b7aff0f8 is pointing into the stack for thread: 0x000002a9790a93b0
RSI=0x000002a960557808 is pointing into metadata
RDI=0x000002a90f47df59 is at code_begin+1305 in an Interpreter codelet
return entry points  [0x000002a90f47da40, 0x000002a90f47e508]  2760 bytes
R8 =0x0000000000000001 is an unknown value
R9 =0x000002a9644d686c points into unknown readable memory: 00 00 00 00
R10=0x0 is NULL
R11=0x0000000622082178 is an oop: java.lang.Class 
{0x0000000622082178} - klass: 'java/lang/Class'
 - ---- fields (total size 116 words):
 - private volatile transient 'classRedefinedCount' 'I' @12  0 (0x00000000)
 - abstract internal 'klass' 'J' @16  2925409699264 (0x000002a9200185c0)
 - abstract internal 'array_klass' 'J' @24  0 (0x0000000000000000)
 - abstract internal 'oop_size' 'I' @32  116 (0x00000074)
 - abstract internal 'static_oop_field_count' 'I' @36  0 (0x00000000)
 - private volatile transient 'cachedConstructor' 'Ljava/lang/reflect/Constructor;' @40  NULL (0x00000000)
 - private transient 'name' 'Ljava/lang/String;' @44  "org.lwjgl.opengl.GL11C"{0x0000000622082518} (0xc44104a3)
 - private transient 'module' 'Ljava/lang/Module;' @48  a 'java/lang/Module'{0x0000000622979910} (0xc452f322)
 - private final 'classLoader' 'Ljava/lang/ClassLoader;' @52  a 'jdk/internal/loader/ClassLoaders$AppClassLoader'{0x0000000622979750} (0xc452f2ea)
 - private transient 'classData' 'Ljava/lang/Object;' @56  NULL (0x00000000)
 - private transient 'packageName' 'Ljava/lang/String;' @60  "org.lwjgl.opengl"{0x00000006227dce30} (0xc44fb9c6)
 - private final 'componentType' 'Ljava/lang/Class;' @64  NULL (0x00000000)
 - private volatile transient 'reflectionData' 'Ljava/lang/ref/SoftReference;' @68  NULL (0x00000000)
 - private volatile transient 'genericInfo' 'Lsun/reflect/generics/repository/ClassRepository;' @72  NULL (0x00000000)
 - private volatile transient 'enumConstants' '[Ljava/lang/Object;' @76  NULL (0x00000000)
 - private volatile transient 'enumConstantDirectory' 'Ljava/util/Map;' @80  NULL (0x00000000)
 - private volatile transient 'annotationData' 'Ljava/lang/Class$AnnotationData;' @84  NULL (0x00000000)
 - private volatile transient 'annotationType' 'Lsun/reflect/annotation/AnnotationType;' @88  NULL (0x00000000)
 - transient 'classValueMap' 'Ljava/lang/ClassValue$ClassValueMap;' @92  NULL (0x00000000)
 - abstract internal 'protection_domain' 'Ljava/lang/Object;' @96  a 'java/security/ProtectionDomain'{0x00000006227e8958} (0xc44fd12b)
 - abstract internal 'signers_name' 'Ljava/lang/Object;' @100  NULL (0x00000000)
 - abstract internal 'source_file' 'Ljava/lang/Object;' @104  NULL (0x00000000)
 - signature: Lorg/lwjgl/opengl/GL11C;
 - ---- static fields (0):
 - public static final 'GL_NEVER' 'I' @112  512 (0x00000200)
 - public static final 'GL_LESS' 'I' @116  513 (0x00000201)
 - public static final 'GL_EQUAL' 'I' @120  514 (0x00000202)
 - public static final 'GL_LEQUAL' 'I' @124  515 (0x00000203)
 - public static final 'GL_GREATER' 'I' @128  516 (0x00000204)
 - public static final 'GL_NOTEQUAL' 'I' @132  517 (0x00000205)
 - public static final 'GL_GEQUAL' 'I' @136  518 (0x00000206)
 - public static final 'GL_ALWAYS' 'I' @140  519 (0x00000207)
 - public static final 'GL_DEPTH_BUFFER_BIT' 'I' @144  256 (0x00000100)
 - public static final 'GL_STENCIL_BUFFER_BIT' 'I' @148  1024 (0x00000400)
 - public static final 'GL_COLOR_BUFFER_BIT' 'I' @152  16384 (0x00004000)
 - public static final 'GL_POINTS' 'I' @156  0 (0x00000000)
 - public static final 'GL_LINES' 'I' @160  1 (0x00000001)
 - public static final 'GL_LINE_LOOP' 'I' @164  2 (0x00000002)
 - public static final 'GL_LINE_STRIP' 'I' @168  3 (0x00000003)
 - public static final 'GL_TRIANGLES' 'I' @172  4 (0x00000004)
 - public static final 'GL_TRIANGLE_STRIP' 'I' @176  5 (0x00000005)
 - public static final 'GL_TRIANGLE_FAN' 'I' @180  6 (0x00000006)
 - public static final 'GL_QUADS' 'I' @184  7 (0x00000007)
 - public static final 'GL_ZERO' 'I' @188  0 (0x00000000)
 - public static final 'GL_ONE' 'I' @192  1 (0x00000001)
 - public static final 'GL_SRC_COLOR' 'I' @196  768 (0x00000300)
 - public static final 'GL_ONE_MINUS_SRC_COLOR' 'I' @200  769 (0x00000301)
 - public static final 'GL_SRC_ALPHA' 'I' @204  770 (0x00000302)
 - public static final 'GL_ONE_MINUS_SRC_ALPHA' 'I' @208  771 (0x00000303)
 - public static final 'GL_DST_ALPHA' 'I' @212  772 (0x00000304)
 - public static final 'GL_ONE_MINUS_DST_ALPHA' 'I' @216  773 (0x00000305)
 - public static final 'GL_DST_COLOR' 'I' @220  774 (0x00000306)
 - public static final 'GL_ONE_MINUS_DST_COLOR' 'I' @224  775 (0x00000307)
 - public static final 'GL_SRC_ALPHA_SATURATE' 'I' @228  776 (0x00000308)
 - public static final 'GL_TRUE' 'I' @232  1 (0x00000001)
 - public static final 'GL_FALSE' 'I' @236  0 (0x00000000)
 - public static final 'GL_BYTE' 'I' @240  5120 (0x00001400)
 - public static final 'GL_UNSIGNED_BYTE' 'I' @244  5121 (0x00001401)
 - public static final 'GL_SHORT' 'I' @248  5122 (0x00001402)
 - public static final 'GL_UNSIGNED_SHORT' 'I' @252  5123 (0x00001403)
 - public static final 'GL_INT' 'I' @256  5124 (0x00001404)
 - public static final 'GL_UNSIGNED_INT' 'I' @260  5125 (0x00001405)
 - public static final 'GL_FLOAT' 'I' @264  5126 (0x00001406)
 - public static final 'GL_DOUBLE' 'I' @268  5130 (0x0000140a)
 - public static final 'GL_NONE' 'I' @272  0 (0x00000000)
 - public static final 'GL_FRONT_LEFT' 'I' @276  1024 (0x00000400)
 - public static final 'GL_FRONT_RIGHT' 'I' @280  1025 (0x00000401)
 - public static final 'GL_BACK_LEFT' 'I' @284  1026 (0x00000402)
 - public static final 'GL_BACK_RIGHT' 'I' @288  1027 (0x00000403)
 - public static final 'GL_FRONT' 'I' @292  1028 (0x00000404)
 - public static final 'GL_BACK' 'I' @296  1029 (0x00000405)
 - public static final 'GL_LEFT' 'I' @300  1030 (0x00000406)
 - public static final 'GL_RIGHT' 'I' @304  1031 (0x00000407)
 - public static final 'GL_FRONT_AND_BACK' 'I' @308  1032 (0x00000408)
 - public static final 'GL_NO_ERROR' 'I' @312  0 (0x00000000)
 - public static final 'GL_INVALID_ENUM' 'I' @316  1280 (0x00000500)
 - public static final 'GL_INVALID_VALUE' 'I' @320  1281 (0x00000501)
 - public static final 'GL_INVALID_OPERATION' 'I' @324  1282 (0x00000502)
 - public static final 'GL_STACK_OVERFLOW' 'I' @328  1283 (0x00000503)
 - public static final 'GL_STACK_UNDERFLOW' 'I' @332  1284 (0x00000504)
 - public static final 'GL_OUT_OF_MEMORY' 'I' @336  1285 (0x00000505)
 - public static final 'GL_CW' 'I' @340  2304 (0x00000900)
 - public static final 'GL_CCW' 'I' @344  2305 (0x00000901)
 - public static final 'GL_POINT_SIZE' 'I' @348  2833 (0x00000b11)
 - public static final 'GL_POINT_SIZE_RANGE' 'I' @352  2834 (0x00000b12)
 - public static final 'GL_POINT_SIZE_GRANULARITY' 'I' @356  2835 (0x00000b13)
 - public static final 'GL_LINE_SMOOTH' 'I' @360  2848 (0x00000b20)
 - public static final 'GL_LINE_WIDTH' 'I' @364  2849 (0x00000b21)
 - public static final 'GL_LINE_WIDTH_RANGE' 'I' @368  2850 (0x00000b22)
 - public static final 'GL_LINE_WIDTH_GRANULARITY' 'I' @372  2851 (0x00000b23)
 - public static final 'GL_POLYGON_MODE' 'I' @376  2880 (0x00000b40)
 - public static final 'GL_POLYGON_SMOOTH' 'I' @380  2881 (0x00000b41)
 - public static final 'GL_CULL_FACE' 'I' @384  2884 (0x00000b44)
 - public static final 'GL_CULL_FACE_MODE' 'I' @388  2885 (0x00000b45)
 - public static final 'GL_FRONT_FACE' 'I' @392  2886 (0x00000b46)
 - public static final 'GL_DEPTH_RANGE' 'I' @396  2928 (0x00000b70)
 - public static final 'GL_DEPTH_TEST' 'I' @400  2929 (0x00000b71)
 - public static final 'GL_DEPTH_WRITEMASK' 'I' @404  2930 (0x00000b72)
 - public static final 'GL_DEPTH_CLEAR_VALUE' 'I' @408  2931 (0x00000b73)
 - public static final 'GL_DEPTH_FUNC' 'I' @412  2932 (0x00000b74)
 - public static final 'GL_STENCIL_TEST' 'I' @416  2960 (0x00000b90)
 - public static final 'GL_STENCIL_CLEAR_VALUE' 'I' @420  2961 (0x00000b91)
 - public static final 'GL_STENCIL_FUNC' 'I' @424  2962 (0x00000b92)
 - public static final 'GL_STENCIL_VALUE_MASK' 'I' @428  2963 (0x00000b93)
 - public static final 'GL_STENCIL_FAIL' 'I' @432  2964 (0x00000b94)
 - public static final 'GL_STENCIL_PASS_DEPTH_FAIL' 'I' @436  2965 (0x00000b95)
 - public static final 'GL_STENCIL_PASS_DEPTH_PASS' 'I' @440  2966 (0x00000b96)
 - public static final 'GL_STENCIL_REF' 'I' @444  2967 (0x00000b97)
 - public static final 'GL_STENCIL_WRITEMASK' 'I' @448  2968 (0x00000b98)
 - public static final 'GL_VIEWPORT' 'I' @452  2978 (0x00000ba2)
 - public static final 'GL_DITHER' 'I' @456  3024 (0x00000bd0)
 - public static final 'GL_BLEND_DST' 'I' @460  3040 (0x00000be0)
 - public static final 'GL_BLEND_SRC' 'I' @464  3041 (0x00000be1)
 - public static final 'GL_BLEND' 'I' @468  3042 (0x00000be2)
 - public static final 'GL_LOGIC_OP_MODE' 'I' @472  3056 (0x00000bf0)
 - public static final 'GL_COLOR_LOGIC_OP' 'I' @476  3058 (0x00000bf2)
 - public static final 'GL_DRAW_BUFFER' 'I' @480  3073 (0x00000c01)
 - public static final 'GL_READ_BUFFER' 'I' @484  3074 (0x00000c02)
 - public static final 'GL_SCISSOR_BOX' 'I' @488  3088 (0x00000c10)
 - public static final 'GL_SCISSOR_TEST' 'I' @492  3089 (0x00000c11)
 - public static final 'GL_COLOR_CLEAR_VALUE' 'I' @496  3106 (0x00000c22)
 - public static final 'GL_COLOR_WRITEMASK' 'I' @500  3107 (0x00000c23)
 - public static final 'GL_DOUBLEBUFFER' 'I' @504  3122 (0x00000c32)
 - public static final 'GL_STEREO' 'I' @508  3123 (0x00000c33)
 - public static final 'GL_LINE_SMOOTH_HINT' 'I' @512  3154 (0x00000c52)
 - public static final 'GL_POLYGON_SMOOTH_HINT' 'I' @516  3155 (0x00000c53)
 - public static final 'GL_UNPACK_SWAP_BYTES' 'I' @520  3312 (0x00000cf0)
 - public static final 'GL_UNPACK_LSB_FIRST' 'I' @524  3313 (0x00000cf1)
 - public static final 'GL_UNPACK_ROW_LENGTH' 'I' @528  3314 (0x00000cf2)
 - public static final 'GL_UNPACK_SKIP_ROWS' 'I' @532  3315 (0x00000cf3)
 - public static final 'GL_UNPACK_SKIP_PIXELS' 'I' @536  3316 (0x00000cf4)
 - public static final 'GL_UNPACK_ALIGNMENT' 'I' @540  3317 (0x00000cf5)
 - public static final 'GL_PACK_SWAP_BYTES' 'I' @544  3328 (0x00000d00)
 - public static final 'GL_PACK_LSB_FIRST' 'I' @548  3329 (0x00000d01)
 - public static final 'GL_PACK_ROW_LENGTH' 'I' @552  3330 (0x00000d02)
 - public static final 'GL_PACK_SKIP_ROWS' 'I' @556  3331 (0x00000d03)
 - public static final 'GL_PACK_SKIP_PIXELS' 'I' @560  3332 (0x00000d04)
 - public static final 'GL_PACK_ALIGNMENT' 'I' @564  3333 (0x00000d05)
 - public static final 'GL_MAX_TEXTURE_SIZE' 'I' @568  3379 (0x00000d33)
 - public static final 'GL_MAX_VIEWPORT_DIMS' 'I' @572  3386 (0x00000d3a)
 - public static final 'GL_SUBPIXEL_BITS' 'I' @576  3408 (0x00000d50)
 - public static final 'GL_TEXTURE_1D' 'I' @580  3552 (0x00000de0)
 - public static final 'GL_TEXTURE_2D' 'I' @584  3553 (0x00000de1)
 - public static final 'GL_TEXTURE_WIDTH' 'I' @588  4096 (0x00001000)
 - public static final 'GL_TEXTURE_HEIGHT' 'I' @592  4097 (0x00001001)
 - public static final 'GL_TEXTURE_INTERNAL_FORMAT' 'I' @596  4099 (0x00001003)
 - public static final 'GL_TEXTURE_BORDER_COLOR' 'I' @600  4100 (0x00001004)
 - public static final 'GL_DONT_CARE' 'I' @604  4352 (0x00001100)
 - public static final 'GL_FASTEST' 'I' @608  4353 (0x00001101)
 - public static final 'GL_NICEST' 'I' @612  4354 (0x00001102)
 - public static final 'GL_CLEAR' 'I' @616  5376 (0x00001500)
 - public static final 'GL_AND' 'I' @620  5377 (0x00001501)
 - public static final 'GL_AND_REVERSE' 'I' @624  5378 (0x00001502)
 - public static final 'GL_COPY' 'I' @628  5379 (0x00001503)
 - public static final 'GL_AND_INVERTED' 'I' @632  5380 (0x00001504)
 - public static final 'GL_NOOP' 'I' @636  5381 (0x00001505)
 - public static final 'GL_XOR' 'I' @640  5382 (0x00001506)
 - public static final 'GL_OR' 'I' @644  5383 (0x00001507)
 - public static final 'GL_NOR' 'I' @648  5384 (0x00001508)
 - public static final 'GL_EQUIV' 'I' @652  5385 (0x00001509)
 - public static final 'GL_INVERT' 'I' @656  5386 (0x0000150a)
 - public static final 'GL_OR_REVERSE' 'I' @660  5387 (0x0000150b)
 - public static final 'GL_COPY_INVERTED' 'I' @664  5388 (0x0000150c)
 - public static final 'GL_OR_INVERTED' 'I' @668  5389 (0x0000150d)
 - public static final 'GL_NAND' 'I' @672  5390 (0x0000150e)
 - public static final 'GL_SET' 'I' @676  5391 (0x0000150f)
 - public static final 'GL_TEXTURE' 'I' @680  5890 (0x00001702)
 - public static final 'GL_COLOR' 'I' @684  6144 (0x00001800)
 - public static final 'GL_DEPTH' 'I' @688  6145 (0x00001801)
 - public static final 'GL_STENCIL' 'I' @692  6146 (0x00001802)
 - public static final 'GL_STENCIL_INDEX' 'I' @696  6401 (0x00001901)
 - public static final 'GL_DEPTH_COMPONENT' 'I' @700  6402 (0x00001902)
 - public static final 'GL_RED' 'I' @704  6403 (0x00001903)
 - public static final 'GL_GREEN' 'I' @708  6404 (0x00001904)
 - public static final 'GL_BLUE' 'I' @712  6405 (0x00001905)
 - public static final 'GL_ALPHA' 'I' @716  6406 (0x00001906)
 - public static final 'GL_RGB' 'I' @720  6407 (0x00001907)
 - public static final 'GL_RGBA' 'I' @724  6408 (0x00001908)
 - public static final 'GL_POINT' 'I' @728  6912 (0x00001b00)
 - public static final 'GL_LINE' 'I' @732  6913 (0x00001b01)
 - public static final 'GL_FILL' 'I' @736  6914 (0x00001b02)
 - public static final 'GL_KEEP' 'I' @740  7680 (0x00001e00)
 - public static final 'GL_REPLACE' 'I' @744  7681 (0x00001e01)
 - public static final 'GL_INCR' 'I' @748  7682 (0x00001e02)
 - public static final 'GL_DECR' 'I' @752  7683 (0x00001e03)
 - public static final 'GL_VENDOR' 'I' @756  7936 (0x00001f00)
 - public static final 'GL_RENDERER' 'I' @760  7937 (0x00001f01)
 - public static final 'GL_VERSION' 'I' @764  7938 (0x00001f02)
 - public static final 'GL_EXTENSIONS' 'I' @768  7939 (0x00001f03)
 - public static final 'GL_NEAREST' 'I' @772  9728 (0x00002600)
 - public static final 'GL_LINEAR' 'I' @776  9729 (0x00002601)
 - public static final 'GL_NEAREST_MIPMAP_NEAREST' 'I' @780  9984 (0x00002700)
 - public static final 'GL_LINEAR_MIPMAP_NEAREST' 'I' @784  9985 (0x00002701)
 - public static final 'GL_NEAREST_MIPMAP_LINEAR' 'I' @788  9986 (0x00002702)
 - public static final 'GL_LINEAR_MIPMAP_LINEAR' 'I' @792  9987 (0x00002703)
 - public static final 'GL_TEXTURE_MAG_FILTER' 'I' @796  10240 (0x00002800)
 - public static final 'GL_TEXTURE_MIN_FILTER' 'I' @800  10241 (0x00002801)
 - public static final 'GL_TEXTURE_WRAP_S' 'I' @804  10242 (0x00002802)
 - public static final 'GL_TEXTURE_WRAP_T' 'I' @808  10243 (0x00002803)
 - public static final 'GL_REPEAT' 'I' @812  10497 (0x00002901)
 - public static final 'GL_POLYGON_OFFSET_FACTOR' 'I' @816  32824 (0x00008038)
 - public static final 'GL_POLYGON_OFFSET_UNITS' 'I' @820  10752 (0x00002a00)
 - public static final 'GL_POLYGON_OFFSET_POINT' 'I' @824  10753 (0x00002a01)
 - public static final 'GL_POLYGON_OFFSET_LINE' 'I' @828  10754 (0x00002a02)
 - public static final 'GL_POLYGON_OFFSET_FILL' 'I' @832  32823 (0x00008037)
 - public static final 'GL_R3_G3_B2' 'I' @836  10768 (0x00002a10)
 - public static final 'GL_RGB4' 'I' @840  32847 (0x0000804f)
 - public static final 'GL_RGB5' 'I' @844  32848 (0x00008050)
 - public static final 'GL_RGB8' 'I' @848  32849 (0x00008051)
 - public static final 'GL_RGB10' 'I' @852  32850 (0x00008052)
 - public static final 'GL_RGB12' 'I' @856  32851 (0x00008053)
 - public static final 'GL_RGB16' 'I' @860  32852 (0x00008054)
 - public static final 'GL_RGBA2' 'I' @864  32853 (0x00008055)
 - public static final 'GL_RGBA4' 'I' @868  32854 (0x00008056)
 - public static final 'GL_RGB5_A1' 'I' @872  32855 (0x00008057)
 - public static final 'GL_RGBA8' 'I' @876  32856 (0x00008058)
 - public static final 'GL_RGB10_A2' 'I' @880  32857 (0x00008059)
 - public static final 'GL_RGBA12' 'I' @884  32858 (0x0000805a)
 - public static final 'GL_RGBA16' 'I' @888  32859 (0x0000805b)
 - public static final 'GL_TEXTURE_RED_SIZE' 'I' @892  32860 (0x0000805c)
 - public static final 'GL_TEXTURE_GREEN_SIZE' 'I' @896  32861 (0x0000805d)
 - public static final 'GL_TEXTURE_BLUE_SIZE' 'I' @900  32862 (0x0000805e)
 - public static final 'GL_TEXTURE_ALPHA_SIZE' 'I' @904  32863 (0x0000805f)
 - public static final 'GL_PROXY_TEXTURE_1D' 'I' @908  32867 (0x00008063)
 - public static final 'GL_PROXY_TEXTURE_2D' 'I' @912  32868 (0x00008064)
 - public static final 'GL_TEXTURE_BINDING_1D' 'I' @916  32872 (0x00008068)
 - public static final 'GL_TEXTURE_BINDING_2D' 'I' @920  32873 (0x00008069)
 - public static final 'GL_VERTEX_ARRAY' 'I' @924  32884 (0x00008074)
R12=0x0 is NULL
R13={method} {0x000002a960947cc0} 'nglGenTextures' '(IJ)V' in 'org/lwjgl/opengl/GL11C'
R14=0x000000b3b7aff128 is pointing into the stack for thread: 0x000002a9790a93b0
R15=0x000002a9790a93b0 is a thread


Top of Stack: (sp=0x000000b3b7aff068)
0x000000b3b7aff068:   000002a90f481ff3 000002a90f47df59
0x000000b3b7aff078:   000002a90f481cd9 000002a960947cb8
0x000000b3b7aff088:   000002a960557808 000000b3b7aff0a8
0x000000b3b7aff098:   000000b3b7aff110 000002a90f47df59
0x000000b3b7aff0a8:   000002a90f481c96 000000b3b7aff0b0
0x000000b3b7aff0b8:   000002a960947cb8 000000b3b7aff128
0x000000b3b7aff0c8:   000002a96094e468 0000000000000000
0x000000b3b7aff0d8:   0000000622082178 000002a960947cb8
0x000000b3b7aff0e8:   0000000000000000 000000b3b7aff118
0x000000b3b7aff0f8:   000000b3b7aff178 000002a90f47de8a
0x000000b3b7aff108:   0000000622082178 000002a90f47f897
0x000000b3b7aff118:   000002a9644d686c 0000000000000000
0x000000b3b7aff128:   0000000000000001 000000b3b7aff130
0x000000b3b7aff138:   000002a960947e3c 000000b3b7aff1a8
0x000000b3b7aff148:   000002a96094e468 0000000000000000
0x000000b3b7aff158:   0000000622082178 000002a960947ea8
0x000000b3b7aff168:   000000b3b7aff118 000000b3b7aff1b0
0x000000b3b7aff178:   000000b3b7aff1f8 000002a90f47df9e
0x000000b3b7aff188:   0000000000000000 0000000000000000
0x000000b3b7aff198:   000000062208ab80 0000000000010000
0x000000b3b7aff1a8:   0000000622716c30 000000b3b7aff1b0
0x000000b3b7aff1b8:   000002a96090ec50 000000b3b7aff200
0x000000b3b7aff1c8:   000002a960932f38 0000000000000000
0x000000b3b7aff1d8:   00000006227fa328 000002a96090ec68
0x000000b3b7aff1e8:   000000b3b7aff1b0 000000b3b7aff208
0x000000b3b7aff1f8:   000000b3b7aff258 000002a90f47df9e
0x000000b3b7aff208:   00000006227dbf30 000000b3b7aff210
0x000000b3b7aff218:   000002a9608f8f45 000000b3b7aff280
0x000000b3b7aff228:   000002a9608f9648 0000000000000000
0x000000b3b7aff238:   00000006227d91c0 000002a9608f8ff0
0x000000b3b7aff248:   000000b3b7aff208 000000b3b7aff268
0x000000b3b7aff258:   000000b3b7aff2e0 000002a90f47de8a 

Instructions: (pc=0x00007ff85a19c64d)
0x00007ff85a19c54d:   cc cc cc 48 8b 01 41 0f b6 c8 48 8b 50 18 48 ff
0x00007ff85a19c55d:   a2 d0 01 00 00 cc cc cc cc cc cc cc cc cc cc cc
0x00007ff85a19c56d:   cc cc cc 48 8b 01 0f 28 cb 0f 28 c2 48 8b 48 18
0x00007ff85a19c57d:   48 ff a1 d8 01 00 00 cc cc cc cc cc cc cc cc cc
0x00007ff85a19c58d:   cc cc cc 48 8b 01 45 8b d8 44 8b 44 24 28 41 8b
0x00007ff85a19c59d:   d1 41 8b cb 4c 8b 50 18 49 ff a2 e8 01 00 00 cc
0x00007ff85a19c5ad:   cc cc cc 48 8b 01 41 8b c8 48 8b 50 18 48 ff a2
0x00007ff85a19c5bd:   f0 01 00 00 cc cc cc cc cc cc cc cc cc cc cc cc
0x00007ff85a19c5cd:   cc cc cc 40 53 48 8b 01 41 8b d8 44 8b 44 24 30
0x00007ff85a19c5dd:   41 8b d1 4c 8b 4c 24 38 8b cb 4c 8b 50 18 5b 49
0x00007ff85a19c5ed:   ff a2 f8 01 00 00 cc cc cc cc cc cc cc cc cc cc
0x00007ff85a19c5fd:   cc cc cc 48 8b 01 48 8b 48 18 48 ff a1 98 02 00
0x00007ff85a19c60d:   00 cc cc 48 8b 01 48 8b 48 18 48 ff a1 a0 02 00
0x00007ff85a19c61d:   00 cc cc 48 8b 01 41 8b c8 48 8b 50 18 48 ff a2
0x00007ff85a19c62d:   c8 02 00 00 cc cc cc cc cc cc cc cc cc cc cc cc
0x00007ff85a19c63d:   cc cc cc 48 8b 01 49 8b d1 41 8b c8 4c 8b 50 18
0x00007ff85a19c64d:   49 ff a2 d8 02 00 00 cc cc cc cc cc cc cc cc cc
0x00007ff85a19c65d:   cc cc cc 48 8b 01 49 8b d1 41 8b c8 4c 8b 50 18
0x00007ff85a19c66d:   49 ff a2 e0 02 00 00 cc cc cc cc cc cc cc cc cc
0x00007ff85a19c67d:   cc cc cc 48 8b 01 49 8b d1 41 8b c8 4c 8b 50 18
0x00007ff85a19c68d:   49 ff a2 f0 02 00 00 cc cc cc cc cc cc cc cc cc
0x00007ff85a19c69d:   cc cc cc 48 8b 01 49 8b d1 41 8b c8 4c 8b 50 18
0x00007ff85a19c6ad:   49 ff a2 f8 02 00 00 cc cc cc cc cc cc cc cc cc
0x00007ff85a19c6bd:   cc cc cc 48 8b 01 49 8b d1 41 8b c8 4c 8b 50 18
0x00007ff85a19c6cd:   49 ff a2 00 03 00 00 cc cc cc cc cc cc cc cc cc
0x00007ff85a19c6dd:   cc cc cc 48 8b 01 49 8b d1 41 8b c8 4c 8b 50 18
0x00007ff85a19c6ed:   49 ff a2 08 03 00 00 cc cc cc cc cc cc cc cc cc
0x00007ff85a19c6fd:   cc cc cc 48 8b 01 48 8b 48 18 48 8b 81 10 03 00
0x00007ff85a19c70d:   00 48 ff e0 cc cc cc cc cc cc cc cc cc cc cc cc
0x00007ff85a19c71d:   cc cc cc 48 8b 01 49 8b d1 41 8b c8 4c 8b 50 18
0x00007ff85a19c72d:   49 ff a2 68 03 00 00 cc cc cc cc cc cc cc cc cc
0x00007ff85a19c73d:   cc cc cc 48 8b 01 48 8b 48 18 48 8b 81 78 03 00 


Stack slot to memory mapping:
stack at sp + 0 slots: 0x000002a90f481ff3 is at code_begin+1043 in an Interpreter codelet
method entry point (kind = native)  [0x000002a90f481be0, 0x000002a90f4826d0]  2800 bytes
stack at sp + 1 slots: 0x000002a90f47df59 is at code_begin+1305 in an Interpreter codelet
return entry points  [0x000002a90f47da40, 0x000002a90f47e508]  2760 bytes
stack at sp + 2 slots: 0x000002a90f481cd9 is at code_begin+249 in an Interpreter codelet
method entry point (kind = native)  [0x000002a90f481be0, 0x000002a90f4826d0]  2800 bytes
stack at sp + 3 slots: {method} {0x000002a960947cc0} 'nglGenTextures' '(IJ)V' in 'org/lwjgl/opengl/GL11C'
stack at sp + 4 slots: 0x000002a960557808 is pointing into metadata
stack at sp + 5 slots: 0x000000b3b7aff0a8 is pointing into the stack for thread: 0x000002a9790a93b0
stack at sp + 6 slots: 0x000000b3b7aff110 is pointing into the stack for thread: 0x000002a9790a93b0
stack at sp + 7 slots: 0x000002a90f47df59 is at code_begin+1305 in an Interpreter codelet
return entry points  [0x000002a90f47da40, 0x000002a90f47e508]  2760 bytes


---------------  P R O C E S S  ---------------

Threads class SMR info:
_java_thread_list=0x000002a9603faf50, length=15, elements={
0x000002a9790a93b0, 0x000002a960066950, 0x000002a960068900, 0x000002a960069c00,
0x000002a96006b750, 0x000002a96006e340, 0x000002a96006ee20, 0x000002a960073130,
0x000002a960075c70, 0x000002a97efec2d0, 0x000002a96014d6b0, 0x000002a960199990,
0x000002a96031f570, 0x000002a960364120, 0x000002a96019aa40
}

Java Threads: ( => current thread )
=>0x000002a9790a93b0 JavaThread "main" [_thread_in_native, id=37512, stack(0x000000b3b7a00000,0x000000b3b7b00000)]
  0x000002a960066950 JavaThread "Reference Handler" daemon [_thread_blocked, id=34176, stack(0x000000b3b8100000,0x000000b3b8200000)]
  0x000002a960068900 JavaThread "Finalizer" daemon [_thread_blocked, id=4500, stack(0x000000b3b8200000,0x000000b3b8300000)]
  0x000002a960069c00 JavaThread "Signal Dispatcher" daemon [_thread_blocked, id=26648, stack(0x000000b3b8300000,0x000000b3b8400000)]
  0x000002a96006b750 JavaThread "Attach Listener" daemon [_thread_blocked, id=29340, stack(0x000000b3b8400000,0x000000b3b8500000)]
  0x000002a96006e340 JavaThread "Service Thread" daemon [_thread_blocked, id=37780, stack(0x000000b3b8500000,0x000000b3b8600000)]
  0x000002a96006ee20 JavaThread "Monitor Deflation Thread" daemon [_thread_blocked, id=11144, stack(0x000000b3b8600000,0x000000b3b8700000)]
  0x000002a960073130 JavaThread "C2 CompilerThread0" daemon [_thread_blocked, id=8924, stack(0x000000b3b8700000,0x000000b3b8800000)]
  0x000002a960075c70 JavaThread "C1 CompilerThread0" daemon [_thread_blocked, id=28948, stack(0x000000b3b8800000,0x000000b3b8900000)]
  0x000002a97efec2d0 JavaThread "Common-Cleaner" daemon [_thread_blocked, id=2616, stack(0x000000b3b8900000,0x000000b3b8a00000)]
  0x000002a96014d6b0 JavaThread "C1 CompilerThread1" daemon [_thread_blocked, id=32904, stack(0x000000b3b8a00000,0x000000b3b8b00000)]
  0x000002a960199990 JavaThread "C1 CompilerThread2" daemon [_thread_blocked, id=22556, stack(0x000000b3b8b00000,0x000000b3b8c00000)]
  0x000002a96031f570 JavaThread "Monitor Ctrl-Break" daemon [_thread_in_native, id=38228, stack(0x000000b3b8c00000,0x000000b3b8d00000)]
  0x000002a960364120 JavaThread "Notification Thread" daemon [_thread_blocked, id=14824, stack(0x000000b3b8d00000,0x000000b3b8e00000)]
  0x000002a96019aa40 JavaThread "C2 CompilerThread1" daemon [_thread_blocked, id=37196, stack(0x000000b3b9200000,0x000000b3b9300000)]

Other Threads:
  0x000002a960048410 VMThread "VM Thread" [stack: 0x000000b3b8000000,0x000000b3b8100000] [id=23268]
  0x000002a9602c21e0 WatcherThread "VM Periodic Task Thread" [stack: 0x000000b3b8e00000,0x000000b3b8f00000] [id=3272]
  0x000002a97915ba30 WorkerThread "GC Thread#0" [stack: 0x000000b3b7b00000,0x000000b3b7c00000] [id=29784]
  0x000002a97916c970 ConcurrentGCThread "G1 Main Marker" [stack: 0x000000b3b7c00000,0x000000b3b7d00000] [id=38840]
  0x000002a97916d3a0 WorkerThread "G1 Conc#0" [stack: 0x000000b3b7d00000,0x000000b3b7e00000] [id=27016]
  0x000002a97eeaea80 ConcurrentGCThread "G1 Refine#0" [stack: 0x000000b3b7e00000,0x000000b3b7f00000] [id=5740]
  0x000002a97eeaf520 ConcurrentGCThread "G1 Service" [stack: 0x000000b3b7f00000,0x000000b3b8000000] [id=4016]

Threads with active compile tasks:

VM state: not at safepoint (normal execution)

VM Mutex/Monitor currently owned by a thread: None

Heap address: 0x0000000602c00000, size: 8148 MB, Compressed Oops mode: Zero based, Oop shift amount: 3

CDS archive(s) mapped at: [0x000002a91f000000-0x000002a91fc60000-0x000002a91fc60000), size 12976128, SharedBaseAddress: 0x000002a91f000000, ArchiveRelocationMode: 1.
Compressed class space mapped at: 0x000002a920000000-0x000002a960000000, reserved size: 1073741824
Narrow klass base: 0x000002a91f000000, Narrow klass shift: 0, Narrow klass range: 0x100000000

GC Precious Log:
 CardTable entry size: 512
 Card Set container configuration: InlinePtr #cards 4 size 8 Array Of Cards #cards 32 size 80 Howl #buckets 8 coarsen threshold 7372 Howl Bitmap #cards 1024 size 144 coarsen threshold 921 Card regions per heap region 1 cards per card region 8192
 CPUs: 20 total, 20 available
 Memory: 32581M
 Large Page Support: Disabled
 NUMA Support: Disabled
 Compressed Oops: Enabled (Zero based)
 Heap Region Size: 4M
 Heap Min Capacity: 8M
 Heap Initial Capacity: 512M
 Heap Max Capacity: 8148M
 Pre-touch: Disabled
 Parallel Workers: 15
 Concurrent Workers: 4
 Concurrent Refinement Workers: 15
 Periodic GC: Disabled

Heap:
 garbage-first heap   total 524288K, used 8192K [0x0000000602c00000, 0x0000000800000000)
  region size 4096K, 3 young (12288K), 0 survivors (0K)
 Metaspace       used 3004K, committed 3200K, reserved 1114112K
  class space    used 198K, committed 256K, reserved 1048576K

Heap Regions: E=young(eden), S=young(survivor), O=old, HS=humongous(starts), HC=humongous(continues), CS=collection set, F=free, OA=open archive, CA=closed archive, TAMS=top-at-mark-start, PB=parsable bottom
|   0|0x0000000602c00000, 0x0000000602c00000, 0x0000000603000000|  0%| F|  |TAMS 0x0000000602c00000| PB 0x0000000602c00000| Untracked 
|   1|0x0000000603000000, 0x0000000603000000, 0x0000000603400000|  0%| F|  |TAMS 0x0000000603000000| PB 0x0000000603000000| Untracked 
|   2|0x0000000603400000, 0x0000000603400000, 0x0000000603800000|  0%| F|  |TAMS 0x0000000603400000| PB 0x0000000603400000| Untracked 
|   3|0x0000000603800000, 0x0000000603800000, 0x0000000603c00000|  0%| F|  |TAMS 0x0000000603800000| PB 0x0000000603800000| Untracked 
|   4|0x0000000603c00000, 0x0000000603c00000, 0x0000000604000000|  0%| F|  |TAMS 0x0000000603c00000| PB 0x0000000603c00000| Untracked 
|   5|0x0000000604000000, 0x0000000604000000, 0x0000000604400000|  0%| F|  |TAMS 0x0000000604000000| PB 0x0000000604000000| Untracked 
|   6|0x0000000604400000, 0x0000000604400000, 0x0000000604800000|  0%| F|  |TAMS 0x0000000604400000| PB 0x0000000604400000| Untracked 
|   7|0x0000000604800000, 0x0000000604800000, 0x0000000604c00000|  0%| F|  |TAMS 0x0000000604800000| PB 0x0000000604800000| Untracked 
|   8|0x0000000604c00000, 0x0000000604c00000, 0x0000000605000000|  0%| F|  |TAMS 0x0000000604c00000| PB 0x0000000604c00000| Untracked 
|   9|0x0000000605000000, 0x0000000605000000, 0x0000000605400000|  0%| F|  |TAMS 0x0000000605000000| PB 0x0000000605000000| Untracked 
|  10|0x0000000605400000, 0x0000000605400000, 0x0000000605800000|  0%| F|  |TAMS 0x0000000605400000| PB 0x0000000605400000| Untracked 
|  11|0x0000000605800000, 0x0000000605800000, 0x0000000605c00000|  0%| F|  |TAMS 0x0000000605800000| PB 0x0000000605800000| Untracked 
|  12|0x0000000605c00000, 0x0000000605c00000, 0x0000000606000000|  0%| F|  |TAMS 0x0000000605c00000| PB 0x0000000605c00000| Untracked 
|  13|0x0000000606000000, 0x0000000606000000, 0x0000000606400000|  0%| F|  |TAMS 0x0000000606000000| PB 0x0000000606000000| Untracked 
|  14|0x0000000606400000, 0x0000000606400000, 0x0000000606800000|  0%| F|  |TAMS 0x0000000606400000| PB 0x0000000606400000| Untracked 
|  15|0x0000000606800000, 0x0000000606800000, 0x0000000606c00000|  0%| F|  |TAMS 0x0000000606800000| PB 0x0000000606800000| Untracked 
|  16|0x0000000606c00000, 0x0000000606c00000, 0x0000000607000000|  0%| F|  |TAMS 0x0000000606c00000| PB 0x0000000606c00000| Untracked 
|  17|0x0000000607000000, 0x0000000607000000, 0x0000000607400000|  0%| F|  |TAMS 0x0000000607000000| PB 0x0000000607000000| Untracked 
|  18|0x0000000607400000, 0x0000000607400000, 0x0000000607800000|  0%| F|  |TAMS 0x0000000607400000| PB 0x0000000607400000| Untracked 
|  19|0x0000000607800000, 0x0000000607800000, 0x0000000607c00000|  0%| F|  |TAMS 0x0000000607800000| PB 0x0000000607800000| Untracked 
|  20|0x0000000607c00000, 0x0000000607c00000, 0x0000000608000000|  0%| F|  |TAMS 0x0000000607c00000| PB 0x0000000607c00000| Untracked 
|  21|0x0000000608000000, 0x0000000608000000, 0x0000000608400000|  0%| F|  |TAMS 0x0000000608000000| PB 0x0000000608000000| Untracked 
|  22|0x0000000608400000, 0x0000000608400000, 0x0000000608800000|  0%| F|  |TAMS 0x0000000608400000| PB 0x0000000608400000| Untracked 
|  23|0x0000000608800000, 0x0000000608800000, 0x0000000608c00000|  0%| F|  |TAMS 0x0000000608800000| PB 0x0000000608800000| Untracked 
|  24|0x0000000608c00000, 0x0000000608c00000, 0x0000000609000000|  0%| F|  |TAMS 0x0000000608c00000| PB 0x0000000608c00000| Untracked 
|  25|0x0000000609000000, 0x0000000609000000, 0x0000000609400000|  0%| F|  |TAMS 0x0000000609000000| PB 0x0000000609000000| Untracked 
|  26|0x0000000609400000, 0x0000000609400000, 0x0000000609800000|  0%| F|  |TAMS 0x0000000609400000| PB 0x0000000609400000| Untracked 
|  27|0x0000000609800000, 0x0000000609800000, 0x0000000609c00000|  0%| F|  |TAMS 0x0000000609800000| PB 0x0000000609800000| Untracked 
|  28|0x0000000609c00000, 0x0000000609c00000, 0x000000060a000000|  0%| F|  |TAMS 0x0000000609c00000| PB 0x0000000609c00000| Untracked 
|  29|0x000000060a000000, 0x000000060a000000, 0x000000060a400000|  0%| F|  |TAMS 0x000000060a000000| PB 0x000000060a000000| Untracked 
|  30|0x000000060a400000, 0x000000060a400000, 0x000000060a800000|  0%| F|  |TAMS 0x000000060a400000| PB 0x000000060a400000| Untracked 
|  31|0x000000060a800000, 0x000000060a800000, 0x000000060ac00000|  0%| F|  |TAMS 0x000000060a800000| PB 0x000000060a800000| Untracked 
|  32|0x000000060ac00000, 0x000000060ac00000, 0x000000060b000000|  0%| F|  |TAMS 0x000000060ac00000| PB 0x000000060ac00000| Untracked 
|  33|0x000000060b000000, 0x000000060b000000, 0x000000060b400000|  0%| F|  |TAMS 0x000000060b000000| PB 0x000000060b000000| Untracked 
|  34|0x000000060b400000, 0x000000060b400000, 0x000000060b800000|  0%| F|  |TAMS 0x000000060b400000| PB 0x000000060b400000| Untracked 
|  35|0x000000060b800000, 0x000000060b800000, 0x000000060bc00000|  0%| F|  |TAMS 0x000000060b800000| PB 0x000000060b800000| Untracked 
|  36|0x000000060bc00000, 0x000000060bc00000, 0x000000060c000000|  0%| F|  |TAMS 0x000000060bc00000| PB 0x000000060bc00000| Untracked 
|  37|0x000000060c000000, 0x000000060c000000, 0x000000060c400000|  0%| F|  |TAMS 0x000000060c000000| PB 0x000000060c000000| Untracked 
|  38|0x000000060c400000, 0x000000060c400000, 0x000000060c800000|  0%| F|  |TAMS 0x000000060c400000| PB 0x000000060c400000| Untracked 
|  39|0x000000060c800000, 0x000000060c800000, 0x000000060cc00000|  0%| F|  |TAMS 0x000000060c800000| PB 0x000000060c800000| Untracked 
|  40|0x000000060cc00000, 0x000000060cc00000, 0x000000060d000000|  0%| F|  |TAMS 0x000000060cc00000| PB 0x000000060cc00000| Untracked 
|  41|0x000000060d000000, 0x000000060d000000, 0x000000060d400000|  0%| F|  |TAMS 0x000000060d000000| PB 0x000000060d000000| Untracked 
|  42|0x000000060d400000, 0x000000060d400000, 0x000000060d800000|  0%| F|  |TAMS 0x000000060d400000| PB 0x000000060d400000| Untracked 
|  43|0x000000060d800000, 0x000000060d800000, 0x000000060dc00000|  0%| F|  |TAMS 0x000000060d800000| PB 0x000000060d800000| Untracked 
|  44|0x000000060dc00000, 0x000000060dc00000, 0x000000060e000000|  0%| F|  |TAMS 0x000000060dc00000| PB 0x000000060dc00000| Untracked 
|  45|0x000000060e000000, 0x000000060e000000, 0x000000060e400000|  0%| F|  |TAMS 0x000000060e000000| PB 0x000000060e000000| Untracked 
|  46|0x000000060e400000, 0x000000060e400000, 0x000000060e800000|  0%| F|  |TAMS 0x000000060e400000| PB 0x000000060e400000| Untracked 
|  47|0x000000060e800000, 0x000000060e800000, 0x000000060ec00000|  0%| F|  |TAMS 0x000000060e800000| PB 0x000000060e800000| Untracked 
|  48|0x000000060ec00000, 0x000000060ec00000, 0x000000060f000000|  0%| F|  |TAMS 0x000000060ec00000| PB 0x000000060ec00000| Untracked 
|  49|0x000000060f000000, 0x000000060f000000, 0x000000060f400000|  0%| F|  |TAMS 0x000000060f000000| PB 0x000000060f000000| Untracked 
|  50|0x000000060f400000, 0x000000060f400000, 0x000000060f800000|  0%| F|  |TAMS 0x000000060f400000| PB 0x000000060f400000| Untracked 
|  51|0x000000060f800000, 0x000000060f800000, 0x000000060fc00000|  0%| F|  |TAMS 0x000000060f800000| PB 0x000000060f800000| Untracked 
|  52|0x000000060fc00000, 0x000000060fc00000, 0x0000000610000000|  0%| F|  |TAMS 0x000000060fc00000| PB 0x000000060fc00000| Untracked 
|  53|0x0000000610000000, 0x0000000610000000, 0x0000000610400000|  0%| F|  |TAMS 0x0000000610000000| PB 0x0000000610000000| Untracked 
|  54|0x0000000610400000, 0x0000000610400000, 0x0000000610800000|  0%| F|  |TAMS 0x0000000610400000| PB 0x0000000610400000| Untracked 
|  55|0x0000000610800000, 0x0000000610800000, 0x0000000610c00000|  0%| F|  |TAMS 0x0000000610800000| PB 0x0000000610800000| Untracked 
|  56|0x0000000610c00000, 0x0000000610c00000, 0x0000000611000000|  0%| F|  |TAMS 0x0000000610c00000| PB 0x0000000610c00000| Untracked 
|  57|0x0000000611000000, 0x0000000611000000, 0x0000000611400000|  0%| F|  |TAMS 0x0000000611000000| PB 0x0000000611000000| Untracked 
|  58|0x0000000611400000, 0x0000000611400000, 0x0000000611800000|  0%| F|  |TAMS 0x0000000611400000| PB 0x0000000611400000| Untracked 
|  59|0x0000000611800000, 0x0000000611800000, 0x0000000611c00000|  0%| F|  |TAMS 0x0000000611800000| PB 0x0000000611800000| Untracked 
|  60|0x0000000611c00000, 0x0000000611c00000, 0x0000000612000000|  0%| F|  |TAMS 0x0000000611c00000| PB 0x0000000611c00000| Untracked 
|  61|0x0000000612000000, 0x0000000612000000, 0x0000000612400000|  0%| F|  |TAMS 0x0000000612000000| PB 0x0000000612000000| Untracked 
|  62|0x0000000612400000, 0x0000000612400000, 0x0000000612800000|  0%| F|  |TAMS 0x0000000612400000| PB 0x0000000612400000| Untracked 
|  63|0x0000000612800000, 0x0000000612800000, 0x0000000612c00000|  0%| F|  |TAMS 0x0000000612800000| PB 0x0000000612800000| Untracked 
|  64|0x0000000612c00000, 0x0000000612c00000, 0x0000000613000000|  0%| F|  |TAMS 0x0000000612c00000| PB 0x0000000612c00000| Untracked 
|  65|0x0000000613000000, 0x0000000613000000, 0x0000000613400000|  0%| F|  |TAMS 0x0000000613000000| PB 0x0000000613000000| Untracked 
|  66|0x0000000613400000, 0x0000000613400000, 0x0000000613800000|  0%| F|  |TAMS 0x0000000613400000| PB 0x0000000613400000| Untracked 
|  67|0x0000000613800000, 0x0000000613800000, 0x0000000613c00000|  0%| F|  |TAMS 0x0000000613800000| PB 0x0000000613800000| Untracked 
|  68|0x0000000613c00000, 0x0000000613c00000, 0x0000000614000000|  0%| F|  |TAMS 0x0000000613c00000| PB 0x0000000613c00000| Untracked 
|  69|0x0000000614000000, 0x0000000614000000, 0x0000000614400000|  0%| F|  |TAMS 0x0000000614000000| PB 0x0000000614000000| Untracked 
|  70|0x0000000614400000, 0x0000000614400000, 0x0000000614800000|  0%| F|  |TAMS 0x0000000614400000| PB 0x0000000614400000| Untracked 
|  71|0x0000000614800000, 0x0000000614800000, 0x0000000614c00000|  0%| F|  |TAMS 0x0000000614800000| PB 0x0000000614800000| Untracked 
|  72|0x0000000614c00000, 0x0000000614c00000, 0x0000000615000000|  0%| F|  |TAMS 0x0000000614c00000| PB 0x0000000614c00000| Untracked 
|  73|0x0000000615000000, 0x0000000615000000, 0x0000000615400000|  0%| F|  |TAMS 0x0000000615000000| PB 0x0000000615000000| Untracked 
|  74|0x0000000615400000, 0x0000000615400000, 0x0000000615800000|  0%| F|  |TAMS 0x0000000615400000| PB 0x0000000615400000| Untracked 
|  75|0x0000000615800000, 0x0000000615800000, 0x0000000615c00000|  0%| F|  |TAMS 0x0000000615800000| PB 0x0000000615800000| Untracked 
|  76|0x0000000615c00000, 0x0000000615c00000, 0x0000000616000000|  0%| F|  |TAMS 0x0000000615c00000| PB 0x0000000615c00000| Untracked 
|  77|0x0000000616000000, 0x0000000616000000, 0x0000000616400000|  0%| F|  |TAMS 0x0000000616000000| PB 0x0000000616000000| Untracked 
|  78|0x0000000616400000, 0x0000000616400000, 0x0000000616800000|  0%| F|  |TAMS 0x0000000616400000| PB 0x0000000616400000| Untracked 
|  79|0x0000000616800000, 0x0000000616800000, 0x0000000616c00000|  0%| F|  |TAMS 0x0000000616800000| PB 0x0000000616800000| Untracked 
|  80|0x0000000616c00000, 0x0000000616c00000, 0x0000000617000000|  0%| F|  |TAMS 0x0000000616c00000| PB 0x0000000616c00000| Untracked 
|  81|0x0000000617000000, 0x0000000617000000, 0x0000000617400000|  0%| F|  |TAMS 0x0000000617000000| PB 0x0000000617000000| Untracked 
|  82|0x0000000617400000, 0x0000000617400000, 0x0000000617800000|  0%| F|  |TAMS 0x0000000617400000| PB 0x0000000617400000| Untracked 
|  83|0x0000000617800000, 0x0000000617800000, 0x0000000617c00000|  0%| F|  |TAMS 0x0000000617800000| PB 0x0000000617800000| Untracked 
|  84|0x0000000617c00000, 0x0000000617c00000, 0x0000000618000000|  0%| F|  |TAMS 0x0000000617c00000| PB 0x0000000617c00000| Untracked 
|  85|0x0000000618000000, 0x0000000618000000, 0x0000000618400000|  0%| F|  |TAMS 0x0000000618000000| PB 0x0000000618000000| Untracked 
|  86|0x0000000618400000, 0x0000000618400000, 0x0000000618800000|  0%| F|  |TAMS 0x0000000618400000| PB 0x0000000618400000| Untracked 
|  87|0x0000000618800000, 0x0000000618800000, 0x0000000618c00000|  0%| F|  |TAMS 0x0000000618800000| PB 0x0000000618800000| Untracked 
|  88|0x0000000618c00000, 0x0000000618c00000, 0x0000000619000000|  0%| F|  |TAMS 0x0000000618c00000| PB 0x0000000618c00000| Untracked 
|  89|0x0000000619000000, 0x0000000619000000, 0x0000000619400000|  0%| F|  |TAMS 0x0000000619000000| PB 0x0000000619000000| Untracked 
|  90|0x0000000619400000, 0x0000000619400000, 0x0000000619800000|  0%| F|  |TAMS 0x0000000619400000| PB 0x0000000619400000| Untracked 
|  91|0x0000000619800000, 0x0000000619800000, 0x0000000619c00000|  0%| F|  |TAMS 0x0000000619800000| PB 0x0000000619800000| Untracked 
|  92|0x0000000619c00000, 0x0000000619c00000, 0x000000061a000000|  0%| F|  |TAMS 0x0000000619c00000| PB 0x0000000619c00000| Untracked 
|  93|0x000000061a000000, 0x000000061a000000, 0x000000061a400000|  0%| F|  |TAMS 0x000000061a000000| PB 0x000000061a000000| Untracked 
|  94|0x000000061a400000, 0x000000061a400000, 0x000000061a800000|  0%| F|  |TAMS 0x000000061a400000| PB 0x000000061a400000| Untracked 
|  95|0x000000061a800000, 0x000000061a800000, 0x000000061ac00000|  0%| F|  |TAMS 0x000000061a800000| PB 0x000000061a800000| Untracked 
|  96|0x000000061ac00000, 0x000000061ac00000, 0x000000061b000000|  0%| F|  |TAMS 0x000000061ac00000| PB 0x000000061ac00000| Untracked 
|  97|0x000000061b000000, 0x000000061b000000, 0x000000061b400000|  0%| F|  |TAMS 0x000000061b000000| PB 0x000000061b000000| Untracked 
|  98|0x000000061b400000, 0x000000061b400000, 0x000000061b800000|  0%| F|  |TAMS 0x000000061b400000| PB 0x000000061b400000| Untracked 
|  99|0x000000061b800000, 0x000000061b800000, 0x000000061bc00000|  0%| F|  |TAMS 0x000000061b800000| PB 0x000000061b800000| Untracked 
| 100|0x000000061bc00000, 0x000000061bc00000, 0x000000061c000000|  0%| F|  |TAMS 0x000000061bc00000| PB 0x000000061bc00000| Untracked 
| 101|0x000000061c000000, 0x000000061c000000, 0x000000061c400000|  0%| F|  |TAMS 0x000000061c000000| PB 0x000000061c000000| Untracked 
| 102|0x000000061c400000, 0x000000061c400000, 0x000000061c800000|  0%| F|  |TAMS 0x000000061c400000| PB 0x000000061c400000| Untracked 
| 103|0x000000061c800000, 0x000000061c800000, 0x000000061cc00000|  0%| F|  |TAMS 0x000000061c800000| PB 0x000000061c800000| Untracked 
| 104|0x000000061cc00000, 0x000000061cc00000, 0x000000061d000000|  0%| F|  |TAMS 0x000000061cc00000| PB 0x000000061cc00000| Untracked 
| 105|0x000000061d000000, 0x000000061d000000, 0x000000061d400000|  0%| F|  |TAMS 0x000000061d000000| PB 0x000000061d000000| Untracked 
| 106|0x000000061d400000, 0x000000061d400000, 0x000000061d800000|  0%| F|  |TAMS 0x000000061d400000| PB 0x000000061d400000| Untracked 
| 107|0x000000061d800000, 0x000000061d800000, 0x000000061dc00000|  0%| F|  |TAMS 0x000000061d800000| PB 0x000000061d800000| Untracked 
| 108|0x000000061dc00000, 0x000000061dc00000, 0x000000061e000000|  0%| F|  |TAMS 0x000000061dc00000| PB 0x000000061dc00000| Untracked 
| 109|0x000000061e000000, 0x000000061e000000, 0x000000061e400000|  0%| F|  |TAMS 0x000000061e000000| PB 0x000000061e000000| Untracked 
| 110|0x000000061e400000, 0x000000061e400000, 0x000000061e800000|  0%| F|  |TAMS 0x000000061e400000| PB 0x000000061e400000| Untracked 
| 111|0x000000061e800000, 0x000000061e800000, 0x000000061ec00000|  0%| F|  |TAMS 0x000000061e800000| PB 0x000000061e800000| Untracked 
| 112|0x000000061ec00000, 0x000000061ec00000, 0x000000061f000000|  0%| F|  |TAMS 0x000000061ec00000| PB 0x000000061ec00000| Untracked 
| 113|0x000000061f000000, 0x000000061f000000, 0x000000061f400000|  0%| F|  |TAMS 0x000000061f000000| PB 0x000000061f000000| Untracked 
| 114|0x000000061f400000, 0x000000061f400000, 0x000000061f800000|  0%| F|  |TAMS 0x000000061f400000| PB 0x000000061f400000| Untracked 
| 115|0x000000061f800000, 0x000000061f800000, 0x000000061fc00000|  0%| F|  |TAMS 0x000000061f800000| PB 0x000000061f800000| Untracked 
| 116|0x000000061fc00000, 0x000000061fc00000, 0x0000000620000000|  0%| F|  |TAMS 0x000000061fc00000| PB 0x000000061fc00000| Untracked 
| 117|0x0000000620000000, 0x0000000620000000, 0x0000000620400000|  0%| F|  |TAMS 0x0000000620000000| PB 0x0000000620000000| Untracked 
| 118|0x0000000620400000, 0x0000000620400000, 0x0000000620800000|  0%| F|  |TAMS 0x0000000620400000| PB 0x0000000620400000| Untracked 
| 119|0x0000000620800000, 0x0000000620800000, 0x0000000620c00000|  0%| F|  |TAMS 0x0000000620800000| PB 0x0000000620800000| Untracked 
| 120|0x0000000620c00000, 0x0000000620c00000, 0x0000000621000000|  0%| F|  |TAMS 0x0000000620c00000| PB 0x0000000620c00000| Untracked 
| 121|0x0000000621000000, 0x0000000621000000, 0x0000000621400000|  0%| F|  |TAMS 0x0000000621000000| PB 0x0000000621000000| Untracked 
| 122|0x0000000621400000, 0x0000000621400000, 0x0000000621800000|  0%| F|  |TAMS 0x0000000621400000| PB 0x0000000621400000| Untracked 
| 123|0x0000000621800000, 0x0000000621800000, 0x0000000621c00000|  0%| F|  |TAMS 0x0000000621800000| PB 0x0000000621800000| Untracked 
| 124|0x0000000621c00000, 0x0000000621c00000, 0x0000000622000000|  0%| F|  |TAMS 0x0000000621c00000| PB 0x0000000621c00000| Untracked 
| 125|0x0000000622000000, 0x00000006220af568, 0x0000000622400000| 17%| E|  |TAMS 0x0000000622000000| PB 0x0000000622000000| Complete 
| 126|0x0000000622400000, 0x0000000622800000, 0x0000000622800000|100%| E|CS|TAMS 0x0000000622400000| PB 0x0000000622400000| Complete 
| 127|0x0000000622800000, 0x0000000622c00000, 0x0000000622c00000|100%| E|CS|TAMS 0x0000000622800000| PB 0x0000000622800000| Complete 

Card table byte_map: [0x000002a97ac00000,0x000002a97bbf0000] _byte_map_base: 0x000002a977bea000

Marking Bits: (CMBitMap*) 0x000002a97915c060
 Bits: [0x000002a917010000, 0x000002a91ef60000)

Polling page: 0x000002a976ff0000

Metaspace:

Usage:
  Non-class:      2.74 MB used.
      Class:    198.95 KB used.
       Both:      2.93 MB used.

Virtual space:
  Non-class space:       64.00 MB reserved,       2.88 MB (  4%) committed,  1 nodes.
      Class space:        1.00 GB reserved,     256.00 KB ( <1%) committed,  1 nodes.
             Both:        1.06 GB reserved,       3.12 MB ( <1%) committed. 

Chunk freelists:
   Non-Class:  2.66 MB
       Class:  3.64 MB
        Both:  6.30 MB

MaxMetaspaceSize: unlimited
CompressedClassSpaceSize: 1.00 GB
Initial GC threshold: 21.00 MB
Current GC threshold: 21.00 MB
CDS: on
MetaspaceReclaimPolicy: balanced
 - commit_granule_bytes: 65536.
 - commit_granule_words: 8192.
 - virtual_space_node_default_size: 8388608.
 - enlarge_chunks_in_place: 1.
 - new_chunks_are_fully_committed: 0.
 - uncommit_free_chunks: 1.
 - use_allocation_guard: 0.


Internal statistics:

num_allocs_failed_limit: 0.
num_arena_births: 78.
num_arena_deaths: 0.
num_vsnodes_births: 2.
num_vsnodes_deaths: 0.
num_space_committed: 50.
num_space_uncommitted: 0.
num_chunks_returned_to_freelist: 0.
num_chunks_taken_from_freelist: 153.
num_chunk_merges: 0.
num_chunk_splits: 99.
num_chunks_enlarged: 65.
num_inconsistent_stats: 0.

CodeHeap 'non-profiled nmethods': size=119168Kb used=169Kb max_used=169Kb free=118998Kb
 bounds [0x000002a90fbb0000, 0x000002a90fe20000, 0x000002a917010000]
CodeHeap 'profiled nmethods': size=119104Kb used=839Kb max_used=839Kb free=118264Kb
 bounds [0x000002a908010000, 0x000002a908280000, 0x000002a90f460000]
CodeHeap 'non-nmethods': size=7488Kb used=3208Kb max_used=3222Kb free=4279Kb
 bounds [0x000002a90f460000, 0x000002a90f790000, 0x000002a90fbb0000]
 total_blobs=1601 nmethods=587 adapters=923
 compilation: enabled
              stopped_count=0, restarted_count=0
 full_count=0

Compilation events (20 events):
Event: 0.228 Thread 0x000002a960199990 nmethod 577 0x000002a9080da410 code [0x000002a9080da5c0, 0x000002a9080da838]
Event: 0.228 Thread 0x000002a96014d6b0 nmethod 575 0x000002a9080da910 code [0x000002a9080daba0, 0x000002a9080dbb70]
Event: 0.228 Thread 0x000002a960199990  578       3       jdk.internal.jimage.ImageLocation::verify (218 bytes)
Event: 0.229 Thread 0x000002a960075c70  579       3       java.util.jar.JarFile::getVersionedEntry (133 bytes)
Event: 0.229 Thread 0x000002a96014d6b0  580       3       jdk.internal.misc.Unsafe::copyMemory (33 bytes)
Event: 0.229 Thread 0x000002a960199990 nmethod 578 0x000002a9080dc090 code [0x000002a9080dc320, 0x000002a9080dcfa0]
Event: 0.229 Thread 0x000002a960199990  581       3       jdk.internal.misc.Unsafe::copyMemoryChecks (21 bytes)
Event: 0.229 Thread 0x000002a960075c70 nmethod 579 0x000002a9080dd510 code [0x000002a9080dd7c0, 0x000002a9080de550]
Event: 0.229 Thread 0x000002a96014d6b0 nmethod 580 0x000002a9080deb10 code [0x000002a9080dedc0, 0x000002a9080dfac8]
Event: 0.229 Thread 0x000002a960199990 nmethod 581 0x000002a9080e0090 code [0x000002a9080e0320, 0x000002a9080e1030]
Event: 0.258 Thread 0x000002a960199990  583       1       java.lang.NamedPackage::module (5 bytes)
Event: 0.258 Thread 0x000002a960199990 nmethod 583 0x000002a90fbd9990 code [0x000002a90fbd9b00, 0x000002a90fbd9bd0]
Event: 0.258 Thread 0x000002a960199990  585       3       sun.misc.Unsafe::putLong (11 bytes)
Event: 0.258 Thread 0x000002a96014d6b0  586       3       org.lwjgl.system.MemoryUtil::memPutAddress (29 bytes)
Event: 0.258 Thread 0x000002a960199990 nmethod 585 0x000002a9080e1590 code [0x000002a9080e1720, 0x000002a9080e1830]
Event: 0.258 Thread 0x000002a96019aa40  587       4       java.lang.Integer::toUnsignedLong (7 bytes)
Event: 0.258 Thread 0x000002a960073130  588       4       sun.misc.Unsafe::putLong (11 bytes)
Event: 0.258 Thread 0x000002a96014d6b0 nmethod 586 0x000002a9080e1910 code [0x000002a9080e1aa0, 0x000002a9080e1c98]
Event: 0.258 Thread 0x000002a96019aa40 nmethod 587 0x000002a90fbda090 code [0x000002a90fbda200, 0x000002a90fbda268]
Event: 0.259 Thread 0x000002a960073130 nmethod 588 0x000002a90fbda390 code [0x000002a90fbda500, 0x000002a90fbda5a8]

GC Heap History (0 events):
No events

Dll operation events (13 events):
Event: 0.005 Loaded shared library C:\Program Files\Java\bin\java.dll
Event: 0.016 Loaded shared library C:\Program Files\Java\bin\jsvml.dll
Event: 0.043 Loaded shared library C:\Program Files\Java\bin\zip.dll
Event: 0.045 Loaded shared library C:\Program Files\Java\bin\instrument.dll
Event: 0.047 Loaded shared library C:\Program Files\Java\bin\net.dll
Event: 0.048 Loaded shared library C:\Program Files\Java\bin\nio.dll
Event: 0.049 Loaded shared library C:\Program Files\Java\bin\zip.dll
Event: 0.058 Loaded shared library E:\IntelliJ IDEA 2023.2\bin\breakgen64.dll
Event: 0.062 Loaded shared library C:\Program Files\Java\bin\extnet.dll
Event: 0.075 Loaded shared library C:\Program Files\Java\bin\jimage.dll
Event: 0.084 Loaded shared library C:\Users\Jam\AppData\Local\Temp\lwjglJam\3.3.1-build-7\lwjgl.dll
Event: 0.208 Loaded shared library C:\Users\Jam\AppData\Local\Temp\lwjglJam\3.3.1-build-7\lwjgl_stb.dll
Event: 0.228 Loaded shared library C:\Users\Jam\AppData\Local\Temp\lwjglJam\3.3.1-build-7\lwjgl_opengl.dll

Deoptimization events (18 events):
Event: 0.201 Thread 0x000002a9790a93b0 DEOPT PACKING pc=0x000002a90803a3d7 sp=0x000000b3b7afe170
Event: 0.201 Thread 0x000002a9790a93b0 DEOPT UNPACKING pc=0x000002a90f4ca4c2 sp=0x000000b3b7afd590 mode 0
Event: 0.211 Thread 0x000002a9790a93b0 DEOPT PACKING pc=0x000002a908019641 sp=0x000000b3b7afdae0
Event: 0.211 Thread 0x000002a9790a93b0 DEOPT UNPACKING pc=0x000002a90f4ca4c2 sp=0x000000b3b7afcf58 mode 0
Event: 0.221 Thread 0x000002a9790a93b0 DEOPT PACKING pc=0x000002a9080ca77d sp=0x000000b3b7aff1d0
Event: 0.221 Thread 0x000002a9790a93b0 DEOPT UNPACKING pc=0x000002a90f4ca4c2 sp=0x000000b3b7afe758 mode 0
Event: 0.221 Thread 0x000002a9790a93b0 Uncommon trap: trap_request=0xffffff45 fr.pc=0x000002a90fbd8400 relative=0x0000000000000260
Event: 0.221 Thread 0x000002a9790a93b0 Uncommon trap: reason=unstable_if action=reinterpret pc=0x000002a90fbd8400 method=java.nio.Buffer.hasRemaining()Z @ 8 c2
Event: 0.221 Thread 0x000002a9790a93b0 DEOPT PACKING pc=0x000002a90fbd8400 sp=0x000000b3b7aff2b0
Event: 0.221 Thread 0x000002a9790a93b0 DEOPT UNPACKING pc=0x000002a90f4c9d22 sp=0x000000b3b7aff1f8 mode 2
Event: 0.221 Thread 0x000002a9790a93b0 Uncommon trap: trap_request=0xffffff45 fr.pc=0x000002a90fbd7b70 relative=0x0000000000000070
Event: 0.221 Thread 0x000002a9790a93b0 Uncommon trap: reason=unstable_if action=reinterpret pc=0x000002a90fbd7b70 method=java.nio.Buffer.hasRemaining()Z @ 8 c2
Event: 0.221 Thread 0x000002a9790a93b0 DEOPT PACKING pc=0x000002a90fbd7b70 sp=0x000000b3b7afe3f0
Event: 0.221 Thread 0x000002a9790a93b0 DEOPT UNPACKING pc=0x000002a90f4c9d22 sp=0x000000b3b7afe388 mode 2
Event: 0.259 Thread 0x000002a9790a93b0 Uncommon trap: trap_request=0xffffff54 fr.pc=0x000002a90fbda570 relative=0x0000000000000070
Event: 0.259 Thread 0x000002a9790a93b0 Uncommon trap: reason=speculate_null_assert action=make_not_entrant pc=0x000002a90fbda570 method=sun.misc.Unsafe.putLong(Ljava/lang/Object;JJ)V @ 7 c2
Event: 0.259 Thread 0x000002a9790a93b0 DEOPT PACKING pc=0x000002a90fbda570 sp=0x000000b3b7afefc0
Event: 0.259 Thread 0x000002a9790a93b0 DEOPT UNPACKING pc=0x000002a90f4c9d22 sp=0x000000b3b7afef38 mode 2

Classes loaded (20 events):
Event: 0.092 Loading class java/util/function/LongPredicate
Event: 0.092 Loading class java/util/function/LongPredicate done
Event: 0.093 Loading class java/lang/foreign/MemorySegment
Event: 0.093 Loading class java/lang/foreign/MemorySegment done
Event: 0.095 Loading class java/nio/InvalidMarkException
Event: 0.095 Loading class java/nio/InvalidMarkException done
Event: 0.095 Loading class java/nio/BufferUnderflowException
Event: 0.095 Loading class java/nio/BufferUnderflowException done
Event: 0.096 Loading class java/lang/IndexOutOfBoundsException
Event: 0.096 Loading class java/lang/IndexOutOfBoundsException done
Event: 0.202 Loading class java/nio/channels/spi/AbstractInterruptibleChannel$1
Event: 0.202 Loading class sun/nio/ch/Interruptible
Event: 0.202 Loading class sun/nio/ch/Interruptible done
Event: 0.202 Loading class java/nio/channels/spi/AbstractInterruptibleChannel$1 done
Event: 0.207 Loading class jdk/internal/foreign/MemorySessionImpl
Event: 0.207 Loading class java/lang/foreign/SegmentScope
Event: 0.207 Loading class java/lang/foreign/SegmentScope done
Event: 0.207 Loading class java/lang/foreign/SegmentAllocator
Event: 0.207 Loading class java/lang/foreign/SegmentAllocator done
Event: 0.207 Loading class jdk/internal/foreign/MemorySessionImpl done

Classes unloaded (0 events):
No events

Classes redefined (0 events):
No events

Internal exceptions (20 events):
Event: 0.083 Thread 0x000002a9790a93b0 Exception <a 'sun/nio/fs/WindowsException'{0x000000062266d920}> (0x000000062266d920) 
thrown [s\open\src\hotspot\share\prims\jni.cpp, line 519]
Event: 0.083 Thread 0x000002a9790a93b0 Exception <a 'sun/nio/fs/WindowsException'{0x000000062266de30}> (0x000000062266de30) 
thrown [s\open\src\hotspot\share\prims\jni.cpp, line 519]
Event: 0.088 Thread 0x000002a9790a93b0 Exception <a 'sun/nio/fs/WindowsException'{0x00000006226819a8}> (0x00000006226819a8) 
thrown [s\open\src\hotspot\share\prims\jni.cpp, line 519]
Event: 0.088 Thread 0x000002a9790a93b0 Exception <a 'sun/nio/fs/WindowsException'{0x0000000622681cf8}> (0x0000000622681cf8) 
thrown [s\open\src\hotspot\share\prims\jni.cpp, line 519]
Event: 0.093 Thread 0x000002a9790a93b0 Exception <a 'java/lang/NoSuchMethodError'{0x00000006226cc3a0}: 'int java.lang.invoke.DirectMethodHandle$Holder.invokeStaticInit(java.lang.Object, java.lang.Object, int, long)'> (0x00000006226cc3a0) 
thrown [s\open\src\hotspot\share\interpreter\linkResolver.cpp, line 773]
Event: 0.093 Thread 0x000002a9790a93b0 Exception <a 'java/lang/NoSuchMethodError'{0x00000006226d19d8}: 'java.lang.Object java.lang.invoke.DirectMethodHandle$Holder.newInvokeSpecial(java.lang.Object, java.lang.Object, int)'> (0x00000006226d19d8) 
thrown [s\open\src\hotspot\share\interpreter\linkResolver.cpp, line 773]
Event: 0.094 Thread 0x000002a9790a93b0 Exception <a 'java/lang/NoSuchMethodError'{0x00000006226dfce8}: 'int java.lang.invoke.DirectMethodHandle$Holder.invokeStaticInit(java.lang.Object, java.lang.Object, long, long)'> (0x00000006226dfce8) 
thrown [s\open\src\hotspot\share\interpreter\linkResolver.cpp, line 773]
Event: 0.094 Thread 0x000002a9790a93b0 Exception <a 'java/lang/NoSuchMethodError'{0x00000006226e5b30}: 'java.lang.Object java.lang.invoke.DirectMethodHandle$Holder.newInvokeSpecial(java.lang.Object, java.lang.Object, long)'> (0x00000006226e5b30) 
thrown [s\open\src\hotspot\share\interpreter\linkResolver.cpp, line 773]
Event: 0.094 Thread 0x000002a9790a93b0 Exception <a 'java/lang/NoSuchMethodError'{0x00000006226e98e8}: 'java.lang.Object java.lang.invoke.Invokers$Holder.linkToTargetMethod(java.lang.Object, long, java.lang.Object)'> (0x00000006226e98e8) 
thrown [s\open\src\hotspot\share\interpreter\linkResolver.cpp, line 773]
Event: 0.095 Thread 0x000002a9790a93b0 Exception <a 'java/lang/NoSuchMethodError'{0x00000006226f0920}: 'int java.lang.invoke.DirectMethodHandle$Holder.invokeStaticInit(java.lang.Object, java.lang.Object, java.lang.Object, long)'> (0x00000006226f0920) 
thrown [s\open\src\hotspot\share\interpreter\linkResolver.cpp, line 773]
Event: 0.203 Thread 0x000002a9790a93b0 Exception <a 'java/lang/NoSuchMethodError'{0x000000062277bb68}: 'void java.lang.System.load(java.lang.String, java.lang.Class)'> (0x000000062277bb68) 
thrown [s\open\src\hotspot\share\interpreter\linkResolver.cpp, line 773]
Event: 0.203 Thread 0x000002a9790a93b0 Exception <a 'java/lang/NoSuchMethodError'{0x000000062277e958}: 'void java.lang.System.loadLibrary(java.lang.String, java.lang.Class)'> (0x000000062277e958) 
thrown [s\open\src\hotspot\share\interpreter\linkResolver.cpp, line 773]
Event: 0.207 Thread 0x000002a9790a93b0 Exception <a 'sun/nio/fs/WindowsException'{0x000000062278e4d0}> (0x000000062278e4d0) 
thrown [s\open\src\hotspot\share\prims\jni.cpp, line 519]
Event: 0.207 Thread 0x000002a9790a93b0 Exception <a 'sun/nio/fs/WindowsException'{0x000000062278e830}> (0x000000062278e830) 
thrown [s\open\src\hotspot\share\prims\jni.cpp, line 519]
Event: 0.224 Thread 0x000002a9790a93b0 Exception <a 'java/lang/NoSuchMethodError'{0x000000062203dd70}: 'void java.lang.System.load(java.lang.String, java.lang.Class)'> (0x000000062203dd70) 
thrown [s\open\src\hotspot\share\interpreter\linkResolver.cpp, line 773]
Event: 0.225 Thread 0x000002a9790a93b0 Exception <a 'java/lang/NoSuchMethodError'{0x0000000622040b58}: 'void java.lang.System.loadLibrary(java.lang.String, java.lang.Class)'> (0x0000000622040b58) 
thrown [s\open\src\hotspot\share\interpreter\linkResolver.cpp, line 773]
Event: 0.227 Thread 0x000002a9790a93b0 Exception <a 'sun/nio/fs/WindowsException'{0x0000000622050538}> (0x0000000622050538) 
thrown [s\open\src\hotspot\share\prims\jni.cpp, line 519]
Event: 0.227 Thread 0x000002a9790a93b0 Exception <a 'sun/nio/fs/WindowsException'{0x00000006220508c8}> (0x00000006220508c8) 
thrown [s\open\src\hotspot\share\prims\jni.cpp, line 519]
Event: 0.229 Thread 0x000002a9790a93b0 Exception <a 'sun/nio/fs/WindowsException'{0x00000006220562c0}> (0x00000006220562c0) 
thrown [s\open\src\hotspot\share\prims\jni.cpp, line 519]
Event: 0.229 Thread 0x000002a9790a93b0 Exception <a 'sun/nio/fs/WindowsException'{0x0000000622056588}> (0x0000000622056588) 
thrown [s\open\src\hotspot\share\prims\jni.cpp, line 519]

VM Operations (2 events):
Event: 0.060 Executing VM operation: HandshakeAllThreads
Event: 0.060 Executing VM operation: HandshakeAllThreads done

Events (15 events):
Event: 0.016 Thread 0x000002a9790a93b0 Thread added: 0x000002a9790a93b0
Event: 0.023 Thread 0x000002a960066950 Thread added: 0x000002a960066950
Event: 0.023 Thread 0x000002a960068900 Thread added: 0x000002a960068900
Event: 0.024 Thread 0x000002a960069c00 Thread added: 0x000002a960069c00
Event: 0.024 Thread 0x000002a96006b750 Thread added: 0x000002a96006b750
Event: 0.024 Thread 0x000002a96006e340 Thread added: 0x000002a96006e340
Event: 0.024 Thread 0x000002a96006ee20 Thread added: 0x000002a96006ee20
Event: 0.024 Thread 0x000002a960073130 Thread added: 0x000002a960073130
Event: 0.024 Thread 0x000002a960075c70 Thread added: 0x000002a960075c70
Event: 0.034 Thread 0x000002a97efec2d0 Thread added: 0x000002a97efec2d0
Event: 0.037 Thread 0x000002a96014d6b0 Thread added: 0x000002a96014d6b0
Event: 0.038 Thread 0x000002a960199990 Thread added: 0x000002a960199990
Event: 0.059 Thread 0x000002a96031f570 Thread added: 0x000002a96031f570
Event: 0.059 Thread 0x000002a960364120 Thread added: 0x000002a960364120
Event: 0.214 Thread 0x000002a96019aa40 Thread added: 0x000002a96019aa40


Dynamic libraries:
0x00007ff6dffd0000 - 0x00007ff6dffe0000 	C:\Program Files\Java\bin\java.exe
0x00007ff8759f0000 - 0x00007ff875c04000 	C:\Windows\SYSTEM32\ntdll.dll
0x00007ff873d20000 - 0x00007ff873de4000 	C:\Windows\System32\KERNEL32.DLL
0x00007ff872f70000 - 0x00007ff873314000 	C:\Windows\System32\KERNELBASE.dll
0x00007ff872dd0000 - 0x00007ff872ee1000 	C:\Windows\System32\ucrtbase.dll
0x00007ff85af50000 - 0x00007ff85af69000 	C:\Program Files\Java\bin\jli.dll
0x00007ff875250000 - 0x00007ff875300000 	C:\Windows\System32\ADVAPI32.dll
0x00007ff875300000 - 0x00007ff8753a7000 	C:\Windows\System32\msvcrt.dll
0x00007ff873780000 - 0x00007ff873826000 	C:\Windows\System32\sechost.dll
0x00007ff874d80000 - 0x00007ff874e97000 	C:\Windows\System32\RPCRT4.dll
0x00007ff85ae10000 - 0x00007ff85ae2b000 	C:\Program Files\Java\bin\VCRUNTIME140.dll
0x00007ff873940000 - 0x00007ff873aee000 	C:\Windows\System32\USER32.dll
0x00007ff872da0000 - 0x00007ff872dc6000 	C:\Windows\System32\win32u.dll
0x00007ff873ef0000 - 0x00007ff873f19000 	C:\Windows\System32\GDI32.dll
0x00007ff8631f0000 - 0x00007ff863483000 	C:\Windows\WinSxS\amd64_microsoft.windows.common-controls_6595b64144ccf1df_6.0.22621.2215_none_270d72677387dfc3\COMCTL32.dll
0x00007ff873550000 - 0x00007ff873668000 	C:\Windows\System32\gdi32full.dll
0x00007ff873670000 - 0x00007ff87370a000 	C:\Windows\System32\msvcp_win.dll
0x00007ff869020000 - 0x00007ff86902a000 	C:\Windows\SYSTEM32\VERSION.dll
0x00007ff873df0000 - 0x00007ff873e21000 	C:\Windows\System32\IMM32.DLL
0x00007ff85a8e0000 - 0x00007ff85a8ec000 	C:\Program Files\Java\bin\vcruntime140_1.dll
0x00007ff82f950000 - 0x00007ff82f9de000 	C:\Program Files\Java\bin\msvcp140.dll
0x00007ff82e740000 - 0x00007ff82f3d8000 	C:\Program Files\Java\bin\server\jvm.dll
0x00007ff867450000 - 0x00007ff867484000 	C:\Windows\SYSTEM32\WINMM.dll
0x00007ff86e150000 - 0x00007ff86e159000 	C:\Windows\SYSTEM32\WSOCK32.dll
0x00007ff8738c0000 - 0x00007ff873931000 	C:\Windows\System32\WS2_32.dll
0x00007ff871e10000 - 0x00007ff871e28000 	C:\Windows\SYSTEM32\kernel.appcore.dll
0x00007ff85a8d0000 - 0x00007ff85a8da000 	C:\Program Files\Java\bin\jimage.dll
0x00007ff863b20000 - 0x00007ff863d4e000 	C:\Windows\SYSTEM32\DBGHELP.DLL
0x00007ff873f30000 - 0x00007ff8742ba000 	C:\Windows\System32\combase.dll
0x00007ff8753b0000 - 0x00007ff875487000 	C:\Windows\System32\OLEAUT32.dll
0x00007ff865500000 - 0x00007ff865532000 	C:\Windows\SYSTEM32\dbgcore.DLL
0x00007ff872ef0000 - 0x00007ff872f6a000 	C:\Windows\System32\bcryptPrimitives.dll
0x00007ff85af30000 - 0x00007ff85af3e000 	C:\Program Files\Java\bin\instrument.dll
0x00007ff850370000 - 0x00007ff850396000 	C:\Program Files\Java\bin\java.dll
0x00007ff82e660000 - 0x00007ff82e737000 	C:\Program Files\Java\bin\jsvml.dll
0x00007ff8742c0000 - 0x00007ff874ae3000 	C:\Windows\System32\SHELL32.dll
0x00007ff870cf0000 - 0x00007ff8715da000 	C:\Windows\SYSTEM32\windows.storage.dll
0x00007ff870bb0000 - 0x00007ff870cee000 	C:\Windows\SYSTEM32\wintypes.dll
0x00007ff875150000 - 0x00007ff875243000 	C:\Windows\System32\SHCORE.dll
0x00007ff874fa0000 - 0x00007ff874ffe000 	C:\Windows\System32\shlwapi.dll
0x00007ff872cd0000 - 0x00007ff872cf6000 	C:\Windows\SYSTEM32\profapi.dll
0x00007ff84cc30000 - 0x00007ff84cc48000 	C:\Program Files\Java\bin\zip.dll
0x00007ff8535c0000 - 0x00007ff8535d3000 	C:\Program Files\Java\bin\net.dll
0x00007ff86b9e0000 - 0x00007ff86bb17000 	C:\Windows\SYSTEM32\WINHTTP.dll
0x00007ff872310000 - 0x00007ff872379000 	C:\Windows\system32\mswsock.dll
0x00007ff850350000 - 0x00007ff850366000 	C:\Program Files\Java\bin\nio.dll
0x00007ff85af10000 - 0x00007ff85af2a000 	E:\IntelliJ IDEA 2023.2\bin\breakgen64.dll
0x00007ff859c60000 - 0x00007ff859c67000 	C:\Program Files\Java\bin\extnet.dll
0x00007ff85ae40000 - 0x00007ff85aeb5000 	C:\Users\Jam\AppData\Local\Temp\lwjglJam\3.3.1-build-7\lwjgl.dll
0x00007ff85a820000 - 0x00007ff85a881000 	C:\Users\Jam\AppData\Local\Temp\lwjglJam\3.3.1-build-7\glfw.dll
0x00007ff85a7d0000 - 0x00007ff85a816000 	C:\Windows\SYSTEM32\dinput8.dll
0x00007ff823db0000 - 0x00007ff823dc1000 	C:\Windows\SYSTEM32\xinput1_4.dll
0x00007ff872a90000 - 0x00007ff872ade000 	C:\Windows\SYSTEM32\cfgmgr32.dll
0x00007ff872a60000 - 0x00007ff872a8c000 	C:\Windows\SYSTEM32\DEVOBJ.dll
0x00007ff8704b0000 - 0x00007ff8704db000 	C:\Windows\SYSTEM32\dwmapi.dll
0x00007ff861710000 - 0x00007ff86191a000 	C:\Windows\SYSTEM32\inputhost.dll
0x00007ff86fd60000 - 0x00007ff86fe93000 	C:\Windows\SYSTEM32\CoreMessaging.dll
0x00007ff870270000 - 0x00007ff87031b000 	C:\Windows\system32\uxtheme.dll
0x00007ff872610000 - 0x00007ff87261c000 	C:\Windows\SYSTEM32\CRYPTBASE.DLL
0x00007ff82b4d0000 - 0x00007ff82b608000 	C:\ProgramData\A-Volute\A-Volute.28054DF1F58B4\Modules\ScheduledModules\x64\AudioDevProps2.dll
0x00007ff874af0000 - 0x00007ff874c8e000 	C:\Windows\System32\ole32.dll
0x00007ff83d430000 - 0x00007ff83d4de000 	C:\ProgramData\A-Volute\A-Volute.28054DF1F58B4\Modules\ScheduledModules\x64\NahimicOSD.dll
0x00007ff83d680000 - 0x00007ff83d6a0000 	C:\ProgramData\A-Volute\A-Volute.28054DF1F58B4\Modules\ScheduledModules\x64\ProductInfo.dll
0x00007ff83d540000 - 0x00007ff83d678000 	C:\ProgramData\A-Volute\A-Volute.SonicStudio3\Modules\ScheduledModules\x64\AudioDevProps2.dll
0x00007ff875000000 - 0x00007ff875149000 	C:\Windows\System32\MSCTF.dll
0x00007ff85a1f0000 - 0x00007ff85a271000 	C:\Users\Jam\AppData\Local\Temp\lwjglJam\3.3.1-build-7\lwjgl_stb.dll
0x00007ff85a190000 - 0x00007ff85a1ed000 	C:\Users\Jam\AppData\Local\Temp\lwjglJam\3.3.1-build-7\lwjgl_opengl.dll
0x00007ff834af0000 - 0x00007ff834bf0000 	C:\Windows\SYSTEM32\opengl32.dll
0x00007ff8503a0000 - 0x00007ff8503cd000 	C:\Windows\SYSTEM32\GLU32.dll
0x00007ff870520000 - 0x00007ff870558000 	C:\Windows\SYSTEM32\dxcore.dll

dbghelp: loaded successfully - version: 4.0.5 - missing functions: none
symbol engine: initialized successfully - sym options: 0x614 - pdb path: .;C:\Program Files\Java\bin;C:\Windows\SYSTEM32;C:\Windows\WinSxS\amd64_microsoft.windows.common-controls_6595b64144ccf1df_6.0.22621.2215_none_270d72677387dfc3;C:\Program Files\Java\bin\server;E:\IntelliJ IDEA 2023.2\bin;C:\Users\Jam\AppData\Local\Temp\lwjglJam\3.3.1-build-7;C:\ProgramData\A-Volute\A-Volute.28054DF1F58B4\Modules\ScheduledModules\x64;C:\ProgramData\A-Volute\A-Volute.SonicStudio3\Modules\ScheduledModules\x64

VM Arguments:
jvm_args: -javaagent:E:\IntelliJ IDEA 2023.2\lib\idea_rt.jar=49602:E:\IntelliJ IDEA 2023.2\bin -Dfile.encoding=UTF-8 -Dsun.stdout.encoding=UTF-8 -Dsun.stderr.encoding=UTF-8 
java_command: ShadowDance
java_class_path (initial): G:\SWEN_project1\hongjianz1-project-1\target\classes;C:\Users\Jam\.m2\repository\org\lwjgl\lwjgl\3.3.1\lwjgl-3.3.1.jar;C:\Users\Jam\.m2\repository\org\lwjgl\lwjgl-assimp\3.3.1\lwjgl-assimp-3.3.1.jar;C:\Users\Jam\.m2\repository\org\lwjgl\lwjgl-glfw\3.3.1\lwjgl-glfw-3.3.1.jar;C:\Users\Jam\.m2\repository\org\lwjgl\lwjgl-openal\3.3.1\lwjgl-openal-3.3.1.jar;C:\Users\Jam\.m2\repository\org\lwjgl\lwjgl-opengl\3.3.1\lwjgl-opengl-3.3.1.jar;C:\Users\Jam\.m2\repository\org\lwjgl\lwjgl-stb\3.3.1\lwjgl-stb-3.3.1.jar;C:\Users\Jam\.m2\repository\org\lwjgl\lwjgl\3.3.1\lwjgl-3.3.1-natives-windows.jar;C:\Users\Jam\.m2\repository\org\lwjgl\lwjgl-assimp\3.3.1\lwjgl-assimp-3.3.1-natives-windows.jar;C:\Users\Jam\.m2\repository\org\lwjgl\lwjgl-glfw\3.3.1\lwjgl-glfw-3.3.1-natives-windows.jar;C:\Users\Jam\.m2\repository\org\lwjgl\lwjgl-openal\3.3.1\lwjgl-openal-3.3.1-natives-windows.jar;C:\Users\Jam\.m2\repository\org\lwjgl\lwjgl-opengl\3.3.1\lwjgl-opengl-3.3.1-natives-windows.jar;C:\Users\Jam\.m2\repository\org\lwjgl\lwjgl-stb\3.3.1\lwjgl-stb-3.3.1-natives-windows.jar;C:\Users\Jam\.m2\repository\io\github\eleanor-em\bagel\1.9.3\bagel-1.9.3.jar
Launcher Type: SUN_STANDARD

[Global flags]
     intx CICompilerCount                          = 12                                        {product} {ergonomic}
     uint ConcGCThreads                            = 4                                         {product} {ergonomic}
     uint G1ConcRefinementThreads                  = 15                                        {product} {ergonomic}
   size_t G1HeapRegionSize                         = 4194304                                   {product} {ergonomic}
    uintx GCDrainStackTargetSize                   = 64                                        {product} {ergonomic}
   size_t InitialHeapSize                          = 536870912                                 {product} {ergonomic}
   size_t MarkStackSize                            = 4194304                                   {product} {ergonomic}
   size_t MaxHeapSize                              = 8543797248                                {product} {ergonomic}
   size_t MaxNewSize                               = 5125439488                                {product} {ergonomic}
   size_t MinHeapDeltaBytes                        = 4194304                                   {product} {ergonomic}
   size_t MinHeapSize                              = 8388608                                   {product} {ergonomic}
    uintx NonNMethodCodeHeapSize                   = 7602480                                {pd product} {ergonomic}
    uintx NonProfiledCodeHeapSize                  = 122027880                              {pd product} {ergonomic}
    uintx ProfiledCodeHeapSize                     = 122027880                              {pd product} {ergonomic}
    uintx ReservedCodeCacheSize                    = 251658240                              {pd product} {ergonomic}
     bool SegmentedCodeCache                       = true                                      {product} {ergonomic}
   size_t SoftMaxHeapSize                          = 8543797248                             {manageable} {ergonomic}
     bool UseCompressedClassPointers               = true                           {product lp64_product} {ergonomic}
     bool UseCompressedOops                        = true                           {product lp64_product} {ergonomic}
     bool UseG1GC                                  = true                                      {product} {ergonomic}
     bool UseLargePagesIndividualAllocation        = false                                  {pd product} {ergonomic}

Logging:
Log output configuration:
 #0: stdout all=warning uptime,level,tags foldmultilines=false
 #1: stderr all=off uptime,level,tags foldmultilines=false

Environment Variables:
PATH=C:\Program Files\Common Files\Oracle\Java\javapath;C:\Windows\system32;C:\Windows;C:\Windows\System32\Wbem;C:\Windows\System32\WindowsPowerShell\v1.0\;C:\Windows\System32\OpenSSH\;C:\Program Files\NVIDIA Corporation\NVIDIA NvDLISR;C:\Program Files (x86)\NVIDIA Corporation\PhysX\Common;E:\Git\cmd;C:\Users\Jam\AppData\Local\Microsoft\WindowsApps;;E:\Microsoft VS Code\bin;E:\IntelliJ IDEA 2023.2\bin;
USERNAME=Jam
OS=Windows_NT
PROCESSOR_IDENTIFIER=Intel64 Family 6 Model 151 Stepping 2, GenuineIntel
TMP=C:\Users\Jam\AppData\Local\Temp
TEMP=C:\Users\Jam\AppData\Local\Temp




---------------  S Y S T E M  ---------------

OS:
 Windows 11 , 64 bit Build 22621 (10.0.22621.2215)
OS uptime: 0 days 18:07 hours
Hyper-V role detected

CPU: total 20 (initial active 20) (10 cores per cpu, 2 threads per core) family 6 model 151 stepping 2 microcode 0x26, cx8, cmov, fxsr, ht, mmx, 3dnowpref, sse, sse2, sse3, ssse3, sse4.1, sse4.2, popcnt, lzcnt, tsc, tscinvbit, avx, avx2, aes, erms, clmul, bmi1, bmi2, adx, sha, fma, vzeroupper, clflush, clflushopt, clwb, hv, serialize, rdtscp, rdpid, fsrm, f16c, cet_ibt, cet_ss

Memory: 4k page, system-wide physical 32581M (16655M free)
TotalPageFile size 52037M (AvailPageFile size 19815M)
current process WorkingSet (physical memory assigned to process): 60M, peak: 60M
current process commit charge ("private bytes"): 628M, peak: 629M

vm_info: Java HotSpot(TM) 64-Bit Server VM (20.0.2+9-78) for windows-amd64 JRE (20.0.2+9-78), built on 2023-06-14T10:08:48Z by "mach5one" with MS VC++ 17.1 (VS2022)

END.
